This file contains any messages produced by compilers while
running configure, to aid debugging if configure makes a mistake.

It was created by configure, which was
generated by GNU Autoconf 2.71.  Invocation command line was

  $ ./configure

## --------- ##
## Platform. ##
## --------- ##

hostname = ubuntu
uname -m = x86_64
uname -r = 5.4.0-150-generic
uname -s = Linux
uname -v = #167~18.04.1-Ubuntu SMP Wed May 24 00:51:42 UTC 2023

/usr/bin/uname -p = unknown
/bin/uname -X     = unknown

/bin/arch              = unknown
/usr/bin/arch -k       = unknown
/usr/convex/getsysinfo = unknown
/usr/bin/hostinfo      = unknown
/bin/machine           = unknown
/usr/bin/oslevel       = unknown
/bin/universe          = unknown

PATH: /usr/local/bin/
PATH: /home/c2rust/.cargo/bin/
PATH: /home/c2rust/.vscode-server/cli/servers/Stable-384ff7382de624fb94dbaf6da11977bba1ecd427/server/bin/remote-cli/
PATH: /home/c2rust/.local/bin/
PATH: /usr/local/bin/
PATH: /home/c2rust/.cargo/bin/
PATH: /home/c2rust/.local/bin/
PATH: /usr/local/sbin/
PATH: /usr/local/bin/
PATH: /usr/sbin/
PATH: /usr/bin/
PATH: /sbin/
PATH: /bin/
PATH: /usr/games/
PATH: /usr/local/games/
PATH: /snap/bin/


## ----------- ##
## Core tests. ##
## ----------- ##

configure:2808: looking for aux files: config.guess config.sub install-sh
configure:2821:  trying ./
configure:2850:   ./config.guess found
configure:2850:   ./config.sub found
configure:2832:   ./install-sh found
configure:3027: checking for gcc
configure:3048: found /usr/bin/gcc
configure:3059: result: gcc
configure:3412: checking for C compiler version
configure:3421: gcc --version >&5
gcc (Ubuntu 7.5.0-3ubuntu1~18.04) 7.5.0
Copyright (C) 2017 Free Software Foundation, Inc.
This is free software; see the source for copying conditions.  There is NO
warranty; not even for MERCHANTABILITY or FITNESS FOR A PARTICULAR PURPOSE.

configure:3432: $? = 0
configure:3421: gcc -v >&5
Using built-in specs.
COLLECT_GCC=gcc
COLLECT_LTO_WRAPPER=/usr/lib/gcc/x86_64-linux-gnu/7/lto-wrapper
OFFLOAD_TARGET_NAMES=nvptx-none
OFFLOAD_TARGET_DEFAULT=1
Target: x86_64-linux-gnu
Configured with: ../src/configure -v --with-pkgversion='Ubuntu 7.5.0-3ubuntu1~18.04' --with-bugurl=file:///usr/share/doc/gcc-7/README.Bugs --enable-languages=c,ada,c++,go,brig,d,fortran,objc,obj-c++ --prefix=/usr --with-gcc-major-version-only --program-suffix=-7 --program-prefix=x86_64-linux-gnu- --enable-shared --enable-linker-build-id --libexecdir=/usr/lib --without-included-gettext --enable-threads=posix --libdir=/usr/lib --enable-nls --enable-bootstrap --enable-clocale=gnu --enable-libstdcxx-debug --enable-libstdcxx-time=yes --with-default-libstdcxx-abi=new --enable-gnu-unique-object --disable-vtable-verify --enable-libmpx --enable-plugin --enable-default-pie --with-system-zlib --with-target-system-zlib --enable-objc-gc=auto --enable-multiarch --disable-werror --with-arch-32=i686 --with-abi=m64 --with-multilib-list=m32,m64,mx32 --enable-multilib --with-tune=generic --enable-offload-targets=nvptx-none --without-cuda-driver --enable-checking=release --build=x86_64-linux-gnu --host=x86_64-linux-gnu --target=x86_64-linux-gnu
Thread model: posix
gcc version 7.5.0 (Ubuntu 7.5.0-3ubuntu1~18.04) 
configure:3432: $? = 0
configure:3421: gcc -V >&5
gcc: error: unrecognized command line option '-V'
gcc: fatal error: no input files
compilation terminated.
configure:3432: $? = 1
configure:3421: gcc -qversion >&5
gcc: error: unrecognized command line option '-qversion'; did you mean '--version'?
gcc: fatal error: no input files
compilation terminated.
configure:3432: $? = 1
configure:3421: gcc -version >&5
gcc: error: unrecognized command line option '-version'
gcc: fatal error: no input files
compilation terminated.
configure:3432: $? = 1
configure:3452: checking whether the C compiler works
configure:3474: gcc    conftest.c  >&5
configure:3478: $? = 0
configure:3528: result: yes
configure:3531: checking for C compiler default output file name
configure:3533: result: a.out
configure:3539: checking for suffix of executables
configure:3546: gcc -o conftest    conftest.c  >&5
configure:3550: $? = 0
configure:3573: result: 
configure:3595: checking whether we are cross compiling
configure:3603: gcc -o conftest    conftest.c  >&5
configure:3607: $? = 0
configure:3614: ./conftest
configure:3618: $? = 0
configure:3633: result: no
configure:3638: checking for suffix of object files
configure:3661: gcc -c   conftest.c >&5
configure:3665: $? = 0
configure:3687: result: o
configure:3691: checking whether the compiler supports GNU C
configure:3711: gcc -c   conftest.c >&5
configure:3711: $? = 0
configure:3721: result: yes
configure:3732: checking whether gcc accepts -g
configure:3753: gcc -c -g  conftest.c >&5
configure:3753: $? = 0
configure:3797: result: yes
configure:3817: checking for gcc option to enable C11 features
configure:3832: gcc  -c -g -O2  conftest.c >&5
configure:3832: $? = 0
configure:3850: result: none needed
configure:3976: checking for a BSD-compatible install
configure:4049: result: /usr/bin/install -c
configure:4060: checking whether ln -s works
configure:4064: result: yes
configure:4074: checking for install-info
configure:4097: found /usr/bin/install-info
configure:4110: result: /usr/bin/install-info
configure:4125: checking build system type
configure:4140: result: x86_64-pc-linux-gnu
configure:4160: checking host system type
configure:4174: result: x86_64-pc-linux-gnu
configure:4194: checking target system type
configure:4208: result: x86_64-pc-linux-gnu
configure:4236: checking for an ANSI C-conforming const
configure:4303: gcc -c -g -O2  conftest.c >&5
configure:4303: $? = 0
configure:4311: result: yes
configure:4319: checking for inline
configure:4336: gcc -c -g -O2  conftest.c >&5
configure:4336: $? = 0
configure:4345: result: inline
configure:4441: checking for getpwnam in -lsun
configure:4464: gcc -o conftest -g -O2   conftest.c -lsun   >&5
/usr/bin/ld: cannot find -lsun
collect2: error: ld returned 1 exit status
configure:4464: $? = 1
configure: failed program was:
| /* confdefs.h */
| #define PACKAGE_NAME ""
| #define PACKAGE_TARNAME ""
| #define PACKAGE_VERSION ""
| #define PACKAGE_STRING ""
| #define PACKAGE_BUGREPORT ""
| #define PACKAGE_URL ""
| #define USE_XDF 1
| #define USE_RAWTERM 1
| /* end confdefs.h.  */
| 
| /* Override any GCC internal prototype to avoid an error.
|    Use char because int might match the return type of a GCC
|    builtin and then its argument prototype would still apply.  */
| char getpwnam ();
| int
| main (void)
| {
| return getpwnam ();
|   ;
|   return 0;
| }
configure:4474: result: no
configure:4542: checking for iconv in -liconv
configure:4565: gcc -o conftest -g -O2   conftest.c -liconv   >&5
/usr/bin/ld: cannot find -liconv
collect2: error: ld returned 1 exit status
configure:4565: $? = 1
configure: failed program was:
| /* confdefs.h */
| #define PACKAGE_NAME ""
| #define PACKAGE_TARNAME ""
| #define PACKAGE_VERSION ""
| #define PACKAGE_STRING ""
| #define PACKAGE_BUGREPORT ""
| #define PACKAGE_URL ""
| #define USE_XDF 1
| #define USE_RAWTERM 1
| /* end confdefs.h.  */
| 
| /* Override any GCC internal prototype to avoid an error.
|    Use char because int might match the return type of a GCC
|    builtin and then its argument prototype would still apply.  */
| char iconv ();
| int
| main (void)
| {
| return iconv ();
|   ;
|   return 0;
| }
configure:4575: result: no
configure:4587: checking for sys/wait.h that is POSIX.1 compatible
configure:4614: gcc -c -g -O2  conftest.c >&5
configure:4614: $? = 0
configure:4622: result: yes
configure:4634: checking for stdio.h
configure:4634: gcc -c -g -O2  conftest.c >&5
configure:4634: $? = 0
configure:4634: result: yes
configure:4634: checking for stdlib.h
configure:4634: gcc -c -g -O2  conftest.c >&5
configure:4634: $? = 0
configure:4634: result: yes
configure:4634: checking for string.h
configure:4634: gcc -c -g -O2  conftest.c >&5
configure:4634: $? = 0
configure:4634: result: yes
configure:4634: checking for inttypes.h
configure:4634: gcc -c -g -O2  conftest.c >&5
configure:4634: $? = 0
configure:4634: result: yes
configure:4634: checking for stdint.h
configure:4634: gcc -c -g -O2  conftest.c >&5
configure:4634: $? = 0
configure:4634: result: yes
configure:4634: checking for strings.h
configure:4634: gcc -c -g -O2  conftest.c >&5
configure:4634: $? = 0
configure:4634: result: yes
configure:4634: checking for sys/stat.h
configure:4634: gcc -c -g -O2  conftest.c >&5
configure:4634: $? = 0
configure:4634: result: yes
configure:4634: checking for sys/types.h
configure:4634: gcc -c -g -O2  conftest.c >&5
configure:4634: $? = 0
configure:4634: result: yes
configure:4634: checking for unistd.h
configure:4634: gcc -c -g -O2  conftest.c >&5
configure:4634: $? = 0
configure:4634: result: yes
configure:4659: checking for _Bool
configure:4659: gcc -c -g -O2  conftest.c >&5
configure:4659: $? = 0
configure:4659: gcc -c -g -O2  conftest.c >&5
conftest.c: In function 'main':
conftest.c:53:20: error: expected expression before ')' token
 if (sizeof ((_Bool)))
                    ^
configure:4659: $? = 1
configure: failed program was:
| /* confdefs.h */
| #define PACKAGE_NAME ""
| #define PACKAGE_TARNAME ""
| #define PACKAGE_VERSION ""
| #define PACKAGE_STRING ""
| #define PACKAGE_BUGREPORT ""
| #define PACKAGE_URL ""
| #define USE_XDF 1
| #define USE_RAWTERM 1
| #define HAVE_SYS_WAIT_H 1
| #define HAVE_STDIO_H 1
| #define HAVE_STDLIB_H 1
| #define HAVE_STRING_H 1
| #define HAVE_INTTYPES_H 1
| #define HAVE_STDINT_H 1
| #define HAVE_STRINGS_H 1
| #define HAVE_SYS_STAT_H 1
| #define HAVE_SYS_TYPES_H 1
| #define HAVE_UNISTD_H 1
| #define STDC_HEADERS 1
| /* end confdefs.h.  */
| #include <stddef.h>
| #ifdef HAVE_STDIO_H
| # include <stdio.h>
| #endif
| #ifdef HAVE_STDLIB_H
| # include <stdlib.h>
| #endif
| #ifdef HAVE_STRING_H
| # include <string.h>
| #endif
| #ifdef HAVE_INTTYPES_H
| # include <inttypes.h>
| #endif
| #ifdef HAVE_STDINT_H
| # include <stdint.h>
| #endif
| #ifdef HAVE_STRINGS_H
| # include <strings.h>
| #endif
| #ifdef HAVE_SYS_TYPES_H
| # include <sys/types.h>
| #endif
| #ifdef HAVE_SYS_STAT_H
| # include <sys/stat.h>
| #endif
| #ifdef HAVE_UNISTD_H
| # include <unistd.h>
| #endif
| int
| main (void)
| {
| if (sizeof ((_Bool)))
| 	    return 0;
|   ;
|   return 0;
| }
configure:4659: result: yes
configure:4668: checking for stdbool.h that conforms to C99
configure:4784: gcc -c -g -O2  conftest.c >&5
configure:4784: $? = 0
configure:4792: result: yes
configure:4801: checking for getopt.h
configure:4801: gcc -c -g -O2  conftest.c >&5
configure:4801: $? = 0
configure:4801: result: yes
configure:4807: checking for stdarg.h
configure:4807: gcc -c -g -O2  conftest.c >&5
configure:4807: $? = 0
configure:4807: result: yes
configure:4813: checking for inttypes.h
configure:4813: result: yes
configure:4819: checking for libc.h
configure:4819: gcc -c -g -O2  conftest.c >&5
conftest.c:55:10: fatal error: libc.h: No such file or directory
 #include <libc.h>
          ^~~~~~~~
compilation terminated.
configure:4819: $? = 1
configure: failed program was:
| /* confdefs.h */
| #define PACKAGE_NAME ""
| #define PACKAGE_TARNAME ""
| #define PACKAGE_VERSION ""
| #define PACKAGE_STRING ""
| #define PACKAGE_BUGREPORT ""
| #define PACKAGE_URL ""
| #define USE_XDF 1
| #define USE_RAWTERM 1
| #define HAVE_SYS_WAIT_H 1
| #define HAVE_STDIO_H 1
| #define HAVE_STDLIB_H 1
| #define HAVE_STRING_H 1
| #define HAVE_INTTYPES_H 1
| #define HAVE_STDINT_H 1
| #define HAVE_STRINGS_H 1
| #define HAVE_SYS_STAT_H 1
| #define HAVE_SYS_TYPES_H 1
| #define HAVE_UNISTD_H 1
| #define STDC_HEADERS 1
| #define HAVE__BOOL 1
| #define HAVE_STDBOOL_H 1
| #define HAVE_GETOPT_H 1
| #define HAVE_STDARG_H 1
| #define HAVE_INTTYPES_H 1
| /* end confdefs.h.  */
| #include <stddef.h>
| #ifdef HAVE_STDIO_H
| # include <stdio.h>
| #endif
| #ifdef HAVE_STDLIB_H
| # include <stdlib.h>
| #endif
| #ifdef HAVE_STRING_H
| # include <string.h>
| #endif
| #ifdef HAVE_INTTYPES_H
| # include <inttypes.h>
| #endif
| #ifdef HAVE_STDINT_H
| # include <stdint.h>
| #endif
| #ifdef HAVE_STRINGS_H
| # include <strings.h>
| #endif
| #ifdef HAVE_SYS_TYPES_H
| # include <sys/types.h>
| #endif
| #ifdef HAVE_SYS_STAT_H
| # include <sys/stat.h>
| #endif
| #ifdef HAVE_UNISTD_H
| # include <unistd.h>
| #endif
| #include <libc.h>
configure:4819: result: no
configure:4825: checking for fcntl.h
configure:4825: gcc -c -g -O2  conftest.c >&5
configure:4825: $? = 0
configure:4825: result: yes
configure:4831: checking for limits.h
configure:4831: gcc -c -g -O2  conftest.c >&5
configure:4831: $? = 0
configure:4831: result: yes
configure:4837: checking for sys/file.h
configure:4837: gcc -c -g -O2  conftest.c >&5
configure:4837: $? = 0
configure:4837: result: yes
configure:4843: checking for sys/ioctl.h
configure:4843: gcc -c -g -O2  conftest.c >&5
configure:4843: $? = 0
configure:4843: result: yes
configure:4849: checking for time.h
configure:4849: gcc -c -g -O2  conftest.c >&5
configure:4849: $? = 0
configure:4849: result: yes
configure:4855: checking for sys/time.h
configure:4855: gcc -c -g -O2  conftest.c >&5
configure:4855: $? = 0
configure:4855: result: yes
configure:4861: checking for sys/param.h
configure:4861: gcc -c -g -O2  conftest.c >&5
configure:4861: $? = 0
configure:4861: result: yes
configure:4867: checking for memory.h
configure:4867: gcc -c -g -O2  conftest.c >&5
configure:4867: $? = 0
configure:4867: result: yes
configure:4873: checking for malloc.h
configure:4873: gcc -c -g -O2  conftest.c >&5
configure:4873: $? = 0
configure:4873: result: yes
configure:4879: checking for io.h
configure:4879: gcc -c -g -O2  conftest.c >&5
conftest.c:64:10: fatal error: io.h: No such file or directory
 #include <io.h>
          ^~~~~~
compilation terminated.
configure:4879: $? = 1
configure: failed program was:
| /* confdefs.h */
| #define PACKAGE_NAME ""
| #define PACKAGE_TARNAME ""
| #define PACKAGE_VERSION ""
| #define PACKAGE_STRING ""
| #define PACKAGE_BUGREPORT ""
| #define PACKAGE_URL ""
| #define USE_XDF 1
| #define USE_RAWTERM 1
| #define HAVE_SYS_WAIT_H 1
| #define HAVE_STDIO_H 1
| #define HAVE_STDLIB_H 1
| #define HAVE_STRING_H 1
| #define HAVE_INTTYPES_H 1
| #define HAVE_STDINT_H 1
| #define HAVE_STRINGS_H 1
| #define HAVE_SYS_STAT_H 1
| #define HAVE_SYS_TYPES_H 1
| #define HAVE_UNISTD_H 1
| #define STDC_HEADERS 1
| #define HAVE__BOOL 1
| #define HAVE_STDBOOL_H 1
| #define HAVE_GETOPT_H 1
| #define HAVE_STDARG_H 1
| #define HAVE_INTTYPES_H 1
| #define HAVE_FCNTL_H 1
| #define HAVE_LIMITS_H 1
| #define HAVE_SYS_FILE_H 1
| #define HAVE_SYS_IOCTL_H 1
| #define HAVE_TIME_H 1
| #define HAVE_SYS_TIME_H 1
| #define HAVE_SYS_PARAM_H 1
| #define HAVE_MEMORY_H 1
| #define HAVE_MALLOC_H 1
| /* end confdefs.h.  */
| #include <stddef.h>
| #ifdef HAVE_STDIO_H
| # include <stdio.h>
| #endif
| #ifdef HAVE_STDLIB_H
| # include <stdlib.h>
| #endif
| #ifdef HAVE_STRING_H
| # include <string.h>
| #endif
| #ifdef HAVE_INTTYPES_H
| # include <inttypes.h>
| #endif
| #ifdef HAVE_STDINT_H
| # include <stdint.h>
| #endif
| #ifdef HAVE_STRINGS_H
| # include <strings.h>
| #endif
| #ifdef HAVE_SYS_TYPES_H
| # include <sys/types.h>
| #endif
| #ifdef HAVE_SYS_STAT_H
| # include <sys/stat.h>
| #endif
| #ifdef HAVE_UNISTD_H
| # include <unistd.h>
| #endif
| #include <io.h>
configure:4879: result: no
configure:4885: checking for signal.h
configure:4885: gcc -c -g -O2  conftest.c >&5
configure:4885: $? = 0
configure:4885: result: yes
configure:4891: checking for sys/signal.h
configure:4891: gcc -c -g -O2  conftest.c >&5
configure:4891: $? = 0
configure:4891: result: yes
configure:4897: checking for utime.h
configure:4897: gcc -c -g -O2  conftest.c >&5
configure:4897: $? = 0
configure:4897: result: yes
configure:4903: checking for sgtty.h
configure:4903: gcc -c -g -O2  conftest.c >&5
configure:4903: $? = 0
configure:4903: result: yes
configure:4909: checking for sys/floppy.h
configure:4909: gcc -c -g -O2  conftest.c >&5
conftest.c:68:10: fatal error: sys/floppy.h: No such file or directory
 #include <sys/floppy.h>
          ^~~~~~~~~~~~~~
compilation terminated.
configure:4909: $? = 1
configure: failed program was:
| /* confdefs.h */
| #define PACKAGE_NAME ""
| #define PACKAGE_TARNAME ""
| #define PACKAGE_VERSION ""
| #define PACKAGE_STRING ""
| #define PACKAGE_BUGREPORT ""
| #define PACKAGE_URL ""
| #define USE_XDF 1
| #define USE_RAWTERM 1
| #define HAVE_SYS_WAIT_H 1
| #define HAVE_STDIO_H 1
| #define HAVE_STDLIB_H 1
| #define HAVE_STRING_H 1
| #define HAVE_INTTYPES_H 1
| #define HAVE_STDINT_H 1
| #define HAVE_STRINGS_H 1
| #define HAVE_SYS_STAT_H 1
| #define HAVE_SYS_TYPES_H 1
| #define HAVE_UNISTD_H 1
| #define STDC_HEADERS 1
| #define HAVE__BOOL 1
| #define HAVE_STDBOOL_H 1
| #define HAVE_GETOPT_H 1
| #define HAVE_STDARG_H 1
| #define HAVE_INTTYPES_H 1
| #define HAVE_FCNTL_H 1
| #define HAVE_LIMITS_H 1
| #define HAVE_SYS_FILE_H 1
| #define HAVE_SYS_IOCTL_H 1
| #define HAVE_TIME_H 1
| #define HAVE_SYS_TIME_H 1
| #define HAVE_SYS_PARAM_H 1
| #define HAVE_MEMORY_H 1
| #define HAVE_MALLOC_H 1
| #define HAVE_SIGNAL_H 1
| #define HAVE_SYS_SIGNAL_H 1
| #define HAVE_UTIME_H 1
| #define HAVE_SGTTY_H 1
| /* end confdefs.h.  */
| #include <stddef.h>
| #ifdef HAVE_STDIO_H
| # include <stdio.h>
| #endif
| #ifdef HAVE_STDLIB_H
| # include <stdlib.h>
| #endif
| #ifdef HAVE_STRING_H
| # include <string.h>
| #endif
| #ifdef HAVE_INTTYPES_H
| # include <inttypes.h>
| #endif
| #ifdef HAVE_STDINT_H
| # include <stdint.h>
| #endif
| #ifdef HAVE_STRINGS_H
| # include <strings.h>
| #endif
| #ifdef HAVE_SYS_TYPES_H
| # include <sys/types.h>
| #endif
| #ifdef HAVE_SYS_STAT_H
| # include <sys/stat.h>
| #endif
| #ifdef HAVE_UNISTD_H
| # include <unistd.h>
| #endif
| #include <sys/floppy.h>
configure:4909: result: no
configure:4915: checking for mntent.h
configure:4915: gcc -c -g -O2  conftest.c >&5
configure:4915: $? = 0
configure:4915: result: yes
configure:4921: checking for sys/sysmacros.h
configure:4921: gcc -c -g -O2  conftest.c >&5
configure:4921: $? = 0
configure:4921: result: yes
configure:4927: checking for assert.h
configure:4927: gcc -c -g -O2  conftest.c >&5
configure:4927: $? = 0
configure:4927: result: yes
configure:4933: checking for iconv.h
configure:4933: gcc -c -g -O2  conftest.c >&5
configure:4933: $? = 0
configure:4933: result: yes
configure:4939: checking for wctype.h
configure:4939: gcc -c -g -O2  conftest.c >&5
configure:4939: $? = 0
configure:4939: result: yes
configure:4945: checking for wchar.h
configure:4945: gcc -c -g -O2  conftest.c >&5
configure:4945: $? = 0
configure:4945: result: yes
configure:4951: checking for locale.h
configure:4951: gcc -c -g -O2  conftest.c >&5
configure:4951: $? = 0
configure:4951: result: yes
configure:4957: checking for xlocale.h
configure:4957: gcc -c -g -O2  conftest.c >&5
conftest.c:75:10: fatal error: xlocale.h: No such file or directory
 #include <xlocale.h>
          ^~~~~~~~~~~
compilation terminated.
configure:4957: $? = 1
configure: failed program was:
| /* confdefs.h */
| #define PACKAGE_NAME ""
| #define PACKAGE_TARNAME ""
| #define PACKAGE_VERSION ""
| #define PACKAGE_STRING ""
| #define PACKAGE_BUGREPORT ""
| #define PACKAGE_URL ""
| #define USE_XDF 1
| #define USE_RAWTERM 1
| #define HAVE_SYS_WAIT_H 1
| #define HAVE_STDIO_H 1
| #define HAVE_STDLIB_H 1
| #define HAVE_STRING_H 1
| #define HAVE_INTTYPES_H 1
| #define HAVE_STDINT_H 1
| #define HAVE_STRINGS_H 1
| #define HAVE_SYS_STAT_H 1
| #define HAVE_SYS_TYPES_H 1
| #define HAVE_UNISTD_H 1
| #define STDC_HEADERS 1
| #define HAVE__BOOL 1
| #define HAVE_STDBOOL_H 1
| #define HAVE_GETOPT_H 1
| #define HAVE_STDARG_H 1
| #define HAVE_INTTYPES_H 1
| #define HAVE_FCNTL_H 1
| #define HAVE_LIMITS_H 1
| #define HAVE_SYS_FILE_H 1
| #define HAVE_SYS_IOCTL_H 1
| #define HAVE_TIME_H 1
| #define HAVE_SYS_TIME_H 1
| #define HAVE_SYS_PARAM_H 1
| #define HAVE_MEMORY_H 1
| #define HAVE_MALLOC_H 1
| #define HAVE_SIGNAL_H 1
| #define HAVE_SYS_SIGNAL_H 1
| #define HAVE_UTIME_H 1
| #define HAVE_SGTTY_H 1
| #define HAVE_MNTENT_H 1
| #define HAVE_SYS_SYSMACROS_H 1
| #define HAVE_ASSERT_H 1
| #define HAVE_ICONV_H 1
| #define HAVE_WCTYPE_H 1
| #define HAVE_WCHAR_H 1
| #define HAVE_LOCALE_H 1
| /* end confdefs.h.  */
| #include <stddef.h>
| #ifdef HAVE_STDIO_H
| # include <stdio.h>
| #endif
| #ifdef HAVE_STDLIB_H
| # include <stdlib.h>
| #endif
| #ifdef HAVE_STRING_H
| # include <string.h>
| #endif
| #ifdef HAVE_INTTYPES_H
| # include <inttypes.h>
| #endif
| #ifdef HAVE_STDINT_H
| # include <stdint.h>
| #endif
| #ifdef HAVE_STRINGS_H
| # include <strings.h>
| #endif
| #ifdef HAVE_SYS_TYPES_H
| # include <sys/types.h>
| #endif
| #ifdef HAVE_SYS_STAT_H
| # include <sys/stat.h>
| #endif
| #ifdef HAVE_UNISTD_H
| # include <unistd.h>
| #endif
| #include <xlocale.h>
configure:4957: result: no
configure:4963: checking for dirent.h
configure:4963: gcc -c -g -O2  conftest.c >&5
configure:4963: $? = 0
configure:4963: result: yes
configure:4973: checking for termio.h
configure:4973: gcc -c -g -O2  conftest.c >&5
configure:4973: $? = 0
configure:4973: result: yes
configure:4986: checking for termios.h
configure:4986: gcc -c -g -O2  conftest.c >&5
configure:4986: $? = 0
configure:4986: result: yes
configure:4997: checking for sys/fdio.h
configure:4997: gcc -c -g -O2  conftest.c >&5
conftest.c:78:10: fatal error: sys/fdio.h: No such file or directory
 #include <sys/fdio.h>
          ^~~~~~~~~~~~
compilation terminated.
configure:4997: $? = 1
configure: failed program was:
| /* confdefs.h */
| #define PACKAGE_NAME ""
| #define PACKAGE_TARNAME ""
| #define PACKAGE_VERSION ""
| #define PACKAGE_STRING ""
| #define PACKAGE_BUGREPORT ""
| #define PACKAGE_URL ""
| #define USE_XDF 1
| #define USE_RAWTERM 1
| #define HAVE_SYS_WAIT_H 1
| #define HAVE_STDIO_H 1
| #define HAVE_STDLIB_H 1
| #define HAVE_STRING_H 1
| #define HAVE_INTTYPES_H 1
| #define HAVE_STDINT_H 1
| #define HAVE_STRINGS_H 1
| #define HAVE_SYS_STAT_H 1
| #define HAVE_SYS_TYPES_H 1
| #define HAVE_UNISTD_H 1
| #define STDC_HEADERS 1
| #define HAVE__BOOL 1
| #define HAVE_STDBOOL_H 1
| #define HAVE_GETOPT_H 1
| #define HAVE_STDARG_H 1
| #define HAVE_INTTYPES_H 1
| #define HAVE_FCNTL_H 1
| #define HAVE_LIMITS_H 1
| #define HAVE_SYS_FILE_H 1
| #define HAVE_SYS_IOCTL_H 1
| #define HAVE_TIME_H 1
| #define HAVE_SYS_TIME_H 1
| #define HAVE_SYS_PARAM_H 1
| #define HAVE_MEMORY_H 1
| #define HAVE_MALLOC_H 1
| #define HAVE_SIGNAL_H 1
| #define HAVE_SYS_SIGNAL_H 1
| #define HAVE_UTIME_H 1
| #define HAVE_SGTTY_H 1
| #define HAVE_MNTENT_H 1
| #define HAVE_SYS_SYSMACROS_H 1
| #define HAVE_ASSERT_H 1
| #define HAVE_ICONV_H 1
| #define HAVE_WCTYPE_H 1
| #define HAVE_WCHAR_H 1
| #define HAVE_LOCALE_H 1
| #define HAVE_DIRENT_H 1
| #define HAVE_TERMIO_H 1
| #define HAVE_TERMIOS_H 1
| /* end confdefs.h.  */
| #include <stddef.h>
| #ifdef HAVE_STDIO_H
| # include <stdio.h>
| #endif
| #ifdef HAVE_STDLIB_H
| # include <stdlib.h>
| #endif
| #ifdef HAVE_STRING_H
| # include <string.h>
| #endif
| #ifdef HAVE_INTTYPES_H
| # include <inttypes.h>
| #endif
| #ifdef HAVE_STDINT_H
| # include <stdint.h>
| #endif
| #ifdef HAVE_STRINGS_H
| # include <strings.h>
| #endif
| #ifdef HAVE_SYS_TYPES_H
| # include <sys/types.h>
| #endif
| #ifdef HAVE_SYS_STAT_H
| # include <sys/stat.h>
| #endif
| #ifdef HAVE_UNISTD_H
| # include <unistd.h>
| #endif
| #include <sys/fdio.h>
configure:4997: result: no
configure:5013: checking for special C compiler options needed for large files
configure:5061: result: no
configure:5067: checking for _FILE_OFFSET_BITS value needed for large files
configure:5093: gcc -c -g -O2  conftest.c >&5
configure:5093: $? = 0
configure:5127: result: no
configure:5209: checking for int8_t
configure:5209: gcc -c -g -O2  conftest.c >&5
configure:5209: $? = 0
configure:5209: gcc -c -g -O2  conftest.c >&5
conftest.c: In function 'main':
conftest.c:82:12: error: size of array 'test_array' is negative
 static int test_array [1 - 2 * !((int8_t) (((((int8_t) 1 << N) << N) - 1) * 2 + 1)
            ^~~~~~~~~~
configure:5209: $? = 1
configure: failed program was:
| /* confdefs.h */
| #define PACKAGE_NAME ""
| #define PACKAGE_TARNAME ""
| #define PACKAGE_VERSION ""
| #define PACKAGE_STRING ""
| #define PACKAGE_BUGREPORT ""
| #define PACKAGE_URL ""
| #define USE_XDF 1
| #define USE_RAWTERM 1
| #define HAVE_SYS_WAIT_H 1
| #define HAVE_STDIO_H 1
| #define HAVE_STDLIB_H 1
| #define HAVE_STRING_H 1
| #define HAVE_INTTYPES_H 1
| #define HAVE_STDINT_H 1
| #define HAVE_STRINGS_H 1
| #define HAVE_SYS_STAT_H 1
| #define HAVE_SYS_TYPES_H 1
| #define HAVE_UNISTD_H 1
| #define STDC_HEADERS 1
| #define HAVE__BOOL 1
| #define HAVE_STDBOOL_H 1
| #define HAVE_GETOPT_H 1
| #define HAVE_STDARG_H 1
| #define HAVE_INTTYPES_H 1
| #define HAVE_FCNTL_H 1
| #define HAVE_LIMITS_H 1
| #define HAVE_SYS_FILE_H 1
| #define HAVE_SYS_IOCTL_H 1
| #define HAVE_TIME_H 1
| #define HAVE_SYS_TIME_H 1
| #define HAVE_SYS_PARAM_H 1
| #define HAVE_MEMORY_H 1
| #define HAVE_MALLOC_H 1
| #define HAVE_SIGNAL_H 1
| #define HAVE_SYS_SIGNAL_H 1
| #define HAVE_UTIME_H 1
| #define HAVE_SGTTY_H 1
| #define HAVE_MNTENT_H 1
| #define HAVE_SYS_SYSMACROS_H 1
| #define HAVE_ASSERT_H 1
| #define HAVE_ICONV_H 1
| #define HAVE_WCTYPE_H 1
| #define HAVE_WCHAR_H 1
| #define HAVE_LOCALE_H 1
| #define HAVE_DIRENT_H 1
| #define HAVE_TERMIO_H 1
| #define HAVE_TERMIOS_H 1
| /* end confdefs.h.  */
| #include <stddef.h>
| #ifdef HAVE_STDIO_H
| # include <stdio.h>
| #endif
| #ifdef HAVE_STDLIB_H
| # include <stdlib.h>
| #endif
| #ifdef HAVE_STRING_H
| # include <string.h>
| #endif
| #ifdef HAVE_INTTYPES_H
| # include <inttypes.h>
| #endif
| #ifdef HAVE_STDINT_H
| # include <stdint.h>
| #endif
| #ifdef HAVE_STRINGS_H
| # include <strings.h>
| #endif
| #ifdef HAVE_SYS_TYPES_H
| # include <sys/types.h>
| #endif
| #ifdef HAVE_SYS_STAT_H
| # include <sys/stat.h>
| #endif
| #ifdef HAVE_UNISTD_H
| # include <unistd.h>
| #endif
| 	        enum { N = 8 / 2 - 1 };
| int
| main (void)
| {
| static int test_array [1 - 2 * !((int8_t) (((((int8_t) 1 << N) << N) - 1) * 2 + 1)
| 		 < (int8_t) (((((int8_t) 1 << N) << N) - 1) * 2 + 2))];
| test_array [0] = 0;
| return test_array [0];
| 
|   ;
|   return 0;
| }
configure:5209: result: yes
configure:5218: checking for int16_t
configure:5218: gcc -c -g -O2  conftest.c >&5
configure:5218: $? = 0
configure:5218: gcc -c -g -O2  conftest.c >&5
conftest.c: In function 'main':
conftest.c:82:12: error: size of array 'test_array' is negative
 static int test_array [1 - 2 * !((int16_t) (((((int16_t) 1 << N) << N) - 1) * 2 + 1)
            ^~~~~~~~~~
configure:5218: $? = 1
configure: failed program was:
| /* confdefs.h */
| #define PACKAGE_NAME ""
| #define PACKAGE_TARNAME ""
| #define PACKAGE_VERSION ""
| #define PACKAGE_STRING ""
| #define PACKAGE_BUGREPORT ""
| #define PACKAGE_URL ""
| #define USE_XDF 1
| #define USE_RAWTERM 1
| #define HAVE_SYS_WAIT_H 1
| #define HAVE_STDIO_H 1
| #define HAVE_STDLIB_H 1
| #define HAVE_STRING_H 1
| #define HAVE_INTTYPES_H 1
| #define HAVE_STDINT_H 1
| #define HAVE_STRINGS_H 1
| #define HAVE_SYS_STAT_H 1
| #define HAVE_SYS_TYPES_H 1
| #define HAVE_UNISTD_H 1
| #define STDC_HEADERS 1
| #define HAVE__BOOL 1
| #define HAVE_STDBOOL_H 1
| #define HAVE_GETOPT_H 1
| #define HAVE_STDARG_H 1
| #define HAVE_INTTYPES_H 1
| #define HAVE_FCNTL_H 1
| #define HAVE_LIMITS_H 1
| #define HAVE_SYS_FILE_H 1
| #define HAVE_SYS_IOCTL_H 1
| #define HAVE_TIME_H 1
| #define HAVE_SYS_TIME_H 1
| #define HAVE_SYS_PARAM_H 1
| #define HAVE_MEMORY_H 1
| #define HAVE_MALLOC_H 1
| #define HAVE_SIGNAL_H 1
| #define HAVE_SYS_SIGNAL_H 1
| #define HAVE_UTIME_H 1
| #define HAVE_SGTTY_H 1
| #define HAVE_MNTENT_H 1
| #define HAVE_SYS_SYSMACROS_H 1
| #define HAVE_ASSERT_H 1
| #define HAVE_ICONV_H 1
| #define HAVE_WCTYPE_H 1
| #define HAVE_WCHAR_H 1
| #define HAVE_LOCALE_H 1
| #define HAVE_DIRENT_H 1
| #define HAVE_TERMIO_H 1
| #define HAVE_TERMIOS_H 1
| /* end confdefs.h.  */
| #include <stddef.h>
| #ifdef HAVE_STDIO_H
| # include <stdio.h>
| #endif
| #ifdef HAVE_STDLIB_H
| # include <stdlib.h>
| #endif
| #ifdef HAVE_STRING_H
| # include <string.h>
| #endif
| #ifdef HAVE_INTTYPES_H
| # include <inttypes.h>
| #endif
| #ifdef HAVE_STDINT_H
| # include <stdint.h>
| #endif
| #ifdef HAVE_STRINGS_H
| # include <strings.h>
| #endif
| #ifdef HAVE_SYS_TYPES_H
| # include <sys/types.h>
| #endif
| #ifdef HAVE_SYS_STAT_H
| # include <sys/stat.h>
| #endif
| #ifdef HAVE_UNISTD_H
| # include <unistd.h>
| #endif
| 	        enum { N = 16 / 2 - 1 };
| int
| main (void)
| {
| static int test_array [1 - 2 * !((int16_t) (((((int16_t) 1 << N) << N) - 1) * 2 + 1)
| 		 < (int16_t) (((((int16_t) 1 << N) << N) - 1) * 2 + 2))];
| test_array [0] = 0;
| return test_array [0];
| 
|   ;
|   return 0;
| }
configure:5218: result: yes
configure:5227: checking for int32_t
configure:5227: gcc -c -g -O2  conftest.c >&5
configure:5227: $? = 0
configure:5227: gcc -c -g -O2  conftest.c >&5
conftest.c: In function 'main':
conftest.c:83:53: warning: integer overflow in expression [-Woverflow]
    < (int32_t) (((((int32_t) 1 << N) << N) - 1) * 2 + 2))];
                                                     ^
conftest.c:82:12: error: storage size of 'test_array' isn't constant
 static int test_array [1 - 2 * !((int32_t) (((((int32_t) 1 << N) << N) - 1) * 2 + 1)
            ^~~~~~~~~~
configure:5227: $? = 1
configure: failed program was:
| /* confdefs.h */
| #define PACKAGE_NAME ""
| #define PACKAGE_TARNAME ""
| #define PACKAGE_VERSION ""
| #define PACKAGE_STRING ""
| #define PACKAGE_BUGREPORT ""
| #define PACKAGE_URL ""
| #define USE_XDF 1
| #define USE_RAWTERM 1
| #define HAVE_SYS_WAIT_H 1
| #define HAVE_STDIO_H 1
| #define HAVE_STDLIB_H 1
| #define HAVE_STRING_H 1
| #define HAVE_INTTYPES_H 1
| #define HAVE_STDINT_H 1
| #define HAVE_STRINGS_H 1
| #define HAVE_SYS_STAT_H 1
| #define HAVE_SYS_TYPES_H 1
| #define HAVE_UNISTD_H 1
| #define STDC_HEADERS 1
| #define HAVE__BOOL 1
| #define HAVE_STDBOOL_H 1
| #define HAVE_GETOPT_H 1
| #define HAVE_STDARG_H 1
| #define HAVE_INTTYPES_H 1
| #define HAVE_FCNTL_H 1
| #define HAVE_LIMITS_H 1
| #define HAVE_SYS_FILE_H 1
| #define HAVE_SYS_IOCTL_H 1
| #define HAVE_TIME_H 1
| #define HAVE_SYS_TIME_H 1
| #define HAVE_SYS_PARAM_H 1
| #define HAVE_MEMORY_H 1
| #define HAVE_MALLOC_H 1
| #define HAVE_SIGNAL_H 1
| #define HAVE_SYS_SIGNAL_H 1
| #define HAVE_UTIME_H 1
| #define HAVE_SGTTY_H 1
| #define HAVE_MNTENT_H 1
| #define HAVE_SYS_SYSMACROS_H 1
| #define HAVE_ASSERT_H 1
| #define HAVE_ICONV_H 1
| #define HAVE_WCTYPE_H 1
| #define HAVE_WCHAR_H 1
| #define HAVE_LOCALE_H 1
| #define HAVE_DIRENT_H 1
| #define HAVE_TERMIO_H 1
| #define HAVE_TERMIOS_H 1
| /* end confdefs.h.  */
| #include <stddef.h>
| #ifdef HAVE_STDIO_H
| # include <stdio.h>
| #endif
| #ifdef HAVE_STDLIB_H
| # include <stdlib.h>
| #endif
| #ifdef HAVE_STRING_H
| # include <string.h>
| #endif
| #ifdef HAVE_INTTYPES_H
| # include <inttypes.h>
| #endif
| #ifdef HAVE_STDINT_H
| # include <stdint.h>
| #endif
| #ifdef HAVE_STRINGS_H
| # include <strings.h>
| #endif
| #ifdef HAVE_SYS_TYPES_H
| # include <sys/types.h>
| #endif
| #ifdef HAVE_SYS_STAT_H
| # include <sys/stat.h>
| #endif
| #ifdef HAVE_UNISTD_H
| # include <unistd.h>
| #endif
| 	        enum { N = 32 / 2 - 1 };
| int
| main (void)
| {
| static int test_array [1 - 2 * !((int32_t) (((((int32_t) 1 << N) << N) - 1) * 2 + 1)
| 		 < (int32_t) (((((int32_t) 1 << N) << N) - 1) * 2 + 2))];
| test_array [0] = 0;
| return test_array [0];
| 
|   ;
|   return 0;
| }
configure:5227: result: yes
configure:5236: checking for uint8_t
configure:5236: gcc -c -g -O2  conftest.c >&5
configure:5236: $? = 0
configure:5236: result: yes
configure:5248: checking for uint16_t
configure:5248: gcc -c -g -O2  conftest.c >&5
configure:5248: $? = 0
configure:5248: result: yes
configure:5258: checking for uint32_t
configure:5258: gcc -c -g -O2  conftest.c >&5
configure:5258: $? = 0
configure:5258: result: yes
configure:5270: checking for ssize_t
configure:5270: gcc -c -g -O2  conftest.c >&5
configure:5270: $? = 0
configure:5270: gcc -c -g -O2  conftest.c >&5
conftest.c: In function 'main':
conftest.c:81:22: error: expected expression before ')' token
 if (sizeof ((ssize_t)))
                      ^
configure:5270: $? = 1
configure: failed program was:
| /* confdefs.h */
| #define PACKAGE_NAME ""
| #define PACKAGE_TARNAME ""
| #define PACKAGE_VERSION ""
| #define PACKAGE_STRING ""
| #define PACKAGE_BUGREPORT ""
| #define PACKAGE_URL ""
| #define USE_XDF 1
| #define USE_RAWTERM 1
| #define HAVE_SYS_WAIT_H 1
| #define HAVE_STDIO_H 1
| #define HAVE_STDLIB_H 1
| #define HAVE_STRING_H 1
| #define HAVE_INTTYPES_H 1
| #define HAVE_STDINT_H 1
| #define HAVE_STRINGS_H 1
| #define HAVE_SYS_STAT_H 1
| #define HAVE_SYS_TYPES_H 1
| #define HAVE_UNISTD_H 1
| #define STDC_HEADERS 1
| #define HAVE__BOOL 1
| #define HAVE_STDBOOL_H 1
| #define HAVE_GETOPT_H 1
| #define HAVE_STDARG_H 1
| #define HAVE_INTTYPES_H 1
| #define HAVE_FCNTL_H 1
| #define HAVE_LIMITS_H 1
| #define HAVE_SYS_FILE_H 1
| #define HAVE_SYS_IOCTL_H 1
| #define HAVE_TIME_H 1
| #define HAVE_SYS_TIME_H 1
| #define HAVE_SYS_PARAM_H 1
| #define HAVE_MEMORY_H 1
| #define HAVE_MALLOC_H 1
| #define HAVE_SIGNAL_H 1
| #define HAVE_SYS_SIGNAL_H 1
| #define HAVE_UTIME_H 1
| #define HAVE_SGTTY_H 1
| #define HAVE_MNTENT_H 1
| #define HAVE_SYS_SYSMACROS_H 1
| #define HAVE_ASSERT_H 1
| #define HAVE_ICONV_H 1
| #define HAVE_WCTYPE_H 1
| #define HAVE_WCHAR_H 1
| #define HAVE_LOCALE_H 1
| #define HAVE_DIRENT_H 1
| #define HAVE_TERMIO_H 1
| #define HAVE_TERMIOS_H 1
| /* end confdefs.h.  */
| #include <stddef.h>
| #ifdef HAVE_STDIO_H
| # include <stdio.h>
| #endif
| #ifdef HAVE_STDLIB_H
| # include <stdlib.h>
| #endif
| #ifdef HAVE_STRING_H
| # include <string.h>
| #endif
| #ifdef HAVE_INTTYPES_H
| # include <inttypes.h>
| #endif
| #ifdef HAVE_STDINT_H
| # include <stdint.h>
| #endif
| #ifdef HAVE_STRINGS_H
| # include <strings.h>
| #endif
| #ifdef HAVE_SYS_TYPES_H
| # include <sys/types.h>
| #endif
| #ifdef HAVE_SYS_STAT_H
| # include <sys/stat.h>
| #endif
| #ifdef HAVE_UNISTD_H
| # include <unistd.h>
| #endif
| int
| main (void)
| {
| if (sizeof ((ssize_t)))
| 	    return 0;
|   ;
|   return 0;
| }
configure:5270: result: yes
configure:5280: checking for size_t
configure:5280: gcc -c -g -O2  conftest.c >&5
configure:5280: $? = 0
configure:5280: gcc -c -g -O2  conftest.c >&5
conftest.c: In function 'main':
conftest.c:81:21: error: expected expression before ')' token
 if (sizeof ((size_t)))
                     ^
configure:5280: $? = 1
configure: failed program was:
| /* confdefs.h */
| #define PACKAGE_NAME ""
| #define PACKAGE_TARNAME ""
| #define PACKAGE_VERSION ""
| #define PACKAGE_STRING ""
| #define PACKAGE_BUGREPORT ""
| #define PACKAGE_URL ""
| #define USE_XDF 1
| #define USE_RAWTERM 1
| #define HAVE_SYS_WAIT_H 1
| #define HAVE_STDIO_H 1
| #define HAVE_STDLIB_H 1
| #define HAVE_STRING_H 1
| #define HAVE_INTTYPES_H 1
| #define HAVE_STDINT_H 1
| #define HAVE_STRINGS_H 1
| #define HAVE_SYS_STAT_H 1
| #define HAVE_SYS_TYPES_H 1
| #define HAVE_UNISTD_H 1
| #define STDC_HEADERS 1
| #define HAVE__BOOL 1
| #define HAVE_STDBOOL_H 1
| #define HAVE_GETOPT_H 1
| #define HAVE_STDARG_H 1
| #define HAVE_INTTYPES_H 1
| #define HAVE_FCNTL_H 1
| #define HAVE_LIMITS_H 1
| #define HAVE_SYS_FILE_H 1
| #define HAVE_SYS_IOCTL_H 1
| #define HAVE_TIME_H 1
| #define HAVE_SYS_TIME_H 1
| #define HAVE_SYS_PARAM_H 1
| #define HAVE_MEMORY_H 1
| #define HAVE_MALLOC_H 1
| #define HAVE_SIGNAL_H 1
| #define HAVE_SYS_SIGNAL_H 1
| #define HAVE_UTIME_H 1
| #define HAVE_SGTTY_H 1
| #define HAVE_MNTENT_H 1
| #define HAVE_SYS_SYSMACROS_H 1
| #define HAVE_ASSERT_H 1
| #define HAVE_ICONV_H 1
| #define HAVE_WCTYPE_H 1
| #define HAVE_WCHAR_H 1
| #define HAVE_LOCALE_H 1
| #define HAVE_DIRENT_H 1
| #define HAVE_TERMIO_H 1
| #define HAVE_TERMIOS_H 1
| /* end confdefs.h.  */
| #include <stddef.h>
| #ifdef HAVE_STDIO_H
| # include <stdio.h>
| #endif
| #ifdef HAVE_STDLIB_H
| # include <stdlib.h>
| #endif
| #ifdef HAVE_STRING_H
| # include <string.h>
| #endif
| #ifdef HAVE_INTTYPES_H
| # include <inttypes.h>
| #endif
| #ifdef HAVE_STDINT_H
| # include <stdint.h>
| #endif
| #ifdef HAVE_STRINGS_H
| # include <strings.h>
| #endif
| #ifdef HAVE_SYS_TYPES_H
| # include <sys/types.h>
| #endif
| #ifdef HAVE_SYS_STAT_H
| # include <sys/stat.h>
| #endif
| #ifdef HAVE_UNISTD_H
| # include <unistd.h>
| #endif
| int
| main (void)
| {
| if (sizeof ((size_t)))
| 	    return 0;
|   ;
|   return 0;
| }
configure:5280: result: yes
configure:5290: checking for off_t
configure:5290: gcc -c -g -O2  conftest.c >&5
configure:5290: $? = 0
configure:5290: gcc -c -g -O2  conftest.c >&5
conftest.c: In function 'main':
conftest.c:81:20: error: expected expression before ')' token
 if (sizeof ((off_t)))
                    ^
configure:5290: $? = 1
configure: failed program was:
| /* confdefs.h */
| #define PACKAGE_NAME ""
| #define PACKAGE_TARNAME ""
| #define PACKAGE_VERSION ""
| #define PACKAGE_STRING ""
| #define PACKAGE_BUGREPORT ""
| #define PACKAGE_URL ""
| #define USE_XDF 1
| #define USE_RAWTERM 1
| #define HAVE_SYS_WAIT_H 1
| #define HAVE_STDIO_H 1
| #define HAVE_STDLIB_H 1
| #define HAVE_STRING_H 1
| #define HAVE_INTTYPES_H 1
| #define HAVE_STDINT_H 1
| #define HAVE_STRINGS_H 1
| #define HAVE_SYS_STAT_H 1
| #define HAVE_SYS_TYPES_H 1
| #define HAVE_UNISTD_H 1
| #define STDC_HEADERS 1
| #define HAVE__BOOL 1
| #define HAVE_STDBOOL_H 1
| #define HAVE_GETOPT_H 1
| #define HAVE_STDARG_H 1
| #define HAVE_INTTYPES_H 1
| #define HAVE_FCNTL_H 1
| #define HAVE_LIMITS_H 1
| #define HAVE_SYS_FILE_H 1
| #define HAVE_SYS_IOCTL_H 1
| #define HAVE_TIME_H 1
| #define HAVE_SYS_TIME_H 1
| #define HAVE_SYS_PARAM_H 1
| #define HAVE_MEMORY_H 1
| #define HAVE_MALLOC_H 1
| #define HAVE_SIGNAL_H 1
| #define HAVE_SYS_SIGNAL_H 1
| #define HAVE_UTIME_H 1
| #define HAVE_SGTTY_H 1
| #define HAVE_MNTENT_H 1
| #define HAVE_SYS_SYSMACROS_H 1
| #define HAVE_ASSERT_H 1
| #define HAVE_ICONV_H 1
| #define HAVE_WCTYPE_H 1
| #define HAVE_WCHAR_H 1
| #define HAVE_LOCALE_H 1
| #define HAVE_DIRENT_H 1
| #define HAVE_TERMIO_H 1
| #define HAVE_TERMIOS_H 1
| /* end confdefs.h.  */
| #include <stddef.h>
| #ifdef HAVE_STDIO_H
| # include <stdio.h>
| #endif
| #ifdef HAVE_STDLIB_H
| # include <stdlib.h>
| #endif
| #ifdef HAVE_STRING_H
| # include <string.h>
| #endif
| #ifdef HAVE_INTTYPES_H
| # include <inttypes.h>
| #endif
| #ifdef HAVE_STDINT_H
| # include <stdint.h>
| #endif
| #ifdef HAVE_STRINGS_H
| # include <strings.h>
| #endif
| #ifdef HAVE_SYS_TYPES_H
| # include <sys/types.h>
| #endif
| #ifdef HAVE_SYS_STAT_H
| # include <sys/stat.h>
| #endif
| #ifdef HAVE_UNISTD_H
| # include <unistd.h>
| #endif
| int
| main (void)
| {
| if (sizeof ((off_t)))
| 	    return 0;
|   ;
|   return 0;
| }
configure:5290: result: yes
configure:5306: checking how to run the C preprocessor
configure:5332: gcc -E  conftest.c
configure:5332: $? = 0
configure:5347: gcc -E  conftest.c
conftest.c:50:10: fatal error: ac_nonexistent.h: No such file or directory
 #include <ac_nonexistent.h>
          ^~~~~~~~~~~~~~~~~~
compilation terminated.
configure:5347: $? = 1
configure: failed program was:
| /* confdefs.h */
| #define PACKAGE_NAME ""
| #define PACKAGE_TARNAME ""
| #define PACKAGE_VERSION ""
| #define PACKAGE_STRING ""
| #define PACKAGE_BUGREPORT ""
| #define PACKAGE_URL ""
| #define USE_XDF 1
| #define USE_RAWTERM 1
| #define HAVE_SYS_WAIT_H 1
| #define HAVE_STDIO_H 1
| #define HAVE_STDLIB_H 1
| #define HAVE_STRING_H 1
| #define HAVE_INTTYPES_H 1
| #define HAVE_STDINT_H 1
| #define HAVE_STRINGS_H 1
| #define HAVE_SYS_STAT_H 1
| #define HAVE_SYS_TYPES_H 1
| #define HAVE_UNISTD_H 1
| #define STDC_HEADERS 1
| #define HAVE__BOOL 1
| #define HAVE_STDBOOL_H 1
| #define HAVE_GETOPT_H 1
| #define HAVE_STDARG_H 1
| #define HAVE_INTTYPES_H 1
| #define HAVE_FCNTL_H 1
| #define HAVE_LIMITS_H 1
| #define HAVE_SYS_FILE_H 1
| #define HAVE_SYS_IOCTL_H 1
| #define HAVE_TIME_H 1
| #define HAVE_SYS_TIME_H 1
| #define HAVE_SYS_PARAM_H 1
| #define HAVE_MEMORY_H 1
| #define HAVE_MALLOC_H 1
| #define HAVE_SIGNAL_H 1
| #define HAVE_SYS_SIGNAL_H 1
| #define HAVE_UTIME_H 1
| #define HAVE_SGTTY_H 1
| #define HAVE_MNTENT_H 1
| #define HAVE_SYS_SYSMACROS_H 1
| #define HAVE_ASSERT_H 1
| #define HAVE_ICONV_H 1
| #define HAVE_WCTYPE_H 1
| #define HAVE_WCHAR_H 1
| #define HAVE_LOCALE_H 1
| #define HAVE_DIRENT_H 1
| #define HAVE_TERMIO_H 1
| #define HAVE_TERMIOS_H 1
| /* end confdefs.h.  */
| #include <ac_nonexistent.h>
configure:5374: result: gcc -E
configure:5388: gcc -E  conftest.c
configure:5388: $? = 0
configure:5403: gcc -E  conftest.c
conftest.c:50:10: fatal error: ac_nonexistent.h: No such file or directory
 #include <ac_nonexistent.h>
          ^~~~~~~~~~~~~~~~~~
compilation terminated.
configure:5403: $? = 1
configure: failed program was:
| /* confdefs.h */
| #define PACKAGE_NAME ""
| #define PACKAGE_TARNAME ""
| #define PACKAGE_VERSION ""
| #define PACKAGE_STRING ""
| #define PACKAGE_BUGREPORT ""
| #define PACKAGE_URL ""
| #define USE_XDF 1
| #define USE_RAWTERM 1
| #define HAVE_SYS_WAIT_H 1
| #define HAVE_STDIO_H 1
| #define HAVE_STDLIB_H 1
| #define HAVE_STRING_H 1
| #define HAVE_INTTYPES_H 1
| #define HAVE_STDINT_H 1
| #define HAVE_STRINGS_H 1
| #define HAVE_SYS_STAT_H 1
| #define HAVE_SYS_TYPES_H 1
| #define HAVE_UNISTD_H 1
| #define STDC_HEADERS 1
| #define HAVE__BOOL 1
| #define HAVE_STDBOOL_H 1
| #define HAVE_GETOPT_H 1
| #define HAVE_STDARG_H 1
| #define HAVE_INTTYPES_H 1
| #define HAVE_FCNTL_H 1
| #define HAVE_LIMITS_H 1
| #define HAVE_SYS_FILE_H 1
| #define HAVE_SYS_IOCTL_H 1
| #define HAVE_TIME_H 1
| #define HAVE_SYS_TIME_H 1
| #define HAVE_SYS_PARAM_H 1
| #define HAVE_MEMORY_H 1
| #define HAVE_MALLOC_H 1
| #define HAVE_SIGNAL_H 1
| #define HAVE_SYS_SIGNAL_H 1
| #define HAVE_UTIME_H 1
| #define HAVE_SGTTY_H 1
| #define HAVE_MNTENT_H 1
| #define HAVE_SYS_SYSMACROS_H 1
| #define HAVE_ASSERT_H 1
| #define HAVE_ICONV_H 1
| #define HAVE_WCTYPE_H 1
| #define HAVE_WCHAR_H 1
| #define HAVE_LOCALE_H 1
| #define HAVE_DIRENT_H 1
| #define HAVE_TERMIO_H 1
| #define HAVE_TERMIOS_H 1
| /* end confdefs.h.  */
| #include <ac_nonexistent.h>
configure:5434: checking for grep that handles long lines and -e
configure:5498: result: /bin/grep
configure:5503: checking for egrep
configure:5571: result: /bin/grep -E
configure:5576: checking for uid_t in sys/types.h
configure:5597: result: yes
configure:5609: checking for pid_t
configure:5609: gcc -c -g -O2  conftest.c >&5
configure:5609: $? = 0
configure:5609: gcc -c -g -O2  conftest.c >&5
conftest.c: In function 'main':
conftest.c:82:20: error: expected expression before ')' token
 if (sizeof ((pid_t)))
                    ^
configure:5609: $? = 1
configure: failed program was:
| /* confdefs.h */
| #define PACKAGE_NAME ""
| #define PACKAGE_TARNAME ""
| #define PACKAGE_VERSION ""
| #define PACKAGE_STRING ""
| #define PACKAGE_BUGREPORT ""
| #define PACKAGE_URL ""
| #define USE_XDF 1
| #define USE_RAWTERM 1
| #define HAVE_SYS_WAIT_H 1
| #define HAVE_STDIO_H 1
| #define HAVE_STDLIB_H 1
| #define HAVE_STRING_H 1
| #define HAVE_INTTYPES_H 1
| #define HAVE_STDINT_H 1
| #define HAVE_STRINGS_H 1
| #define HAVE_SYS_STAT_H 1
| #define HAVE_SYS_TYPES_H 1
| #define HAVE_UNISTD_H 1
| #define STDC_HEADERS 1
| #define HAVE__BOOL 1
| #define HAVE_STDBOOL_H 1
| #define HAVE_GETOPT_H 1
| #define HAVE_STDARG_H 1
| #define HAVE_INTTYPES_H 1
| #define HAVE_FCNTL_H 1
| #define HAVE_LIMITS_H 1
| #define HAVE_SYS_FILE_H 1
| #define HAVE_SYS_IOCTL_H 1
| #define HAVE_TIME_H 1
| #define HAVE_SYS_TIME_H 1
| #define HAVE_SYS_PARAM_H 1
| #define HAVE_MEMORY_H 1
| #define HAVE_MALLOC_H 1
| #define HAVE_SIGNAL_H 1
| #define HAVE_SYS_SIGNAL_H 1
| #define HAVE_UTIME_H 1
| #define HAVE_SGTTY_H 1
| #define HAVE_MNTENT_H 1
| #define HAVE_SYS_SYSMACROS_H 1
| #define HAVE_ASSERT_H 1
| #define HAVE_ICONV_H 1
| #define HAVE_WCTYPE_H 1
| #define HAVE_WCHAR_H 1
| #define HAVE_LOCALE_H 1
| #define HAVE_DIRENT_H 1
| #define HAVE_TERMIO_H 1
| #define HAVE_TERMIOS_H 1
| /* end confdefs.h.  */
| #include <stddef.h>
| #ifdef HAVE_STDIO_H
| # include <stdio.h>
| #endif
| #ifdef HAVE_STDLIB_H
| # include <stdlib.h>
| #endif
| #ifdef HAVE_STRING_H
| # include <string.h>
| #endif
| #ifdef HAVE_INTTYPES_H
| # include <inttypes.h>
| #endif
| #ifdef HAVE_STDINT_H
| # include <stdint.h>
| #endif
| #ifdef HAVE_STRINGS_H
| # include <strings.h>
| #endif
| #ifdef HAVE_SYS_TYPES_H
| # include <sys/types.h>
| #endif
| #ifdef HAVE_SYS_STAT_H
| # include <sys/stat.h>
| #endif
| #ifdef HAVE_UNISTD_H
| # include <unistd.h>
| #endif
| 
| int
| main (void)
| {
| if (sizeof ((pid_t)))
| 	    return 0;
|   ;
|   return 0;
| }
configure:5609: result: yes
configure:5646: checking for caddr_t
configure:5646: gcc -c -g -O2  conftest.c >&5
configure:5646: $? = 0
configure:5646: gcc -c -g -O2  conftest.c >&5
conftest.c: In function 'main':
conftest.c:81:22: error: expected expression before ')' token
 if (sizeof ((caddr_t)))
                      ^
configure:5646: $? = 1
configure: failed program was:
| /* confdefs.h */
| #define PACKAGE_NAME ""
| #define PACKAGE_TARNAME ""
| #define PACKAGE_VERSION ""
| #define PACKAGE_STRING ""
| #define PACKAGE_BUGREPORT ""
| #define PACKAGE_URL ""
| #define USE_XDF 1
| #define USE_RAWTERM 1
| #define HAVE_SYS_WAIT_H 1
| #define HAVE_STDIO_H 1
| #define HAVE_STDLIB_H 1
| #define HAVE_STRING_H 1
| #define HAVE_INTTYPES_H 1
| #define HAVE_STDINT_H 1
| #define HAVE_STRINGS_H 1
| #define HAVE_SYS_STAT_H 1
| #define HAVE_SYS_TYPES_H 1
| #define HAVE_UNISTD_H 1
| #define STDC_HEADERS 1
| #define HAVE__BOOL 1
| #define HAVE_STDBOOL_H 1
| #define HAVE_GETOPT_H 1
| #define HAVE_STDARG_H 1
| #define HAVE_INTTYPES_H 1
| #define HAVE_FCNTL_H 1
| #define HAVE_LIMITS_H 1
| #define HAVE_SYS_FILE_H 1
| #define HAVE_SYS_IOCTL_H 1
| #define HAVE_TIME_H 1
| #define HAVE_SYS_TIME_H 1
| #define HAVE_SYS_PARAM_H 1
| #define HAVE_MEMORY_H 1
| #define HAVE_MALLOC_H 1
| #define HAVE_SIGNAL_H 1
| #define HAVE_SYS_SIGNAL_H 1
| #define HAVE_UTIME_H 1
| #define HAVE_SGTTY_H 1
| #define HAVE_MNTENT_H 1
| #define HAVE_SYS_SYSMACROS_H 1
| #define HAVE_ASSERT_H 1
| #define HAVE_ICONV_H 1
| #define HAVE_WCTYPE_H 1
| #define HAVE_WCHAR_H 1
| #define HAVE_LOCALE_H 1
| #define HAVE_DIRENT_H 1
| #define HAVE_TERMIO_H 1
| #define HAVE_TERMIOS_H 1
| /* end confdefs.h.  */
| #include <stddef.h>
| #ifdef HAVE_STDIO_H
| # include <stdio.h>
| #endif
| #ifdef HAVE_STDLIB_H
| # include <stdlib.h>
| #endif
| #ifdef HAVE_STRING_H
| # include <string.h>
| #endif
| #ifdef HAVE_INTTYPES_H
| # include <inttypes.h>
| #endif
| #ifdef HAVE_STDINT_H
| # include <stdint.h>
| #endif
| #ifdef HAVE_STRINGS_H
| # include <strings.h>
| #endif
| #ifdef HAVE_SYS_TYPES_H
| # include <sys/types.h>
| #endif
| #ifdef HAVE_SYS_STAT_H
| # include <sys/stat.h>
| #endif
| #ifdef HAVE_UNISTD_H
| # include <unistd.h>
| #endif
| int
| main (void)
| {
| if (sizeof ((caddr_t)))
| 	    return 0;
|   ;
|   return 0;
| }
configure:5646: result: yes
configure:5655: checking for long long
configure:5655: gcc -c -g -O2  conftest.c >&5
configure:5655: $? = 0
configure:5655: gcc -c -g -O2  conftest.c >&5
conftest.c: In function 'main':
conftest.c:82:24: error: expected expression before ')' token
 if (sizeof ((long long)))
                        ^
configure:5655: $? = 1
configure: failed program was:
| /* confdefs.h */
| #define PACKAGE_NAME ""
| #define PACKAGE_TARNAME ""
| #define PACKAGE_VERSION ""
| #define PACKAGE_STRING ""
| #define PACKAGE_BUGREPORT ""
| #define PACKAGE_URL ""
| #define USE_XDF 1
| #define USE_RAWTERM 1
| #define HAVE_SYS_WAIT_H 1
| #define HAVE_STDIO_H 1
| #define HAVE_STDLIB_H 1
| #define HAVE_STRING_H 1
| #define HAVE_INTTYPES_H 1
| #define HAVE_STDINT_H 1
| #define HAVE_STRINGS_H 1
| #define HAVE_SYS_STAT_H 1
| #define HAVE_SYS_TYPES_H 1
| #define HAVE_UNISTD_H 1
| #define STDC_HEADERS 1
| #define HAVE__BOOL 1
| #define HAVE_STDBOOL_H 1
| #define HAVE_GETOPT_H 1
| #define HAVE_STDARG_H 1
| #define HAVE_INTTYPES_H 1
| #define HAVE_FCNTL_H 1
| #define HAVE_LIMITS_H 1
| #define HAVE_SYS_FILE_H 1
| #define HAVE_SYS_IOCTL_H 1
| #define HAVE_TIME_H 1
| #define HAVE_SYS_TIME_H 1
| #define HAVE_SYS_PARAM_H 1
| #define HAVE_MEMORY_H 1
| #define HAVE_MALLOC_H 1
| #define HAVE_SIGNAL_H 1
| #define HAVE_SYS_SIGNAL_H 1
| #define HAVE_UTIME_H 1
| #define HAVE_SGTTY_H 1
| #define HAVE_MNTENT_H 1
| #define HAVE_SYS_SYSMACROS_H 1
| #define HAVE_ASSERT_H 1
| #define HAVE_ICONV_H 1
| #define HAVE_WCTYPE_H 1
| #define HAVE_WCHAR_H 1
| #define HAVE_LOCALE_H 1
| #define HAVE_DIRENT_H 1
| #define HAVE_TERMIO_H 1
| #define HAVE_TERMIOS_H 1
| #define HAVE_CADDR_T 1
| /* end confdefs.h.  */
| #include <stddef.h>
| #ifdef HAVE_STDIO_H
| # include <stdio.h>
| #endif
| #ifdef HAVE_STDLIB_H
| # include <stdlib.h>
| #endif
| #ifdef HAVE_STRING_H
| # include <string.h>
| #endif
| #ifdef HAVE_INTTYPES_H
| # include <inttypes.h>
| #endif
| #ifdef HAVE_STDINT_H
| # include <stdint.h>
| #endif
| #ifdef HAVE_STRINGS_H
| # include <strings.h>
| #endif
| #ifdef HAVE_SYS_TYPES_H
| # include <sys/types.h>
| #endif
| #ifdef HAVE_SYS_STAT_H
| # include <sys/stat.h>
| #endif
| #ifdef HAVE_UNISTD_H
| # include <unistd.h>
| #endif
| int
| main (void)
| {
| if (sizeof ((long long)))
| 	    return 0;
|   ;
|   return 0;
| }
configure:5655: result: yes
configure:5668: checking size of size_t
configure:5674: gcc -o conftest -g -O2   conftest.c  >&5
configure:5674: $? = 0
configure:5674: ./conftest
configure:5674: $? = 0
configure:5689: result: 8
configure:5701: checking size of off_t
configure:5707: gcc -o conftest -g -O2   conftest.c  >&5
configure:5707: $? = 0
configure:5707: ./conftest
configure:5707: $? = 0
configure:5722: result: 8
configure:5734: checking size of time_t
configure:5740: gcc -o conftest -g -O2   conftest.c  >&5
configure:5740: $? = 0
configure:5740: ./conftest
configure:5740: $? = 0
configure:5755: result: 8
configure:5767: checking size of long
configure:5773: gcc -o conftest -g -O2   conftest.c  >&5
configure:5773: $? = 0
configure:5773: ./conftest
configure:5773: $? = 0
configure:5788: result: 8
configure:5800: checking size of int
configure:5806: gcc -o conftest -g -O2   conftest.c  >&5
configure:5806: $? = 0
configure:5806: ./conftest
configure:5806: $? = 0
configure:5821: result: 4
configure:6013: checking for htons
configure:6013: gcc -o conftest -g -O2   conftest.c  >&5
configure:6013: $? = 0
configure:6013: result: yes
configure:6022: checking for an ANSI C-conforming const
configure:6097: result: yes
configure:6105: checking for inline
configure:6131: result: inline
configure:6149: checking for size_t
configure:6149: result: yes
configure:6160: checking whether struct tm is in sys/time.h or time.h
configure:6181: gcc -c -g -O2  conftest.c >&5
configure:6181: $? = 0
configure:6189: result: time.h
configure:6200: checking for strerror
configure:6200: gcc -o conftest -g -O2   conftest.c  >&5
configure:6200: $? = 0
configure:6200: result: yes
configure:6206: checking for random
configure:6206: gcc -o conftest -g -O2   conftest.c  >&5
configure:6206: $? = 0
configure:6206: result: yes
configure:6212: checking for srandom
configure:6212: gcc -o conftest -g -O2   conftest.c  >&5
configure:6212: $? = 0
configure:6212: result: yes
configure:6218: checking for strchr
configure:6218: gcc -o conftest -g -O2   conftest.c  >&5
conftest.c:77:6: warning: conflicting types for built-in function 'strchr' [-Wbuiltin-declaration-mismatch]
 char strchr ();
      ^~~~~~
configure:6218: $? = 0
configure:6218: result: yes
configure:6224: checking for strrchr
configure:6224: gcc -o conftest -g -O2   conftest.c  >&5
conftest.c:78:6: warning: conflicting types for built-in function 'strrchr' [-Wbuiltin-declaration-mismatch]
 char strrchr ();
      ^~~~~~~
configure:6224: $? = 0
configure:6224: result: yes
configure:6230: checking for lockf
configure:6230: gcc -o conftest -g -O2   conftest.c  >&5
configure:6230: $? = 0
configure:6230: result: yes
configure:6236: checking for flock
configure:6236: gcc -o conftest -g -O2   conftest.c  >&5
configure:6236: $? = 0
configure:6236: result: yes
configure:6242: checking for strcasecmp
configure:6242: gcc -o conftest -g -O2   conftest.c  >&5
conftest.c:81:6: warning: conflicting types for built-in function 'strcasecmp' [-Wbuiltin-declaration-mismatch]
 char strcasecmp ();
      ^~~~~~~~~~
configure:6242: $? = 0
configure:6242: result: yes
configure:6248: checking for strncasecmp
configure:6248: gcc -o conftest -g -O2   conftest.c  >&5
conftest.c:82:6: warning: conflicting types for built-in function 'strncasecmp' [-Wbuiltin-declaration-mismatch]
 char strncasecmp ();
      ^~~~~~~~~~~
configure:6248: $? = 0
configure:6248: result: yes
configure:6254: checking for strnlen
configure:6254: gcc -o conftest -g -O2   conftest.c  >&5
configure:6254: $? = 0
configure:6254: result: yes
configure:6260: checking for atexit
configure:6260: gcc -o conftest -g -O2   conftest.c  >&5
configure:6260: $? = 0
configure:6260: result: yes
configure:6266: checking for on_exit
configure:6266: gcc -o conftest -g -O2   conftest.c  >&5
configure:6266: $? = 0
configure:6266: result: yes
configure:6272: checking for getpass
configure:6272: gcc -o conftest -g -O2   conftest.c  >&5
configure:6272: $? = 0
configure:6272: result: yes
configure:6278: checking for memmove
configure:6278: gcc -o conftest -g -O2   conftest.c  >&5
conftest.c:87:6: warning: conflicting types for built-in function 'memmove' [-Wbuiltin-declaration-mismatch]
 char memmove ();
      ^~~~~~~
configure:6278: $? = 0
configure:6278: result: yes
configure:6284: checking for strdup
configure:6284: gcc -o conftest -g -O2   conftest.c  >&5
conftest.c:88:6: warning: conflicting types for built-in function 'strdup' [-Wbuiltin-declaration-mismatch]
 char strdup ();
      ^~~~~~
configure:6284: $? = 0
configure:6284: result: yes
configure:6290: checking for strndup
configure:6290: gcc -o conftest -g -O2   conftest.c  >&5
conftest.c:89:6: warning: conflicting types for built-in function 'strndup' [-Wbuiltin-declaration-mismatch]
 char strndup ();
      ^~~~~~~
configure:6290: $? = 0
configure:6290: result: yes
configure:6296: checking for strcspn
configure:6296: gcc -o conftest -g -O2   conftest.c  >&5
conftest.c:90:6: warning: conflicting types for built-in function 'strcspn' [-Wbuiltin-declaration-mismatch]
 char strcspn ();
      ^~~~~~~
configure:6296: $? = 0
configure:6296: result: yes
configure:6302: checking for strspn
configure:6302: gcc -o conftest -g -O2   conftest.c  >&5
conftest.c:91:6: warning: conflicting types for built-in function 'strspn' [-Wbuiltin-declaration-mismatch]
 char strspn ();
      ^~~~~~
configure:6302: $? = 0
configure:6302: result: yes
configure:6308: checking for strtoul
configure:6308: gcc -o conftest -g -O2   conftest.c  >&5
configure:6308: $? = 0
configure:6308: result: yes
configure:6314: checking for strtol
configure:6314: gcc -o conftest -g -O2   conftest.c  >&5
configure:6314: $? = 0
configure:6314: result: yes
configure:6320: checking for strtoll
configure:6320: gcc -o conftest -g -O2   conftest.c  >&5
configure:6320: $? = 0
configure:6320: result: yes
configure:6326: checking for strtoui
configure:6326: gcc -o conftest -g -O2   conftest.c  >&5
/tmp/ccx57OLh.o: In function `main':
/home/c2rust/Desktop/c_prog/mtools-4.0.45/conftest.c:106: undefined reference to `strtoui'
collect2: error: ld returned 1 exit status
configure:6326: $? = 1
configure: failed program was:
| /* confdefs.h */
| #define PACKAGE_NAME ""
| #define PACKAGE_TARNAME ""
| #define PACKAGE_VERSION ""
| #define PACKAGE_STRING ""
| #define PACKAGE_BUGREPORT ""
| #define PACKAGE_URL ""
| #define USE_XDF 1
| #define USE_RAWTERM 1
| #define HAVE_SYS_WAIT_H 1
| #define HAVE_STDIO_H 1
| #define HAVE_STDLIB_H 1
| #define HAVE_STRING_H 1
| #define HAVE_INTTYPES_H 1
| #define HAVE_STDINT_H 1
| #define HAVE_STRINGS_H 1
| #define HAVE_SYS_STAT_H 1
| #define HAVE_SYS_TYPES_H 1
| #define HAVE_UNISTD_H 1
| #define STDC_HEADERS 1
| #define HAVE__BOOL 1
| #define HAVE_STDBOOL_H 1
| #define HAVE_GETOPT_H 1
| #define HAVE_STDARG_H 1
| #define HAVE_INTTYPES_H 1
| #define HAVE_FCNTL_H 1
| #define HAVE_LIMITS_H 1
| #define HAVE_SYS_FILE_H 1
| #define HAVE_SYS_IOCTL_H 1
| #define HAVE_TIME_H 1
| #define HAVE_SYS_TIME_H 1
| #define HAVE_SYS_PARAM_H 1
| #define HAVE_MEMORY_H 1
| #define HAVE_MALLOC_H 1
| #define HAVE_SIGNAL_H 1
| #define HAVE_SYS_SIGNAL_H 1
| #define HAVE_UTIME_H 1
| #define HAVE_SGTTY_H 1
| #define HAVE_MNTENT_H 1
| #define HAVE_SYS_SYSMACROS_H 1
| #define HAVE_ASSERT_H 1
| #define HAVE_ICONV_H 1
| #define HAVE_WCTYPE_H 1
| #define HAVE_WCHAR_H 1
| #define HAVE_LOCALE_H 1
| #define HAVE_DIRENT_H 1
| #define HAVE_TERMIO_H 1
| #define HAVE_TERMIOS_H 1
| #define HAVE_CADDR_T 1
| #define HAVE_LONG_LONG 1
| #define SIZEOF_SIZE_T 8
| #define SIZEOF_OFF_T 8
| #define SIZEOF_TIME_T 8
| #define SIZEOF_LONG 8
| #define SIZEOF_INT 4
| #define HAVE_HTONS 1
| #define HAVE_STRERROR 1
| #define HAVE_RANDOM 1
| #define HAVE_SRANDOM 1
| #define HAVE_STRCHR 1
| #define HAVE_STRRCHR 1
| #define HAVE_LOCKF 1
| #define HAVE_FLOCK 1
| #define HAVE_STRCASECMP 1
| #define HAVE_STRNCASECMP 1
| #define HAVE_STRNLEN 1
| #define HAVE_ATEXIT 1
| #define HAVE_ON_EXIT 1
| #define HAVE_GETPASS 1
| #define HAVE_MEMMOVE 1
| #define HAVE_STRDUP 1
| #define HAVE_STRNDUP 1
| #define HAVE_STRCSPN 1
| #define HAVE_STRSPN 1
| #define HAVE_STRTOUL 1
| #define HAVE_STRTOL 1
| #define HAVE_STRTOLL 1
| /* end confdefs.h.  */
| /* Define strtoui to an innocuous variant, in case <limits.h> declares strtoui.
|    For example, HP-UX 11i <limits.h> declares gettimeofday.  */
| #define strtoui innocuous_strtoui
| 
| /* System header to define __stub macros and hopefully few prototypes,
|    which can conflict with char strtoui (); below.  */
| 
| #include <limits.h>
| #undef strtoui
| 
| /* Override any GCC internal prototype to avoid an error.
|    Use char because int might match the return type of a GCC
|    builtin and then its argument prototype would still apply.  */
| #ifdef __cplusplus
| extern "C"
| #endif
| char strtoui ();
| /* The GNU C library defines this for functions which it implements
|     to always fail with ENOSYS.  Some functions are actually named
|     something starting with __ and the normal name is an alias.  */
| #if defined __stub_strtoui || defined __stub___strtoui
| choke me
| #endif
| 
| int
| main (void)
| {
| return strtoui ();
|   ;
|   return 0;
| }
configure:6326: result: no
configure:6332: checking for memcpy
configure:6332: gcc -o conftest -g -O2   conftest.c  >&5
conftest.c:95:6: warning: conflicting types for built-in function 'memcpy' [-Wbuiltin-declaration-mismatch]
 char memcpy ();
      ^~~~~~
configure:6332: $? = 0
configure:6332: result: yes
configure:6338: checking for strpbrk
configure:6338: gcc -o conftest -g -O2   conftest.c  >&5
conftest.c:96:6: warning: conflicting types for built-in function 'strpbrk' [-Wbuiltin-declaration-mismatch]
 char strpbrk ();
      ^~~~~~~
configure:6338: $? = 0
configure:6338: result: yes
configure:6344: checking for memset
configure:6344: gcc -o conftest -g -O2   conftest.c  >&5
conftest.c:97:6: warning: conflicting types for built-in function 'memset' [-Wbuiltin-declaration-mismatch]
 char memset ();
      ^~~~~~
configure:6344: $? = 0
configure:6344: result: yes
configure:6350: checking for setenv
configure:6350: gcc -o conftest -g -O2   conftest.c  >&5
configure:6350: $? = 0
configure:6350: result: yes
configure:6356: checking for seteuid
configure:6356: gcc -o conftest -g -O2   conftest.c  >&5
configure:6356: $? = 0
configure:6356: result: yes
configure:6362: checking for setresuid
configure:6362: gcc -o conftest -g -O2   conftest.c  >&5
configure:6362: $? = 0
configure:6362: result: yes
configure:6368: checking for tcsetattr
configure:6368: gcc -o conftest -g -O2   conftest.c  >&5
configure:6368: $? = 0
configure:6368: result: yes
configure:6374: checking for tcflush
configure:6374: gcc -o conftest -g -O2   conftest.c  >&5
configure:6374: $? = 0
configure:6374: result: yes
configure:6380: checking for basename
configure:6380: gcc -o conftest -g -O2   conftest.c  >&5
configure:6380: $? = 0
configure:6380: result: yes
configure:6386: checking for readdir
configure:6386: gcc -o conftest -g -O2   conftest.c  >&5
configure:6386: $? = 0
configure:6386: result: yes
configure:6392: checking for snprintf
configure:6392: gcc -o conftest -g -O2   conftest.c  >&5
conftest.c:105:6: warning: conflicting types for built-in function 'snprintf' [-Wbuiltin-declaration-mismatch]
 char snprintf ();
      ^~~~~~~~
configure:6392: $? = 0
configure:6392: result: yes
configure:6398: checking for setlocale
configure:6398: gcc -o conftest -g -O2   conftest.c  >&5
configure:6398: $? = 0
configure:6398: result: yes
configure:6404: checking for strstr
configure:6404: gcc -o conftest -g -O2   conftest.c  >&5
conftest.c:107:6: warning: conflicting types for built-in function 'strstr' [-Wbuiltin-declaration-mismatch]
 char strstr ();
      ^~~~~~
configure:6404: $? = 0
configure:6404: result: yes
configure:6410: checking for toupper_l
configure:6410: gcc -o conftest -g -O2   conftest.c  >&5
configure:6410: $? = 0
configure:6410: result: yes
configure:6416: checking for strncasecmp_l
configure:6416: gcc -o conftest -g -O2   conftest.c  >&5
configure:6416: $? = 0
configure:6416: result: yes
configure:6422: checking for wcsdup
configure:6422: gcc -o conftest -g -O2   conftest.c  >&5
configure:6422: $? = 0
configure:6422: result: yes
configure:6428: checking for wcscasecmp
configure:6428: gcc -o conftest -g -O2   conftest.c  >&5
configure:6428: $? = 0
configure:6428: result: yes
configure:6434: checking for wcsnlen
configure:6434: gcc -o conftest -g -O2   conftest.c  >&5
configure:6434: $? = 0
configure:6434: result: yes
configure:6440: checking for putwc
configure:6440: gcc -o conftest -g -O2   conftest.c  >&5
configure:6440: $? = 0
configure:6440: result: yes
configure:6446: checking for alarm
configure:6446: gcc -o conftest -g -O2   conftest.c  >&5
configure:6446: $? = 0
configure:6446: result: yes
configure:6452: checking for sigaction
configure:6452: gcc -o conftest -g -O2   conftest.c  >&5
configure:6452: $? = 0
configure:6452: result: yes
configure:6458: checking for usleep
configure:6458: gcc -o conftest -g -O2   conftest.c  >&5
configure:6458: $? = 0
configure:6458: result: yes
configure:6464: checking for lstat
configure:6464: gcc -o conftest -g -O2   conftest.c  >&5
configure:6464: $? = 0
configure:6464: result: yes
configure:6470: checking for unsetenv
configure:6470: gcc -o conftest -g -O2   conftest.c  >&5
configure:6470: $? = 0
configure:6470: result: yes
configure:6476: checking for mkdir
configure:6476: gcc -o conftest -g -O2   conftest.c  >&5
configure:6476: $? = 0
configure:6476: result: yes
configure:6489: checking for utimes
configure:6489: gcc -o conftest -g -O2   conftest.c  >&5
configure:6489: $? = 0
configure:6489: result: yes
configure:6499: checking for tzset
configure:6499: gcc -o conftest -g -O2   conftest.c  >&5
configure:6499: $? = 0
configure:6499: result: yes
configure:6505: checking for gettimeofday
configure:6505: gcc -o conftest -g -O2   conftest.c  >&5
configure:6505: $? = 0
configure:6505: result: yes
configure:6513: checking for gcc options needed to detect all undeclared functions
configure:6535: gcc -c -g -O2   conftest.c >&5
conftest.c: In function 'main':
conftest.c:111:8: error: 'strchr' undeclared (first use in this function)
 (void) strchr;
        ^~~~~~
conftest.c:111:8: note: each undeclared identifier is reported only once for each function it appears in
configure:6535: $? = 1
configure: failed program was:
| /* confdefs.h */
| #define PACKAGE_NAME ""
| #define PACKAGE_TARNAME ""
| #define PACKAGE_VERSION ""
| #define PACKAGE_STRING ""
| #define PACKAGE_BUGREPORT ""
| #define PACKAGE_URL ""
| #define USE_XDF 1
| #define USE_RAWTERM 1
| #define HAVE_SYS_WAIT_H 1
| #define HAVE_STDIO_H 1
| #define HAVE_STDLIB_H 1
| #define HAVE_STRING_H 1
| #define HAVE_INTTYPES_H 1
| #define HAVE_STDINT_H 1
| #define HAVE_STRINGS_H 1
| #define HAVE_SYS_STAT_H 1
| #define HAVE_SYS_TYPES_H 1
| #define HAVE_UNISTD_H 1
| #define STDC_HEADERS 1
| #define HAVE__BOOL 1
| #define HAVE_STDBOOL_H 1
| #define HAVE_GETOPT_H 1
| #define HAVE_STDARG_H 1
| #define HAVE_INTTYPES_H 1
| #define HAVE_FCNTL_H 1
| #define HAVE_LIMITS_H 1
| #define HAVE_SYS_FILE_H 1
| #define HAVE_SYS_IOCTL_H 1
| #define HAVE_TIME_H 1
| #define HAVE_SYS_TIME_H 1
| #define HAVE_SYS_PARAM_H 1
| #define HAVE_MEMORY_H 1
| #define HAVE_MALLOC_H 1
| #define HAVE_SIGNAL_H 1
| #define HAVE_SYS_SIGNAL_H 1
| #define HAVE_UTIME_H 1
| #define HAVE_SGTTY_H 1
| #define HAVE_MNTENT_H 1
| #define HAVE_SYS_SYSMACROS_H 1
| #define HAVE_ASSERT_H 1
| #define HAVE_ICONV_H 1
| #define HAVE_WCTYPE_H 1
| #define HAVE_WCHAR_H 1
| #define HAVE_LOCALE_H 1
| #define HAVE_DIRENT_H 1
| #define HAVE_TERMIO_H 1
| #define HAVE_TERMIOS_H 1
| #define HAVE_CADDR_T 1
| #define HAVE_LONG_LONG 1
| #define SIZEOF_SIZE_T 8
| #define SIZEOF_OFF_T 8
| #define SIZEOF_TIME_T 8
| #define SIZEOF_LONG 8
| #define SIZEOF_INT 4
| #define HAVE_HTONS 1
| #define HAVE_STRERROR 1
| #define HAVE_RANDOM 1
| #define HAVE_SRANDOM 1
| #define HAVE_STRCHR 1
| #define HAVE_STRRCHR 1
| #define HAVE_LOCKF 1
| #define HAVE_FLOCK 1
| #define HAVE_STRCASECMP 1
| #define HAVE_STRNCASECMP 1
| #define HAVE_STRNLEN 1
| #define HAVE_ATEXIT 1
| #define HAVE_ON_EXIT 1
| #define HAVE_GETPASS 1
| #define HAVE_MEMMOVE 1
| #define HAVE_STRDUP 1
| #define HAVE_STRNDUP 1
| #define HAVE_STRCSPN 1
| #define HAVE_STRSPN 1
| #define HAVE_STRTOUL 1
| #define HAVE_STRTOL 1
| #define HAVE_STRTOLL 1
| #define HAVE_MEMCPY 1
| #define HAVE_STRPBRK 1
| #define HAVE_MEMSET 1
| #define HAVE_SETENV 1
| #define HAVE_SETEUID 1
| #define HAVE_SETRESUID 1
| #define HAVE_TCSETATTR 1
| #define HAVE_TCFLUSH 1
| #define HAVE_BASENAME 1
| #define HAVE_READDIR 1
| #define HAVE_SNPRINTF 1
| #define HAVE_SETLOCALE 1
| #define HAVE_STRSTR 1
| #define HAVE_TOUPPER_L 1
| #define HAVE_STRNCASECMP_L 1
| #define HAVE_WCSDUP 1
| #define HAVE_WCSCASECMP 1
| #define HAVE_WCSNLEN 1
| #define HAVE_PUTWC 1
| #define HAVE_ALARM 1
| #define HAVE_SIGACTION 1
| #define HAVE_USLEEP 1
| #define HAVE_LSTAT 1
| #define HAVE_UNSETENV 1
| #define HAVE_MKDIR 1
| #define HAVE_UTIMES 1
| #define HAVE_TZSET 1
| #define HAVE_GETTIMEOFDAY 1
| /* end confdefs.h.  */
| 
| int
| main (void)
| {
| (void) strchr;
|   ;
|   return 0;
| }
configure:6562: gcc -c -g -O2   conftest.c >&5
configure:6562: $? = 0
configure:6579: result: none needed
configure:6593: checking whether sys_errlist is declared
configure:6593: gcc -c -g -O2   conftest.c >&5
configure:6593: $? = 0
configure:6593: result: yes
configure:6601: checking whether optarg is declared
configure:6601: gcc -c -g -O2   conftest.c >&5
configure:6601: $? = 0
configure:6601: result: yes
configure:6680: checking for X
configure:6718: gcc -o conftest -g -O2   conftest.c -lX11  >&5
configure:6718: $? = 0
configure:6905: result: libraries , headers 
configure:6936: checking for setpgrp
configure:6936: gcc -o conftest -g -O2   conftest.c  >&5
configure:6936: $? = 0
configure:6936: result: yes
configure:6942: checking for getuserid
configure:6942: gcc -o conftest -g -O2   conftest.c  >&5
/tmp/ccelq88S.o: In function `main':
/home/c2rust/Desktop/c_prog/mtools-4.0.45/conftest.c:138: undefined reference to `getuserid'
collect2: error: ld returned 1 exit status
configure:6942: $? = 1
configure: failed program was:
| /* confdefs.h */
| #define PACKAGE_NAME ""
| #define PACKAGE_TARNAME ""
| #define PACKAGE_VERSION ""
| #define PACKAGE_STRING ""
| #define PACKAGE_BUGREPORT ""
| #define PACKAGE_URL ""
| #define USE_XDF 1
| #define USE_RAWTERM 1
| #define HAVE_SYS_WAIT_H 1
| #define HAVE_STDIO_H 1
| #define HAVE_STDLIB_H 1
| #define HAVE_STRING_H 1
| #define HAVE_INTTYPES_H 1
| #define HAVE_STDINT_H 1
| #define HAVE_STRINGS_H 1
| #define HAVE_SYS_STAT_H 1
| #define HAVE_SYS_TYPES_H 1
| #define HAVE_UNISTD_H 1
| #define STDC_HEADERS 1
| #define HAVE__BOOL 1
| #define HAVE_STDBOOL_H 1
| #define HAVE_GETOPT_H 1
| #define HAVE_STDARG_H 1
| #define HAVE_INTTYPES_H 1
| #define HAVE_FCNTL_H 1
| #define HAVE_LIMITS_H 1
| #define HAVE_SYS_FILE_H 1
| #define HAVE_SYS_IOCTL_H 1
| #define HAVE_TIME_H 1
| #define HAVE_SYS_TIME_H 1
| #define HAVE_SYS_PARAM_H 1
| #define HAVE_MEMORY_H 1
| #define HAVE_MALLOC_H 1
| #define HAVE_SIGNAL_H 1
| #define HAVE_SYS_SIGNAL_H 1
| #define HAVE_UTIME_H 1
| #define HAVE_SGTTY_H 1
| #define HAVE_MNTENT_H 1
| #define HAVE_SYS_SYSMACROS_H 1
| #define HAVE_ASSERT_H 1
| #define HAVE_ICONV_H 1
| #define HAVE_WCTYPE_H 1
| #define HAVE_WCHAR_H 1
| #define HAVE_LOCALE_H 1
| #define HAVE_DIRENT_H 1
| #define HAVE_TERMIO_H 1
| #define HAVE_TERMIOS_H 1
| #define HAVE_CADDR_T 1
| #define HAVE_LONG_LONG 1
| #define SIZEOF_SIZE_T 8
| #define SIZEOF_OFF_T 8
| #define SIZEOF_TIME_T 8
| #define SIZEOF_LONG 8
| #define SIZEOF_INT 4
| #define HAVE_HTONS 1
| #define HAVE_STRERROR 1
| #define HAVE_RANDOM 1
| #define HAVE_SRANDOM 1
| #define HAVE_STRCHR 1
| #define HAVE_STRRCHR 1
| #define HAVE_LOCKF 1
| #define HAVE_FLOCK 1
| #define HAVE_STRCASECMP 1
| #define HAVE_STRNCASECMP 1
| #define HAVE_STRNLEN 1
| #define HAVE_ATEXIT 1
| #define HAVE_ON_EXIT 1
| #define HAVE_GETPASS 1
| #define HAVE_MEMMOVE 1
| #define HAVE_STRDUP 1
| #define HAVE_STRNDUP 1
| #define HAVE_STRCSPN 1
| #define HAVE_STRSPN 1
| #define HAVE_STRTOUL 1
| #define HAVE_STRTOL 1
| #define HAVE_STRTOLL 1
| #define HAVE_MEMCPY 1
| #define HAVE_STRPBRK 1
| #define HAVE_MEMSET 1
| #define HAVE_SETENV 1
| #define HAVE_SETEUID 1
| #define HAVE_SETRESUID 1
| #define HAVE_TCSETATTR 1
| #define HAVE_TCFLUSH 1
| #define HAVE_BASENAME 1
| #define HAVE_READDIR 1
| #define HAVE_SNPRINTF 1
| #define HAVE_SETLOCALE 1
| #define HAVE_STRSTR 1
| #define HAVE_TOUPPER_L 1
| #define HAVE_STRNCASECMP_L 1
| #define HAVE_WCSDUP 1
| #define HAVE_WCSCASECMP 1
| #define HAVE_WCSNLEN 1
| #define HAVE_PUTWC 1
| #define HAVE_ALARM 1
| #define HAVE_SIGACTION 1
| #define HAVE_USLEEP 1
| #define HAVE_LSTAT 1
| #define HAVE_UNSETENV 1
| #define HAVE_MKDIR 1
| #define HAVE_UTIMES 1
| #define HAVE_TZSET 1
| #define HAVE_GETTIMEOFDAY 1
| #define HAVE_DECL_SYS_ERRLIST 1
| #define HAVE_DECL_OPTARG 1
| #define USE_FLOPPYD 1
| #define HAVE_SETPGRP 1
| /* end confdefs.h.  */
| /* Define getuserid to an innocuous variant, in case <limits.h> declares getuserid.
|    For example, HP-UX 11i <limits.h> declares gettimeofday.  */
| #define getuserid innocuous_getuserid
| 
| /* System header to define __stub macros and hopefully few prototypes,
|    which can conflict with char getuserid (); below.  */
| 
| #include <limits.h>
| #undef getuserid
| 
| /* Override any GCC internal prototype to avoid an error.
|    Use char because int might match the return type of a GCC
|    builtin and then its argument prototype would still apply.  */
| #ifdef __cplusplus
| extern "C"
| #endif
| char getuserid ();
| /* The GNU C library defines this for functions which it implements
|     to always fail with ENOSYS.  Some functions are actually named
|     something starting with __ and the normal name is an alias.  */
| #if defined __stub_getuserid || defined __stub___getuserid
| choke me
| #endif
| 
| int
| main (void)
| {
| return getuserid ();
|   ;
|   return 0;
| }
configure:6942: result: no
configure:6948: checking for getgroupid
configure:6948: gcc -o conftest -g -O2   conftest.c  >&5
/tmp/ccVWrorZ.o: In function `main':
/home/c2rust/Desktop/c_prog/mtools-4.0.45/conftest.c:138: undefined reference to `getgroupid'
collect2: error: ld returned 1 exit status
configure:6948: $? = 1
configure: failed program was:
| /* confdefs.h */
| #define PACKAGE_NAME ""
| #define PACKAGE_TARNAME ""
| #define PACKAGE_VERSION ""
| #define PACKAGE_STRING ""
| #define PACKAGE_BUGREPORT ""
| #define PACKAGE_URL ""
| #define USE_XDF 1
| #define USE_RAWTERM 1
| #define HAVE_SYS_WAIT_H 1
| #define HAVE_STDIO_H 1
| #define HAVE_STDLIB_H 1
| #define HAVE_STRING_H 1
| #define HAVE_INTTYPES_H 1
| #define HAVE_STDINT_H 1
| #define HAVE_STRINGS_H 1
| #define HAVE_SYS_STAT_H 1
| #define HAVE_SYS_TYPES_H 1
| #define HAVE_UNISTD_H 1
| #define STDC_HEADERS 1
| #define HAVE__BOOL 1
| #define HAVE_STDBOOL_H 1
| #define HAVE_GETOPT_H 1
| #define HAVE_STDARG_H 1
| #define HAVE_INTTYPES_H 1
| #define HAVE_FCNTL_H 1
| #define HAVE_LIMITS_H 1
| #define HAVE_SYS_FILE_H 1
| #define HAVE_SYS_IOCTL_H 1
| #define HAVE_TIME_H 1
| #define HAVE_SYS_TIME_H 1
| #define HAVE_SYS_PARAM_H 1
| #define HAVE_MEMORY_H 1
| #define HAVE_MALLOC_H 1
| #define HAVE_SIGNAL_H 1
| #define HAVE_SYS_SIGNAL_H 1
| #define HAVE_UTIME_H 1
| #define HAVE_SGTTY_H 1
| #define HAVE_MNTENT_H 1
| #define HAVE_SYS_SYSMACROS_H 1
| #define HAVE_ASSERT_H 1
| #define HAVE_ICONV_H 1
| #define HAVE_WCTYPE_H 1
| #define HAVE_WCHAR_H 1
| #define HAVE_LOCALE_H 1
| #define HAVE_DIRENT_H 1
| #define HAVE_TERMIO_H 1
| #define HAVE_TERMIOS_H 1
| #define HAVE_CADDR_T 1
| #define HAVE_LONG_LONG 1
| #define SIZEOF_SIZE_T 8
| #define SIZEOF_OFF_T 8
| #define SIZEOF_TIME_T 8
| #define SIZEOF_LONG 8
| #define SIZEOF_INT 4
| #define HAVE_HTONS 1
| #define HAVE_STRERROR 1
| #define HAVE_RANDOM 1
| #define HAVE_SRANDOM 1
| #define HAVE_STRCHR 1
| #define HAVE_STRRCHR 1
| #define HAVE_LOCKF 1
| #define HAVE_FLOCK 1
| #define HAVE_STRCASECMP 1
| #define HAVE_STRNCASECMP 1
| #define HAVE_STRNLEN 1
| #define HAVE_ATEXIT 1
| #define HAVE_ON_EXIT 1
| #define HAVE_GETPASS 1
| #define HAVE_MEMMOVE 1
| #define HAVE_STRDUP 1
| #define HAVE_STRNDUP 1
| #define HAVE_STRCSPN 1
| #define HAVE_STRSPN 1
| #define HAVE_STRTOUL 1
| #define HAVE_STRTOL 1
| #define HAVE_STRTOLL 1
| #define HAVE_MEMCPY 1
| #define HAVE_STRPBRK 1
| #define HAVE_MEMSET 1
| #define HAVE_SETENV 1
| #define HAVE_SETEUID 1
| #define HAVE_SETRESUID 1
| #define HAVE_TCSETATTR 1
| #define HAVE_TCFLUSH 1
| #define HAVE_BASENAME 1
| #define HAVE_READDIR 1
| #define HAVE_SNPRINTF 1
| #define HAVE_SETLOCALE 1
| #define HAVE_STRSTR 1
| #define HAVE_TOUPPER_L 1
| #define HAVE_STRNCASECMP_L 1
| #define HAVE_WCSDUP 1
| #define HAVE_WCSCASECMP 1
| #define HAVE_WCSNLEN 1
| #define HAVE_PUTWC 1
| #define HAVE_ALARM 1
| #define HAVE_SIGACTION 1
| #define HAVE_USLEEP 1
| #define HAVE_LSTAT 1
| #define HAVE_UNSETENV 1
| #define HAVE_MKDIR 1
| #define HAVE_UTIMES 1
| #define HAVE_TZSET 1
| #define HAVE_GETTIMEOFDAY 1
| #define HAVE_DECL_SYS_ERRLIST 1
| #define HAVE_DECL_OPTARG 1
| #define USE_FLOPPYD 1
| #define HAVE_SETPGRP 1
| /* end confdefs.h.  */
| /* Define getgroupid to an innocuous variant, in case <limits.h> declares getgroupid.
|    For example, HP-UX 11i <limits.h> declares gettimeofday.  */
| #define getgroupid innocuous_getgroupid
| 
| /* System header to define __stub macros and hopefully few prototypes,
|    which can conflict with char getgroupid (); below.  */
| 
| #include <limits.h>
| #undef getgroupid
| 
| /* Override any GCC internal prototype to avoid an error.
|    Use char because int might match the return type of a GCC
|    builtin and then its argument prototype would still apply.  */
| #ifdef __cplusplus
| extern "C"
| #endif
| char getgroupid ();
| /* The GNU C library defines this for functions which it implements
|     to always fail with ENOSYS.  Some functions are actually named
|     something starting with __ and the normal name is an alias.  */
| #if defined __stub_getgroupid || defined __stub___getgroupid
| choke me
| #endif
| 
| int
| main (void)
| {
| return getgroupid ();
|   ;
|   return 0;
| }
configure:6948: result: no
configure:6955: checking whether setpgrp requires zero arguments
configure:6973: gcc -c -g -O2  conftest.c >&5
conftest.c: In function 'main':
conftest.c:142:1: error: too many arguments to function 'setpgrp'
 setpgrp(0, 0);
 ^~~~~~~
In file included from conftest.c:137:0:
/usr/include/unistd.h:663:12: note: declared here
 extern int setpgrp (void) __THROW;
            ^~~~~~~
configure:6973: $? = 1
configure: failed program was:
| /* confdefs.h */
| #define PACKAGE_NAME ""
| #define PACKAGE_TARNAME ""
| #define PACKAGE_VERSION ""
| #define PACKAGE_STRING ""
| #define PACKAGE_BUGREPORT ""
| #define PACKAGE_URL ""
| #define USE_XDF 1
| #define USE_RAWTERM 1
| #define HAVE_SYS_WAIT_H 1
| #define HAVE_STDIO_H 1
| #define HAVE_STDLIB_H 1
| #define HAVE_STRING_H 1
| #define HAVE_INTTYPES_H 1
| #define HAVE_STDINT_H 1
| #define HAVE_STRINGS_H 1
| #define HAVE_SYS_STAT_H 1
| #define HAVE_SYS_TYPES_H 1
| #define HAVE_UNISTD_H 1
| #define STDC_HEADERS 1
| #define HAVE__BOOL 1
| #define HAVE_STDBOOL_H 1
| #define HAVE_GETOPT_H 1
| #define HAVE_STDARG_H 1
| #define HAVE_INTTYPES_H 1
| #define HAVE_FCNTL_H 1
| #define HAVE_LIMITS_H 1
| #define HAVE_SYS_FILE_H 1
| #define HAVE_SYS_IOCTL_H 1
| #define HAVE_TIME_H 1
| #define HAVE_SYS_TIME_H 1
| #define HAVE_SYS_PARAM_H 1
| #define HAVE_MEMORY_H 1
| #define HAVE_MALLOC_H 1
| #define HAVE_SIGNAL_H 1
| #define HAVE_SYS_SIGNAL_H 1
| #define HAVE_UTIME_H 1
| #define HAVE_SGTTY_H 1
| #define HAVE_MNTENT_H 1
| #define HAVE_SYS_SYSMACROS_H 1
| #define HAVE_ASSERT_H 1
| #define HAVE_ICONV_H 1
| #define HAVE_WCTYPE_H 1
| #define HAVE_WCHAR_H 1
| #define HAVE_LOCALE_H 1
| #define HAVE_DIRENT_H 1
| #define HAVE_TERMIO_H 1
| #define HAVE_TERMIOS_H 1
| #define HAVE_CADDR_T 1
| #define HAVE_LONG_LONG 1
| #define SIZEOF_SIZE_T 8
| #define SIZEOF_OFF_T 8
| #define SIZEOF_TIME_T 8
| #define SIZEOF_LONG 8
| #define SIZEOF_INT 4
| #define HAVE_HTONS 1
| #define HAVE_STRERROR 1
| #define HAVE_RANDOM 1
| #define HAVE_SRANDOM 1
| #define HAVE_STRCHR 1
| #define HAVE_STRRCHR 1
| #define HAVE_LOCKF 1
| #define HAVE_FLOCK 1
| #define HAVE_STRCASECMP 1
| #define HAVE_STRNCASECMP 1
| #define HAVE_STRNLEN 1
| #define HAVE_ATEXIT 1
| #define HAVE_ON_EXIT 1
| #define HAVE_GETPASS 1
| #define HAVE_MEMMOVE 1
| #define HAVE_STRDUP 1
| #define HAVE_STRNDUP 1
| #define HAVE_STRCSPN 1
| #define HAVE_STRSPN 1
| #define HAVE_STRTOUL 1
| #define HAVE_STRTOL 1
| #define HAVE_STRTOLL 1
| #define HAVE_MEMCPY 1
| #define HAVE_STRPBRK 1
| #define HAVE_MEMSET 1
| #define HAVE_SETENV 1
| #define HAVE_SETEUID 1
| #define HAVE_SETRESUID 1
| #define HAVE_TCSETATTR 1
| #define HAVE_TCFLUSH 1
| #define HAVE_BASENAME 1
| #define HAVE_READDIR 1
| #define HAVE_SNPRINTF 1
| #define HAVE_SETLOCALE 1
| #define HAVE_STRSTR 1
| #define HAVE_TOUPPER_L 1
| #define HAVE_STRNCASECMP_L 1
| #define HAVE_WCSDUP 1
| #define HAVE_WCSCASECMP 1
| #define HAVE_WCSNLEN 1
| #define HAVE_PUTWC 1
| #define HAVE_ALARM 1
| #define HAVE_SIGACTION 1
| #define HAVE_USLEEP 1
| #define HAVE_LSTAT 1
| #define HAVE_UNSETENV 1
| #define HAVE_MKDIR 1
| #define HAVE_UTIMES 1
| #define HAVE_TZSET 1
| #define HAVE_GETTIMEOFDAY 1
| #define HAVE_DECL_SYS_ERRLIST 1
| #define HAVE_DECL_OPTARG 1
| #define USE_FLOPPYD 1
| #define HAVE_SETPGRP 1
| /* end confdefs.h.  */
| #include <stddef.h>
| #ifdef HAVE_STDIO_H
| # include <stdio.h>
| #endif
| #ifdef HAVE_STDLIB_H
| # include <stdlib.h>
| #endif
| #ifdef HAVE_STRING_H
| # include <string.h>
| #endif
| #ifdef HAVE_INTTYPES_H
| # include <inttypes.h>
| #endif
| #ifdef HAVE_STDINT_H
| # include <stdint.h>
| #endif
| #ifdef HAVE_STRINGS_H
| # include <strings.h>
| #endif
| #ifdef HAVE_SYS_TYPES_H
| # include <sys/types.h>
| #endif
| #ifdef HAVE_SYS_STAT_H
| # include <sys/stat.h>
| #endif
| #ifdef HAVE_UNISTD_H
| # include <unistd.h>
| #endif
| int
| main (void)
| {
| setpgrp(0, 0);
|   ;
|   return 0;
| }
configure:6982: result: yes
configure:6992: checking for XOpenDisplay in -lX11
configure:7015: gcc -o conftest -g -O2   conftest.c -lX11   >&5
configure:7015: $? = 0
configure:7025: result: yes
configure:7032: checking for XauFileName in -lXau
configure:7055: gcc -o conftest -g -O2   conftest.c -lXau   >&5
configure:7055: $? = 0
configure:7065: result: yes
configure:7166: gcc -o conftest -g -O2   conftest.c   -lX11 >&5
configure:7166: $? = 0
configure:7265: checking for gethostbyname
configure:7265: gcc -o conftest -g -O2   conftest.c  >&5
configure:7265: $? = 0
configure:7265: result: yes
configure:7363: checking for connect
configure:7363: gcc -o conftest -g -O2   conftest.c  >&5
configure:7363: $? = 0
configure:7363: result: yes
configure:7413: checking for remove
configure:7413: gcc -o conftest -g -O2   conftest.c  >&5
configure:7413: $? = 0
configure:7413: result: yes
configure:7463: checking for shmat
configure:7463: gcc -o conftest -g -O2   conftest.c  >&5
configure:7463: $? = 0
configure:7463: result: yes
configure:7522: checking for IceConnectionNumber in -lICE
configure:7545: gcc -o conftest -g -O2   conftest.c -lICE   >&5
/usr/bin/ld: cannot find -lICE
collect2: error: ld returned 1 exit status
configure:7545: $? = 1
configure: failed program was:
| /* confdefs.h */
| #define PACKAGE_NAME ""
| #define PACKAGE_TARNAME ""
| #define PACKAGE_VERSION ""
| #define PACKAGE_STRING ""
| #define PACKAGE_BUGREPORT ""
| #define PACKAGE_URL ""
| #define USE_XDF 1
| #define USE_RAWTERM 1
| #define HAVE_SYS_WAIT_H 1
| #define HAVE_STDIO_H 1
| #define HAVE_STDLIB_H 1
| #define HAVE_STRING_H 1
| #define HAVE_INTTYPES_H 1
| #define HAVE_STDINT_H 1
| #define HAVE_STRINGS_H 1
| #define HAVE_SYS_STAT_H 1
| #define HAVE_SYS_TYPES_H 1
| #define HAVE_UNISTD_H 1
| #define STDC_HEADERS 1
| #define HAVE__BOOL 1
| #define HAVE_STDBOOL_H 1
| #define HAVE_GETOPT_H 1
| #define HAVE_STDARG_H 1
| #define HAVE_INTTYPES_H 1
| #define HAVE_FCNTL_H 1
| #define HAVE_LIMITS_H 1
| #define HAVE_SYS_FILE_H 1
| #define HAVE_SYS_IOCTL_H 1
| #define HAVE_TIME_H 1
| #define HAVE_SYS_TIME_H 1
| #define HAVE_SYS_PARAM_H 1
| #define HAVE_MEMORY_H 1
| #define HAVE_MALLOC_H 1
| #define HAVE_SIGNAL_H 1
| #define HAVE_SYS_SIGNAL_H 1
| #define HAVE_UTIME_H 1
| #define HAVE_SGTTY_H 1
| #define HAVE_MNTENT_H 1
| #define HAVE_SYS_SYSMACROS_H 1
| #define HAVE_ASSERT_H 1
| #define HAVE_ICONV_H 1
| #define HAVE_WCTYPE_H 1
| #define HAVE_WCHAR_H 1
| #define HAVE_LOCALE_H 1
| #define HAVE_DIRENT_H 1
| #define HAVE_TERMIO_H 1
| #define HAVE_TERMIOS_H 1
| #define HAVE_CADDR_T 1
| #define HAVE_LONG_LONG 1
| #define SIZEOF_SIZE_T 8
| #define SIZEOF_OFF_T 8
| #define SIZEOF_TIME_T 8
| #define SIZEOF_LONG 8
| #define SIZEOF_INT 4
| #define HAVE_HTONS 1
| #define HAVE_STRERROR 1
| #define HAVE_RANDOM 1
| #define HAVE_SRANDOM 1
| #define HAVE_STRCHR 1
| #define HAVE_STRRCHR 1
| #define HAVE_LOCKF 1
| #define HAVE_FLOCK 1
| #define HAVE_STRCASECMP 1
| #define HAVE_STRNCASECMP 1
| #define HAVE_STRNLEN 1
| #define HAVE_ATEXIT 1
| #define HAVE_ON_EXIT 1
| #define HAVE_GETPASS 1
| #define HAVE_MEMMOVE 1
| #define HAVE_STRDUP 1
| #define HAVE_STRNDUP 1
| #define HAVE_STRCSPN 1
| #define HAVE_STRSPN 1
| #define HAVE_STRTOUL 1
| #define HAVE_STRTOL 1
| #define HAVE_STRTOLL 1
| #define HAVE_MEMCPY 1
| #define HAVE_STRPBRK 1
| #define HAVE_MEMSET 1
| #define HAVE_SETENV 1
| #define HAVE_SETEUID 1
| #define HAVE_SETRESUID 1
| #define HAVE_TCSETATTR 1
| #define HAVE_TCFLUSH 1
| #define HAVE_BASENAME 1
| #define HAVE_READDIR 1
| #define HAVE_SNPRINTF 1
| #define HAVE_SETLOCALE 1
| #define HAVE_STRSTR 1
| #define HAVE_TOUPPER_L 1
| #define HAVE_STRNCASECMP_L 1
| #define HAVE_WCSDUP 1
| #define HAVE_WCSCASECMP 1
| #define HAVE_WCSNLEN 1
| #define HAVE_PUTWC 1
| #define HAVE_ALARM 1
| #define HAVE_SIGACTION 1
| #define HAVE_USLEEP 1
| #define HAVE_LSTAT 1
| #define HAVE_UNSETENV 1
| #define HAVE_MKDIR 1
| #define HAVE_UTIMES 1
| #define HAVE_TZSET 1
| #define HAVE_GETTIMEOFDAY 1
| #define HAVE_DECL_SYS_ERRLIST 1
| #define HAVE_DECL_OPTARG 1
| #define USE_FLOPPYD 1
| #define HAVE_SETPGRP 1
| #define SETPGRP_VOID 1
| /* end confdefs.h.  */
| 
| /* Override any GCC internal prototype to avoid an error.
|    Use char because int might match the return type of a GCC
|    builtin and then its argument prototype would still apply.  */
| char IceConnectionNumber ();
| int
| main (void)
| {
| return IceConnectionNumber ();
|   ;
|   return 0;
| }
configure:7555: result: no
configure:7566: checking for sys/socket.h
configure:7566: gcc -c -g -O2  conftest.c >&5
configure:7566: $? = 0
configure:7566: result: yes
configure:7572: checking for arpa/inet.h
configure:7572: gcc -c -g -O2  conftest.c >&5
configure:7572: $? = 0
configure:7572: result: yes
configure:7578: checking for netdb.h
configure:7578: gcc -c -g -O2  conftest.c >&5
configure:7578: $? = 0
configure:7578: result: yes
configure:7584: checking for netinet/in.h
configure:7584: gcc -c -g -O2  conftest.c >&5
configure:7584: $? = 0
configure:7584: result: yes
configure:7590: checking for netinet/tcp.h
configure:7590: gcc -c -g -O2  conftest.c >&5
configure:7590: $? = 0
configure:7590: result: yes
configure:7596: checking for X11/Xauth.h
configure:7596: gcc -c -g -O2  conftest.c >&5
configure:7596: $? = 0
configure:7596: result: yes
configure:7602: checking for X11/Xlib.h
configure:7602: gcc -c -g -O2  conftest.c >&5
configure:7602: $? = 0
configure:7602: result: yes
configure:7747: creating ./config.status

## ---------------------- ##
## Running config.status. ##
## ---------------------- ##

This file was extended by config.status, which was
generated by GNU Autoconf 2.71.  Invocation command line was

  CONFIG_FILES    = 
  CONFIG_HEADERS  = 
  CONFIG_LINKS    = 
  CONFIG_COMMANDS = 
  $ ./config.status 

on ubuntu

config.status:926: creating Makefile
config.status:926: creating config.h
config.status:1101: config.h is unchanged

## ---------------- ##
## Cache variables. ##
## ---------------- ##

ac_cv_build=x86_64-pc-linux-gnu
ac_cv_c_compiler_gnu=yes
ac_cv_c_const=yes
ac_cv_c_inline=inline
ac_cv_c_int16_t=yes
ac_cv_c_int32_t=yes
ac_cv_c_int8_t=yes
ac_cv_c_uint16_t=yes
ac_cv_c_uint32_t=yes
ac_cv_c_uint8_t=yes
ac_cv_c_undeclared_builtin_options='none needed'
ac_cv_env_CC_set=
ac_cv_env_CC_value=
ac_cv_env_CFLAGS_set=
ac_cv_env_CFLAGS_value=
ac_cv_env_CPPFLAGS_set=
ac_cv_env_CPPFLAGS_value=
ac_cv_env_CPP_set=
ac_cv_env_CPP_value=
ac_cv_env_LDFLAGS_set=
ac_cv_env_LDFLAGS_value=
ac_cv_env_LIBS_set=
ac_cv_env_LIBS_value=
ac_cv_env_XMKMF_set=
ac_cv_env_XMKMF_value=
ac_cv_env_build_alias_set=
ac_cv_env_build_alias_value=
ac_cv_env_host_alias_set=
ac_cv_env_host_alias_value=
ac_cv_env_target_alias_set=
ac_cv_env_target_alias_value=
ac_cv_func_alarm=yes
ac_cv_func_atexit=yes
ac_cv_func_basename=yes
ac_cv_func_connect=yes
ac_cv_func_flock=yes
ac_cv_func_getgroupid=no
ac_cv_func_gethostbyname=yes
ac_cv_func_getpass=yes
ac_cv_func_gettimeofday=yes
ac_cv_func_getuserid=no
ac_cv_func_htons=yes
ac_cv_func_lockf=yes
ac_cv_func_lstat=yes
ac_cv_func_memcpy=yes
ac_cv_func_memmove=yes
ac_cv_func_memset=yes
ac_cv_func_mkdir=yes
ac_cv_func_on_exit=yes
ac_cv_func_putwc=yes
ac_cv_func_random=yes
ac_cv_func_readdir=yes
ac_cv_func_remove=yes
ac_cv_func_setenv=yes
ac_cv_func_seteuid=yes
ac_cv_func_setlocale=yes
ac_cv_func_setpgrp=yes
ac_cv_func_setpgrp_void=yes
ac_cv_func_setresuid=yes
ac_cv_func_shmat=yes
ac_cv_func_sigaction=yes
ac_cv_func_snprintf=yes
ac_cv_func_srandom=yes
ac_cv_func_strcasecmp=yes
ac_cv_func_strchr=yes
ac_cv_func_strcspn=yes
ac_cv_func_strdup=yes
ac_cv_func_strerror=yes
ac_cv_func_strncasecmp=yes
ac_cv_func_strncasecmp_l=yes
ac_cv_func_strndup=yes
ac_cv_func_strnlen=yes
ac_cv_func_strpbrk=yes
ac_cv_func_strrchr=yes
ac_cv_func_strspn=yes
ac_cv_func_strstr=yes
ac_cv_func_strtol=yes
ac_cv_func_strtoll=yes
ac_cv_func_strtoui=no
ac_cv_func_strtoul=yes
ac_cv_func_tcflush=yes
ac_cv_func_tcsetattr=yes
ac_cv_func_toupper_l=yes
ac_cv_func_tzset=yes
ac_cv_func_unsetenv=yes
ac_cv_func_usleep=yes
ac_cv_func_utimes=yes
ac_cv_func_wcscasecmp=yes
ac_cv_func_wcsdup=yes
ac_cv_func_wcsnlen=yes
ac_cv_have_decl_optarg=yes
ac_cv_have_decl_sys_errlist=yes
ac_cv_have_x='have_x=yes	ac_x_includes='\'''\''	ac_x_libraries='\'''\'''
ac_cv_header_X11_Xauth_h=yes
ac_cv_header_X11_Xlib_h=yes
ac_cv_header_arpa_inet_h=yes
ac_cv_header_assert_h=yes
ac_cv_header_dirent_h=yes
ac_cv_header_fcntl_h=yes
ac_cv_header_getopt_h=yes
ac_cv_header_iconv_h=yes
ac_cv_header_inttypes_h=yes
ac_cv_header_io_h=no
ac_cv_header_libc_h=no
ac_cv_header_limits_h=yes
ac_cv_header_locale_h=yes
ac_cv_header_malloc_h=yes
ac_cv_header_memory_h=yes
ac_cv_header_mntent_h=yes
ac_cv_header_netdb_h=yes
ac_cv_header_netinet_in_h=yes
ac_cv_header_netinet_tcp_h=yes
ac_cv_header_sgtty_h=yes
ac_cv_header_signal_h=yes
ac_cv_header_stdarg_h=yes
ac_cv_header_stdbool_h=yes
ac_cv_header_stdint_h=yes
ac_cv_header_stdio_h=yes
ac_cv_header_stdlib_h=yes
ac_cv_header_string_h=yes
ac_cv_header_strings_h=yes
ac_cv_header_sys_fdio_h=no
ac_cv_header_sys_file_h=yes
ac_cv_header_sys_floppy_h=no
ac_cv_header_sys_ioctl_h=yes
ac_cv_header_sys_param_h=yes
ac_cv_header_sys_signal_h=yes
ac_cv_header_sys_socket_h=yes
ac_cv_header_sys_stat_h=yes
ac_cv_header_sys_sysmacros_h=yes
ac_cv_header_sys_time_h=yes
ac_cv_header_sys_types_h=yes
ac_cv_header_sys_wait_h=yes
ac_cv_header_termio_h=yes
ac_cv_header_termios_h=yes
ac_cv_header_time_h=yes
ac_cv_header_unistd_h=yes
ac_cv_header_utime_h=yes
ac_cv_header_wchar_h=yes
ac_cv_header_wctype_h=yes
ac_cv_header_xlocale_h=no
ac_cv_host=x86_64-pc-linux-gnu
ac_cv_lib_ICE_IceConnectionNumber=no
ac_cv_lib_X11_XOpenDisplay=yes
ac_cv_lib_Xau_XauFileName=yes
ac_cv_lib_iconv_iconv=no
ac_cv_lib_sun_getpwnam=no
ac_cv_objext=o
ac_cv_path_EGREP='/bin/grep -E'
ac_cv_path_GREP=/bin/grep
ac_cv_path_INSTALL_INFO=/usr/bin/install-info
ac_cv_path_install='/usr/bin/install -c'
ac_cv_prog_CPP='gcc -E'
ac_cv_prog_ac_ct_CC=gcc
ac_cv_prog_cc_c11=
ac_cv_prog_cc_g=yes
ac_cv_prog_cc_stdc=
ac_cv_sizeof_int=4
ac_cv_sizeof_long=8
ac_cv_sizeof_off_t=8
ac_cv_sizeof_size_t=8
ac_cv_sizeof_time_t=8
ac_cv_struct_tm=time.h
ac_cv_sys_file_offset_bits=no
ac_cv_sys_largefile_CC=no
ac_cv_target=x86_64-pc-linux-gnu
ac_cv_type__Bool=yes
ac_cv_type_caddr_t=yes
ac_cv_type_long_long=yes
ac_cv_type_off_t=yes
ac_cv_type_pid_t=yes
ac_cv_type_size_t=yes
ac_cv_type_ssize_t=yes
ac_cv_type_uid_t=yes

## ----------------- ##
## Output variables. ##
## ----------------- ##

BINFLOPPYD='$(DESTDIR)$(bindir)/floppyd $(DESTDIR)$(bindir)/floppyd_installtest'
CC='gcc'
CFLAGS='-g -O2'
CPP='gcc -E'
CPPFLAGS=''
DEFS='-DHAVE_CONFIG_H'
ECHO_C=''
ECHO_N='-n'
ECHO_T=''
EGREP='/bin/grep -E'
EXEEXT=''
FLOPPYD='floppyd floppyd_installtest'
FLOPPYD_IO_OBJ='floppyd_io.o'
FLOPPYD_IO_SRC='floppyd_io.c'
FLOPPYD_LIBS='-lXau -lX11 '
GREP='/bin/grep'
HOST_ID='-DCPU_x86_64 -DVENDOR_pc -DOS_linux_gnu'
INSTALL_DATA='${INSTALL} -m 644'
INSTALL_INFO='/usr/bin/install-info'
INSTALL_PROGRAM='${INSTALL}'
INSTALL_SCRIPT='${INSTALL}'
LDFLAGS=''
LIBOBJS=''
LIBS=''
LN_S='ln -s'
LTLIBOBJS=''
MACHDEPLIBS=''
OBJEXT='o'
PACKAGE_BUGREPORT=''
PACKAGE_NAME=''
PACKAGE_STRING=''
PACKAGE_TARNAME=''
PACKAGE_URL=''
PACKAGE_VERSION=''
PATH_SEPARATOR=':'
SHELL='/bin/bash'
SHLIB=''
XDF_IO_OBJ='xdf_io.o'
XDF_IO_SRC='xdf_io.c'
XMKMF=''
X_CFLAGS=''
X_EXTRA_LIBS=''
X_LIBS=''
X_PRE_LIBS=''
ac_ct_CC='gcc'
bindir='${exec_prefix}/bin'
build='x86_64-pc-linux-gnu'
build_alias=''
build_cpu='x86_64'
build_os='linux-gnu'
build_vendor='pc'
datadir='${datarootdir}'
datarootdir='${prefix}/share'
docdir='${datarootdir}/doc/${PACKAGE}'
dvidir='${docdir}'
exec_prefix='${prefix}'
extraincludedir=''
extralibdir=''
host='x86_64-pc-linux-gnu'
host_alias=''
host_cpu='x86_64'
host_os='linux-gnu'
host_vendor='pc'
htmldir='${docdir}'
includedir='${prefix}/include'
infodir='${datarootdir}/info'
libdir='${exec_prefix}/lib'
libexecdir='${exec_prefix}/libexec'
localedir='${datarootdir}/locale'
localstatedir='${prefix}/var'
mandir='${datarootdir}/man'
oldincludedir='/usr/include'
pdfdir='${docdir}'
prefix='/usr/local'
program_transform_name='s,x,x,'
psdir='${docdir}'
runstatedir='${localstatedir}/run'
sbindir='${exec_prefix}/sbin'
sharedstatedir='${prefix}/com'
sysconfdir='${prefix}/etc'
target='x86_64-pc-linux-gnu'
target_alias=''
target_cpu='x86_64'
target_os='linux-gnu'
target_vendor='pc'

## ----------- ##
## confdefs.h. ##
## ----------- ##

/* confdefs.h */
#define PACKAGE_NAME ""
#define PACKAGE_TARNAME ""
#define PACKAGE_VERSION ""
#define PACKAGE_STRING ""
#define PACKAGE_BUGREPORT ""
#define PACKAGE_URL ""
#define USE_XDF 1
#define USE_RAWTERM 1
#define HAVE_SYS_WAIT_H 1
#define HAVE_STDIO_H 1
#define HAVE_STDLIB_H 1
#define HAVE_STRING_H 1
#define HAVE_INTTYPES_H 1
#define HAVE_STDINT_H 1
#define HAVE_STRINGS_H 1
#define HAVE_SYS_STAT_H 1
#define HAVE_SYS_TYPES_H 1
#define HAVE_UNISTD_H 1
#define STDC_HEADERS 1
#define HAVE__BOOL 1
#define HAVE_STDBOOL_H 1
#define HAVE_GETOPT_H 1
#define HAVE_STDARG_H 1
#define HAVE_INTTYPES_H 1
#define HAVE_FCNTL_H 1
#define HAVE_LIMITS_H 1
#define HAVE_SYS_FILE_H 1
#define HAVE_SYS_IOCTL_H 1
#define HAVE_TIME_H 1
#define HAVE_SYS_TIME_H 1
#define HAVE_SYS_PARAM_H 1
#define HAVE_MEMORY_H 1
#define HAVE_MALLOC_H 1
#define HAVE_SIGNAL_H 1
#define HAVE_SYS_SIGNAL_H 1
#define HAVE_UTIME_H 1
#define HAVE_SGTTY_H 1
#define HAVE_MNTENT_H 1
#define HAVE_SYS_SYSMACROS_H 1
#define HAVE_ASSERT_H 1
#define HAVE_ICONV_H 1
#define HAVE_WCTYPE_H 1
#define HAVE_WCHAR_H 1
#define HAVE_LOCALE_H 1
#define HAVE_DIRENT_H 1
#define HAVE_TERMIO_H 1
#define HAVE_TERMIOS_H 1
#define HAVE_CADDR_T 1
#define HAVE_LONG_LONG 1
#define SIZEOF_SIZE_T 8
#define SIZEOF_OFF_T 8
#define SIZEOF_TIME_T 8
#define SIZEOF_LONG 8
#define SIZEOF_INT 4
#define HAVE_HTONS 1
#define HAVE_STRERROR 1
#define HAVE_RANDOM 1
#define HAVE_SRANDOM 1
#define HAVE_STRCHR 1
#define HAVE_STRRCHR 1
#define HAVE_LOCKF 1
#define HAVE_FLOCK 1
#define HAVE_STRCASECMP 1
#define HAVE_STRNCASECMP 1
#define HAVE_STRNLEN 1
#define HAVE_ATEXIT 1
#define HAVE_ON_EXIT 1
#define HAVE_GETPASS 1
#define HAVE_MEMMOVE 1
#define HAVE_STRDUP 1
#define HAVE_STRNDUP 1
#define HAVE_STRCSPN 1
#define HAVE_STRSPN 1
#define HAVE_STRTOUL 1
#define HAVE_STRTOL 1
#define HAVE_STRTOLL 1
#define HAVE_MEMCPY 1
#define HAVE_STRPBRK 1
#define HAVE_MEMSET 1
#define HAVE_SETENV 1
#define HAVE_SETEUID 1
#define HAVE_SETRESUID 1
#define HAVE_TCSETATTR 1
#define HAVE_TCFLUSH 1
#define HAVE_BASENAME 1
#define HAVE_READDIR 1
#define HAVE_SNPRINTF 1
#define HAVE_SETLOCALE 1
#define HAVE_STRSTR 1
#define HAVE_TOUPPER_L 1
#define HAVE_STRNCASECMP_L 1
#define HAVE_WCSDUP 1
#define HAVE_WCSCASECMP 1
#define HAVE_WCSNLEN 1
#define HAVE_PUTWC 1
#define HAVE_ALARM 1
#define HAVE_SIGACTION 1
#define HAVE_USLEEP 1
#define HAVE_LSTAT 1
#define HAVE_UNSETENV 1
#define HAVE_MKDIR 1
#define HAVE_UTIMES 1
#define HAVE_TZSET 1
#define HAVE_GETTIMEOFDAY 1
#define HAVE_DECL_SYS_ERRLIST 1
#define HAVE_DECL_OPTARG 1
#define USE_FLOPPYD 1
#define HAVE_SETPGRP 1
#define SETPGRP_VOID 1
#define HAVE_SYS_SOCKET_H 1
#define HAVE_ARPA_INET_H 1
#define HAVE_NETDB_H 1
#define HAVE_NETINET_IN_H 1
#define HAVE_NETINET_TCP_H 1
#define HAVE_X11_XAUTH_H 1
#define HAVE_X11_XLIB_H 1

configure: exit 0
