2025-04-18 03:04:06,166 [INFO] Running: c2rust transpile -e compile_commands.json
2025-04-18 03:04:10,161 [INFO] c2rust transpile succeeded
2025-04-18 03:04:10,161 [INFO] Running: cargo build
2025-04-18 03:04:11,048 [INFO] Updating `rsproxy` index
2025-04-18 03:04:11,264 [INFO] error: failed to get `c2rust-asm-casts` as a dependency of package `c2rust_out v0.0.0 (/home/c2rust/Desktop/c_prog/pth-2.0.7)`
2025-04-18 03:04:11,264 [INFO] 
2025-04-18 03:04:11,265 [INFO] Caused by:
2025-04-18 03:04:11,265 [INFO] failed to load source for dependency `c2rust-asm-casts`
2025-04-18 03:04:11,265 [INFO] 
2025-04-18 03:04:11,265 [INFO] Caused by:
2025-04-18 03:04:11,265 [INFO] Unable to update registry `crates-io`
2025-04-18 03:04:11,265 [INFO] 
2025-04-18 03:04:11,266 [INFO] Caused by:
2025-04-18 03:04:11,266 [INFO] failed to update replaced source registry `crates-io`
2025-04-18 03:04:11,266 [INFO] 
2025-04-18 03:04:11,266 [INFO] Caused by:
2025-04-18 03:04:11,266 [INFO] failed to fetch `https://rsproxy.cn/crates.io-index`
2025-04-18 03:04:11,266 [INFO] 
2025-04-18 03:04:11,266 [INFO] Caused by:
2025-04-18 03:04:11,266 [INFO] process didn't exit successfully: `git fetch --force --update-head-ok 'https://rsproxy.cn/crates.io-index' '+HEAD:refs/remotes/origin/HEAD'` (exit status: 128)
2025-04-18 03:04:11,266 [INFO] --- stderr
2025-04-18 03:04:11,266 [INFO] fatal: repository 'https://rsproxy.cn/crates.io-index/' not found
2025-04-18 03:04:11,267 [ERROR] cargo build failed with code 101
2025-04-18 03:04:11,276 [INFO] Running: cargo build
2025-04-18 03:04:12,143 [INFO] Updating `rsproxy` index
2025-04-18 03:04:12,348 [INFO] error: failed to get `c2rust-asm-casts` as a dependency of package `c2rust_out v0.0.0 (/home/c2rust/Desktop/c_prog/pth-2.0.7)`
2025-04-18 03:04:12,349 [INFO] 
2025-04-18 03:04:12,349 [INFO] Caused by:
2025-04-18 03:04:12,349 [INFO] failed to load source for dependency `c2rust-asm-casts`
2025-04-18 03:04:12,349 [INFO] 
2025-04-18 03:04:12,349 [INFO] Caused by:
2025-04-18 03:04:12,349 [INFO] Unable to update registry `crates-io`
2025-04-18 03:04:12,349 [INFO] 
2025-04-18 03:04:12,350 [INFO] Caused by:
2025-04-18 03:04:12,350 [INFO] failed to update replaced source registry `crates-io`
2025-04-18 03:04:12,350 [INFO] 
2025-04-18 03:04:12,350 [INFO] Caused by:
2025-04-18 03:04:12,350 [INFO] failed to fetch `https://rsproxy.cn/crates.io-index`
2025-04-18 03:04:12,350 [INFO] 
2025-04-18 03:04:12,350 [INFO] Caused by:
2025-04-18 03:04:12,351 [INFO] process didn't exit successfully: `git fetch --force --update-head-ok 'https://rsproxy.cn/crates.io-index' '+HEAD:refs/remotes/origin/HEAD'` (exit status: 128)
2025-04-18 03:04:12,351 [INFO] --- stderr
2025-04-18 03:04:12,351 [INFO] fatal: repository 'https://rsproxy.cn/crates.io-index/' not found
2025-04-18 03:04:12,351 [ERROR] cargo build failed with code 101
2025-04-24 08:06:17,375 [INFO] Running: c2rust transpile -e compile_commands.json
2025-04-24 08:06:21,174 [INFO] c2rust transpile succeeded
2025-04-24 08:06:21,174 [INFO] Running: cargo build
2025-04-24 08:06:22,073 [INFO] Updating `tuna` index
2025-04-24 08:06:22,545 [INFO] Compiling autocfg v1.4.0
2025-04-24 08:06:22,545 [INFO] Compiling shlex v1.3.0
2025-04-24 08:06:22,949 [INFO] Compiling libc v0.2.172
2025-04-24 08:06:23,230 [INFO] Compiling c2rust_out v0.0.0 (/home/c2rust/Desktop/c_prog/pth-2.0.7)
2025-04-24 08:06:23,495 [INFO] Compiling c2rust-asm-casts v0.2.0
2025-04-24 08:06:23,560 [INFO] Compiling cc v1.2.19
2025-04-24 08:06:23,795 [INFO] Compiling num-traits v0.2.19
2025-04-24 08:06:25,866 [INFO] Compiling f128_internal v0.2.2
2025-04-24 08:06:26,730 [INFO] Compiling f128_input v0.2.1
2025-04-24 08:06:27,164 [INFO] Compiling f128 v0.2.9
2025-04-24 08:06:27,715 [INFO] warning: unused `#[macro_use]` import
2025-04-24 08:06:27,715 [INFO] --> c2rust-lib.rs:12:1
2025-04-24 08:06:27,715 [INFO] |
2025-04-24 08:06:27,716 [INFO] 12 | #[macro_use]
2025-04-24 08:06:27,716 [INFO] | ^^^^^^^^^^^^
2025-04-24 08:06:27,716 [INFO] |
2025-04-24 08:06:27,716 [INFO] = note: `#[warn(unused_imports)]` on by default
2025-04-24 08:06:27,717 [INFO] 
2025-04-24 08:06:27,717 [INFO] warning: unused `#[macro_use]` import
2025-04-24 08:06:27,717 [INFO] --> c2rust-lib.rs:14:19
2025-04-24 08:06:27,717 [INFO] |
2025-04-24 08:06:27,718 [INFO] 14 | extern crate f128;#[macro_use]
2025-04-24 08:06:27,718 [INFO] |                   ^^^^^^^^^^^^
2025-04-24 08:06:27,718 [INFO] 
2025-04-24 08:06:27,722 [INFO] warning: unnecessary parentheses around assigned value
2025-04-24 08:06:27,723 [INFO] --> test_httpd.rs:370:21
2025-04-24 08:06:27,723 [INFO] |
2025-04-24 08:06:27,723 [INFO] 370 |         .sin_port = ({
2025-04-24 08:06:27,723 [INFO] |                     ^
2025-04-24 08:06:27,723 [INFO] ...
2025-04-24 08:06:27,724 [INFO] 389 |     });
2025-04-24 08:06:27,724 [INFO] |      ^
2025-04-24 08:06:27,724 [INFO] |
2025-04-24 08:06:27,724 [INFO] = note: `#[warn(unused_parens)]` on by default
2025-04-24 08:06:27,725 [INFO] help: remove these parentheses
2025-04-24 08:06:27,725 [INFO] |
2025-04-24 08:06:27,725 [INFO] 370 ~         .sin_port = {
2025-04-24 08:06:27,725 [INFO] 371 |         let mut __v: libc::c_ushort = 0;
2025-04-24 08:06:27,725 [INFO] ...
2025-04-24 08:06:27,726 [INFO] 388 |         __v
2025-04-24 08:06:27,726 [INFO] 389 ~     };
2025-04-24 08:06:27,726 [INFO] |
2025-04-24 08:06:27,726 [INFO] 
2025-04-24 08:06:27,808 [INFO] warning: the feature `asm` has been stable since 1.59.0 and no longer requires an attribute to enable
2025-04-24 08:06:27,808 [INFO] --> c2rust-lib.rs:8:12
2025-04-24 08:06:27,809 [INFO] |
2025-04-24 08:06:27,809 [INFO] 8 | #![feature(asm)]
2025-04-24 08:06:27,809 [INFO] |            ^^^
2025-04-24 08:06:27,809 [INFO] |
2025-04-24 08:06:27,809 [INFO] = note: `#[warn(stable_features)]` on by default
2025-04-24 08:06:27,810 [INFO] 
2025-04-24 08:06:27,942 [INFO] error[E0277]: the trait bound `pth_event::timeval: core::ffi::sealed_trait::VaArgSafe` is not satisfied
2025-04-24 08:06:27,942 [INFO] --> pth_event.rs:379:37
2025-04-24 08:06:27,943 [INFO] |
2025-04-24 08:06:27,943 [INFO] 379 |         let mut tv: pth_time_t = ap.arg::<pth_time_t>();
2025-04-24 08:06:27,943 [INFO] |                                     ^^^ the trait `core::ffi::sealed_trait::VaArgSafe` is not implemented for `pth_event::timeval`
2025-04-24 08:06:27,943 [INFO] |
2025-04-24 08:06:27,944 [INFO] = help: the following other types implement trait `core::ffi::sealed_trait::VaArgSafe`:
2025-04-24 08:06:27,944 [INFO] *const T
2025-04-24 08:06:27,944 [INFO] *mut T
2025-04-24 08:06:27,944 [INFO] f64
2025-04-24 08:06:27,945 [INFO] i16
2025-04-24 08:06:27,945 [INFO] i32
2025-04-24 08:06:27,945 [INFO] i64
2025-04-24 08:06:27,945 [INFO] i8
2025-04-24 08:06:27,946 [INFO] isize
2025-04-24 08:06:27,946 [INFO] and 5 others
2025-04-24 08:06:27,946 [INFO] note: required by a bound in `VaListImpl::<'f>::arg`
2025-04-24 08:06:27,946 [INFO] --> /home/c2rust/.rustup/toolchains/nightly-2022-08-08-x86_64-unknown-linux-gnu/lib/rustlib/src/rust/library/core/src/ffi/mod.rs:510:26
2025-04-24 08:06:27,947 [INFO] |
2025-04-24 08:06:27,947 [INFO] 510 |     pub unsafe fn arg<T: sealed_trait::VaArgSafe>(&mut self) -> T {
2025-04-24 08:06:27,947 [INFO] |                          ^^^^^^^^^^^^^^^^^^^^^^^ required by this bound in `VaListImpl::<'f>::arg`
2025-04-24 08:06:27,947 [INFO] 
2025-04-24 08:06:27,950 [INFO] error[E0277]: the trait bound `pth_event::timeval: core::ffi::sealed_trait::VaArgSafe` is not satisfied
2025-04-24 08:06:27,950 [INFO] --> pth_event.rs:438:36
2025-04-24 08:06:27,950 [INFO] |
2025-04-24 08:06:27,950 [INFO] 438 |         (*ev).ev_args.FUNC.tv = ap.arg::<pth_time_t>();
2025-04-24 08:06:27,951 [INFO] |                                    ^^^ the trait `core::ffi::sealed_trait::VaArgSafe` is not implemented for `pth_event::timeval`
2025-04-24 08:06:27,951 [INFO] |
2025-04-24 08:06:27,951 [INFO] = help: the following other types implement trait `core::ffi::sealed_trait::VaArgSafe`:
2025-04-24 08:06:27,951 [INFO] *const T
2025-04-24 08:06:27,951 [INFO] *mut T
2025-04-24 08:06:27,952 [INFO] f64
2025-04-24 08:06:27,952 [INFO] i16
2025-04-24 08:06:27,953 [INFO] i32
2025-04-24 08:06:27,953 [INFO] i64
2025-04-24 08:06:27,953 [INFO] i8
2025-04-24 08:06:27,953 [INFO] isize
2025-04-24 08:06:27,953 [INFO] and 5 others
2025-04-24 08:06:27,954 [INFO] note: required by a bound in `VaListImpl::<'f>::arg`
2025-04-24 08:06:27,954 [INFO] --> /home/c2rust/.rustup/toolchains/nightly-2022-08-08-x86_64-unknown-linux-gnu/lib/rustlib/src/rust/library/core/src/ffi/mod.rs:510:26
2025-04-24 08:06:27,954 [INFO] |
2025-04-24 08:06:27,955 [INFO] 510 |     pub unsafe fn arg<T: sealed_trait::VaArgSafe>(&mut self) -> T {
2025-04-24 08:06:27,955 [INFO] |                          ^^^^^^^^^^^^^^^^^^^^^^^ required by this bound in `VaListImpl::<'f>::arg`
2025-04-24 08:06:27,955 [INFO] 
2025-04-24 08:06:28,022 [INFO] error[E0277]: the trait bound `f128::f128: core::ffi::sealed_trait::VaArgSafe` is not satisfied
2025-04-24 08:06:28,023 [INFO] --> pth_string.rs:244:43
2025-04-24 08:06:28,023 [INFO] |
2025-04-24 08:06:28,023 [INFO] 244 | ...                   fvalue = args.arg::<f128::f128>();
2025-04-24 08:06:28,023 [INFO] |                                     ^^^ the trait `core::ffi::sealed_trait::VaArgSafe` is not implemented for `f128::f128`
2025-04-24 08:06:28,024 [INFO] |
2025-04-24 08:06:28,024 [INFO] = help: the following other types implement trait `core::ffi::sealed_trait::VaArgSafe`:
2025-04-24 08:06:28,024 [INFO] *const T
2025-04-24 08:06:28,024 [INFO] *mut T
2025-04-24 08:06:28,024 [INFO] f64
2025-04-24 08:06:28,025 [INFO] i16
2025-04-24 08:06:28,025 [INFO] i32
2025-04-24 08:06:28,025 [INFO] i64
2025-04-24 08:06:28,025 [INFO] i8
2025-04-24 08:06:28,026 [INFO] isize
2025-04-24 08:06:28,026 [INFO] and 5 others
2025-04-24 08:06:28,026 [INFO] note: required by a bound in `VaListImpl::<'f>::arg`
2025-04-24 08:06:28,026 [INFO] --> /home/c2rust/.rustup/toolchains/nightly-2022-08-08-x86_64-unknown-linux-gnu/lib/rustlib/src/rust/library/core/src/ffi/mod.rs:510:26
2025-04-24 08:06:28,026 [INFO] |
2025-04-24 08:06:28,027 [INFO] 510 |     pub unsafe fn arg<T: sealed_trait::VaArgSafe>(&mut self) -> T {
2025-04-24 08:06:28,027 [INFO] |                          ^^^^^^^^^^^^^^^^^^^^^^^ required by this bound in `VaListImpl::<'f>::arg`
2025-04-24 08:06:28,027 [INFO] 
2025-04-24 08:06:28,029 [INFO] error[E0277]: the trait bound `f128::f128: core::ffi::sealed_trait::VaArgSafe` is not satisfied
2025-04-24 08:06:28,029 [INFO] --> pth_string.rs:369:43
2025-04-24 08:06:28,030 [INFO] |
2025-04-24 08:06:28,030 [INFO] 369 | ...                   fvalue = args.arg::<f128::f128>();
2025-04-24 08:06:28,030 [INFO] |                                     ^^^ the trait `core::ffi::sealed_trait::VaArgSafe` is not implemented for `f128::f128`
2025-04-24 08:06:28,030 [INFO] |
2025-04-24 08:06:28,030 [INFO] = help: the following other types implement trait `core::ffi::sealed_trait::VaArgSafe`:
2025-04-24 08:06:28,031 [INFO] *const T
2025-04-24 08:06:28,031 [INFO] *mut T
2025-04-24 08:06:28,031 [INFO] f64
2025-04-24 08:06:28,032 [INFO] i16
2025-04-24 08:06:28,032 [INFO] i32
2025-04-24 08:06:28,033 [INFO] i64
2025-04-24 08:06:28,033 [INFO] i8
2025-04-24 08:06:28,033 [INFO] isize
2025-04-24 08:06:28,034 [INFO] and 5 others
2025-04-24 08:06:28,034 [INFO] note: required by a bound in `VaListImpl::<'f>::arg`
2025-04-24 08:06:28,034 [INFO] --> /home/c2rust/.rustup/toolchains/nightly-2022-08-08-x86_64-unknown-linux-gnu/lib/rustlib/src/rust/library/core/src/ffi/mod.rs:510:26
2025-04-24 08:06:28,035 [INFO] |
2025-04-24 08:06:28,035 [INFO] 510 |     pub unsafe fn arg<T: sealed_trait::VaArgSafe>(&mut self) -> T {
2025-04-24 08:06:28,035 [INFO] |                          ^^^^^^^^^^^^^^^^^^^^^^^ required by this bound in `VaListImpl::<'f>::arg`
2025-04-24 08:06:28,036 [INFO] 
2025-04-24 08:06:28,037 [INFO] error[E0277]: the trait bound `f128::f128: core::ffi::sealed_trait::VaArgSafe` is not satisfied
2025-04-24 08:06:28,037 [INFO] --> pth_string.rs:376:43
2025-04-24 08:06:28,037 [INFO] |
2025-04-24 08:06:28,037 [INFO] 376 | ...                   fvalue = args.arg::<f128::f128>();
2025-04-24 08:06:28,038 [INFO] |                                     ^^^ the trait `core::ffi::sealed_trait::VaArgSafe` is not implemented for `f128::f128`
2025-04-24 08:06:28,038 [INFO] |
2025-04-24 08:06:28,039 [INFO] = help: the following other types implement trait `core::ffi::sealed_trait::VaArgSafe`:
2025-04-24 08:06:28,039 [INFO] *const T
2025-04-24 08:06:28,039 [INFO] *mut T
2025-04-24 08:06:28,039 [INFO] f64
2025-04-24 08:06:28,041 [INFO] i16
2025-04-24 08:06:28,042 [INFO] i32
2025-04-24 08:06:28,042 [INFO] i64
2025-04-24 08:06:28,043 [INFO] i8
2025-04-24 08:06:28,043 [INFO] isize
2025-04-24 08:06:28,043 [INFO] and 5 others
2025-04-24 08:06:28,043 [INFO] note: required by a bound in `VaListImpl::<'f>::arg`
2025-04-24 08:06:28,043 [INFO] --> /home/c2rust/.rustup/toolchains/nightly-2022-08-08-x86_64-unknown-linux-gnu/lib/rustlib/src/rust/library/core/src/ffi/mod.rs:510:26
2025-04-24 08:06:28,044 [INFO] |
2025-04-24 08:06:28,044 [INFO] 510 |     pub unsafe fn arg<T: sealed_trait::VaArgSafe>(&mut self) -> T {
2025-04-24 08:06:28,045 [INFO] |                          ^^^^^^^^^^^^^^^^^^^^^^^ required by this bound in `VaListImpl::<'f>::arg`
2025-04-24 08:06:28,045 [INFO] 
2025-04-24 08:06:28,098 [INFO] For more information about this error, try `rustc --explain E0277`.
2025-04-24 08:06:28,105 [INFO] warning: `c2rust_out` (lib) generated 4 warnings
2025-04-24 08:06:28,106 [INFO] error: could not compile `c2rust_out` due to 5 previous errors; 4 warnings emitted
2025-04-24 08:06:28,108 [ERROR] cargo build failed with code 101
2025-04-24 08:06:28,119 [INFO] Running: cargo build
2025-04-24 08:06:28,377 [INFO] Compiling c2rust_out v0.0.0 (/home/c2rust/Desktop/c_prog/pth-2.0.7)
2025-04-24 08:06:28,737 [INFO] warning: unused `#[macro_use]` import
2025-04-24 08:06:28,737 [INFO] --> c2rust-lib.rs:12:1
2025-04-24 08:06:28,737 [INFO] |
2025-04-24 08:06:28,737 [INFO] 12 | #[macro_use]
2025-04-24 08:06:28,737 [INFO] | ^^^^^^^^^^^^
2025-04-24 08:06:28,737 [INFO] |
2025-04-24 08:06:28,738 [INFO] = note: `#[warn(unused_imports)]` on by default
2025-04-24 08:06:28,738 [INFO] 
2025-04-24 08:06:28,738 [INFO] warning: unused `#[macro_use]` import
2025-04-24 08:06:28,738 [INFO] --> c2rust-lib.rs:14:19
2025-04-24 08:06:28,738 [INFO] |
2025-04-24 08:06:28,738 [INFO] 14 | extern crate f128;#[macro_use]
2025-04-24 08:06:28,738 [INFO] |                   ^^^^^^^^^^^^
2025-04-24 08:06:28,738 [INFO] 
2025-04-24 08:06:28,743 [INFO] warning: unnecessary parentheses around assigned value
2025-04-24 08:06:28,743 [INFO] --> test_httpd.rs:573:20
2025-04-24 08:06:28,743 [INFO] |
2025-04-24 08:06:28,743 [INFO] 573 |     sar.sin_port = ({
2025-04-24 08:06:28,743 [INFO] |                    ^
2025-04-24 08:06:28,744 [INFO] ...
2025-04-24 08:06:28,744 [INFO] 592 |     });
2025-04-24 08:06:28,744 [INFO] |      ^
2025-04-24 08:06:28,744 [INFO] |
2025-04-24 08:06:28,744 [INFO] = note: `#[warn(unused_parens)]` on by default
2025-04-24 08:06:28,744 [INFO] help: remove these parentheses
2025-04-24 08:06:28,744 [INFO] |
2025-04-24 08:06:28,744 [INFO] 573 ~     sar.sin_port = {
2025-04-24 08:06:28,745 [INFO] 574 |         let mut __v: libc::c_ushort = 0;
2025-04-24 08:06:28,745 [INFO] ...
2025-04-24 08:06:28,745 [INFO] 591 |         __v
2025-04-24 08:06:28,745 [INFO] 592 ~     };
2025-04-24 08:06:28,746 [INFO] |
2025-04-24 08:06:28,746 [INFO] 
2025-04-24 08:06:28,829 [INFO] warning: crate-level attribute should be in the root module
2025-04-24 08:06:28,829 [INFO] --> pth_attr.rs:10:1
2025-04-24 08:06:28,830 [INFO] |
2025-04-24 08:06:28,830 [INFO] 10 | #![feature(c_variadic)]
2025-04-24 08:06:28,830 [INFO] | ^^^^^^^^^^^^^^^^^^^^^^^
2025-04-24 08:06:28,830 [INFO] |
2025-04-24 08:06:28,830 [INFO] = note: `#[warn(unused_attributes)]` on by default
2025-04-24 08:06:28,830 [INFO] 
2025-04-24 08:06:28,831 [INFO] warning: crate-level attribute should be in the root module
2025-04-24 08:06:28,831 [INFO] --> pth_debug.rs:10:1
2025-04-24 08:06:28,831 [INFO] |
2025-04-24 08:06:28,831 [INFO] 10 | #![feature(c_variadic)]
2025-04-24 08:06:28,832 [INFO] | ^^^^^^^^^^^^^^^^^^^^^^^
2025-04-24 08:06:28,832 [INFO] 
2025-04-24 08:06:28,832 [INFO] warning: crate-level attribute should be in the root module
2025-04-24 08:06:28,832 [INFO] --> pth_event.rs:10:1
2025-04-24 08:06:28,833 [INFO] |
2025-04-24 08:06:28,833 [INFO] 10 | #![feature(c_variadic)]
2025-04-24 08:06:28,833 [INFO] | ^^^^^^^^^^^^^^^^^^^^^^^
2025-04-24 08:06:28,833 [INFO] 
2025-04-24 08:06:28,834 [INFO] warning: crate-level attribute should be in the root module
2025-04-24 08:06:28,834 [INFO] --> pth_high.rs:10:1
2025-04-24 08:06:28,834 [INFO] |
2025-04-24 08:06:28,834 [INFO] 10 | #![feature(asm)]
2025-04-24 08:06:28,834 [INFO] | ^^^^^^^^^^^^^^^^
2025-04-24 08:06:28,834 [INFO] 
2025-04-24 08:06:28,835 [INFO] warning: crate-level attribute should be in the root module
2025-04-24 08:06:28,835 [INFO] --> pth_lib.rs:10:1
2025-04-24 08:06:28,835 [INFO] |
2025-04-24 08:06:28,835 [INFO] 10 | #![feature(c_variadic)]
2025-04-24 08:06:28,835 [INFO] | ^^^^^^^^^^^^^^^^^^^^^^^
2025-04-24 08:06:28,835 [INFO] 
2025-04-24 08:06:28,835 [INFO] warning: crate-level attribute should be in the root module
2025-04-24 08:06:28,835 [INFO] --> pth_sched.rs:10:1
2025-04-24 08:06:28,836 [INFO] |
2025-04-24 08:06:28,836 [INFO] 10 | #![feature(asm)]
2025-04-24 08:06:28,836 [INFO] | ^^^^^^^^^^^^^^^^
2025-04-24 08:06:28,836 [INFO] 
2025-04-24 08:06:28,836 [INFO] warning: crate-level attribute should be in the root module
2025-04-24 08:06:28,836 [INFO] --> pth_string.rs:10:1
2025-04-24 08:06:28,836 [INFO] |
2025-04-24 08:06:28,837 [INFO] 10 | #![feature(c_variadic)]
2025-04-24 08:06:28,837 [INFO] | ^^^^^^^^^^^^^^^^^^^^^^^
2025-04-24 08:06:28,837 [INFO] 
2025-04-24 08:06:28,837 [INFO] warning: crate-level attribute should be in the root module
2025-04-24 08:06:28,837 [INFO] --> test_httpd.rs:10:1
2025-04-24 08:06:28,837 [INFO] |
2025-04-24 08:06:28,837 [INFO] 10 | #![feature(asm, extern_types)]
2025-04-24 08:06:28,837 [INFO] | ^^^^^^^^^^^^^^^^^^^^^^^^^^^^^^
2025-04-24 08:06:28,837 [INFO] 
2025-04-24 08:06:28,838 [INFO] warning: crate-level attribute should be in the root module
2025-04-24 08:06:28,838 [INFO] --> test_misc.rs:10:1
2025-04-24 08:06:28,838 [INFO] |
2025-04-24 08:06:28,838 [INFO] 10 | #![feature(extern_types)]
2025-04-24 08:06:28,838 [INFO] | ^^^^^^^^^^^^^^^^^^^^^^^^^
2025-04-24 08:06:28,838 [INFO] 
2025-04-24 08:06:28,838 [INFO] warning: crate-level attribute should be in the root module
2025-04-24 08:06:28,838 [INFO] --> test_mp.rs:10:1
2025-04-24 08:06:28,838 [INFO] |
2025-04-24 08:06:28,838 [INFO] 10 | #![feature(extern_types)]
2025-04-24 08:06:28,839 [INFO] | ^^^^^^^^^^^^^^^^^^^^^^^^^
2025-04-24 08:06:28,839 [INFO] 
2025-04-24 08:06:28,839 [INFO] warning: crate-level attribute should be in the root module
2025-04-24 08:06:28,839 [INFO] --> test_philo.rs:10:1
2025-04-24 08:06:28,839 [INFO] |
2025-04-24 08:06:28,839 [INFO] 10 | #![feature(extern_types)]
2025-04-24 08:06:28,840 [INFO] | ^^^^^^^^^^^^^^^^^^^^^^^^^
2025-04-24 08:06:28,840 [INFO] 
2025-04-24 08:06:28,840 [INFO] warning: crate-level attribute should be in the root module
2025-04-24 08:06:28,840 [INFO] --> test_select.rs:10:1
2025-04-24 08:06:28,840 [INFO] |
2025-04-24 08:06:28,840 [INFO] 10 | #![feature(asm, extern_types)]
2025-04-24 08:06:28,840 [INFO] | ^^^^^^^^^^^^^^^^^^^^^^^^^^^^^^
2025-04-24 08:06:28,841 [INFO] 
2025-04-24 08:06:28,841 [INFO] warning: crate-level attribute should be in the root module
2025-04-24 08:06:28,841 [INFO] --> test_sig.rs:10:1
2025-04-24 08:06:28,841 [INFO] |
2025-04-24 08:06:28,841 [INFO] 10 | #![feature(extern_types)]
2025-04-24 08:06:28,841 [INFO] | ^^^^^^^^^^^^^^^^^^^^^^^^^
2025-04-24 08:06:28,841 [INFO] 
2025-04-24 08:06:28,841 [INFO] warning: crate-level attribute should be in the root module
2025-04-24 08:06:28,841 [INFO] --> test_std.rs:10:1
2025-04-24 08:06:28,842 [INFO] |
2025-04-24 08:06:28,842 [INFO] 10 | #![feature(extern_types)]
2025-04-24 08:06:28,842 [INFO] | ^^^^^^^^^^^^^^^^^^^^^^^^^
2025-04-24 08:06:28,842 [INFO] 
2025-04-24 08:06:28,852 [INFO] warning: the feature `asm` has been stable since 1.59.0 and no longer requires an attribute to enable
2025-04-24 08:06:28,853 [INFO] --> c2rust-lib.rs:8:12
2025-04-24 08:06:28,853 [INFO] |
2025-04-24 08:06:28,853 [INFO] 8 | #![feature(asm)]
2025-04-24 08:06:28,853 [INFO] |            ^^^
2025-04-24 08:06:28,853 [INFO] |
2025-04-24 08:06:28,853 [INFO] = note: `#[warn(stable_features)]` on by default
2025-04-24 08:06:28,853 [INFO] 
2025-04-24 08:06:29,013 [INFO] error[E0277]: the trait bound `pth_event::timeval: core::ffi::sealed_trait::VaArgSafe` is not satisfied
2025-04-24 08:06:29,013 [INFO] --> pth_event.rs:612:37
2025-04-24 08:06:29,014 [INFO] |
2025-04-24 08:06:29,014 [INFO] 612 |         let mut tv: pth_time_t = ap.arg::<pth_time_t>();
2025-04-24 08:06:29,014 [INFO] |                                     ^^^ the trait `core::ffi::sealed_trait::VaArgSafe` is not implemented for `pth_event::timeval`
2025-04-24 08:06:29,015 [INFO] |
2025-04-24 08:06:29,015 [INFO] = help: the following other types implement trait `core::ffi::sealed_trait::VaArgSafe`:
2025-04-24 08:06:29,015 [INFO] *const T
2025-04-24 08:06:29,015 [INFO] *mut T
2025-04-24 08:06:29,016 [INFO] f64
2025-04-24 08:06:29,016 [INFO] i16
2025-04-24 08:06:29,016 [INFO] i32
2025-04-24 08:06:29,016 [INFO] i64
2025-04-24 08:06:29,017 [INFO] i8
2025-04-24 08:06:29,017 [INFO] isize
2025-04-24 08:06:29,017 [INFO] and 5 others
2025-04-24 08:06:29,017 [INFO] note: required by a bound in `VaListImpl::<'f>::arg`
2025-04-24 08:06:29,018 [INFO] --> /home/c2rust/.rustup/toolchains/nightly-2022-08-08-x86_64-unknown-linux-gnu/lib/rustlib/src/rust/library/core/src/ffi/mod.rs:510:26
2025-04-24 08:06:29,018 [INFO] |
2025-04-24 08:06:29,018 [INFO] 510 |     pub unsafe fn arg<T: sealed_trait::VaArgSafe>(&mut self) -> T {
2025-04-24 08:06:29,019 [INFO] |                          ^^^^^^^^^^^^^^^^^^^^^^^ required by this bound in `VaListImpl::<'f>::arg`
2025-04-24 08:06:29,019 [INFO] 
2025-04-24 08:06:29,019 [INFO] error[E0277]: the trait bound `pth_event::timeval: core::ffi::sealed_trait::VaArgSafe` is not satisfied
2025-04-24 08:06:29,020 [INFO] --> pth_event.rs:663:36
2025-04-24 08:06:29,020 [INFO] |
2025-04-24 08:06:29,020 [INFO] 663 |         (*ev).ev_args.FUNC.tv = ap.arg::<pth_time_t>();
2025-04-24 08:06:29,021 [INFO] |                                    ^^^ the trait `core::ffi::sealed_trait::VaArgSafe` is not implemented for `pth_event::timeval`
2025-04-24 08:06:29,021 [INFO] |
2025-04-24 08:06:29,021 [INFO] = help: the following other types implement trait `core::ffi::sealed_trait::VaArgSafe`:
2025-04-24 08:06:29,022 [INFO] *const T
2025-04-24 08:06:29,022 [INFO] *mut T
2025-04-24 08:06:29,022 [INFO] f64
2025-04-24 08:06:29,022 [INFO] i16
2025-04-24 08:06:29,023 [INFO] i32
2025-04-24 08:06:29,023 [INFO] i64
2025-04-24 08:06:29,023 [INFO] i8
2025-04-24 08:06:29,023 [INFO] isize
2025-04-24 08:06:29,024 [INFO] and 5 others
2025-04-24 08:06:29,024 [INFO] note: required by a bound in `VaListImpl::<'f>::arg`
2025-04-24 08:06:29,025 [INFO] --> /home/c2rust/.rustup/toolchains/nightly-2022-08-08-x86_64-unknown-linux-gnu/lib/rustlib/src/rust/library/core/src/ffi/mod.rs:510:26
2025-04-24 08:06:29,025 [INFO] |
2025-04-24 08:06:29,025 [INFO] 510 |     pub unsafe fn arg<T: sealed_trait::VaArgSafe>(&mut self) -> T {
2025-04-24 08:06:29,025 [INFO] |                          ^^^^^^^^^^^^^^^^^^^^^^^ required by this bound in `VaListImpl::<'f>::arg`
2025-04-24 08:06:29,026 [INFO] 
2025-04-24 08:06:29,079 [INFO] error[E0277]: the trait bound `f128::f128: core::ffi::sealed_trait::VaArgSafe` is not satisfied
2025-04-24 08:06:29,080 [INFO] --> pth_string.rs:348:43
2025-04-24 08:06:29,080 [INFO] |
2025-04-24 08:06:29,080 [INFO] 348 | ...                   fvalue = args.arg::<f128::f128>();
2025-04-24 08:06:29,080 [INFO] |                                     ^^^ the trait `core::ffi::sealed_trait::VaArgSafe` is not implemented for `f128::f128`
2025-04-24 08:06:29,081 [INFO] |
2025-04-24 08:06:29,081 [INFO] = help: the following other types implement trait `core::ffi::sealed_trait::VaArgSafe`:
2025-04-24 08:06:29,081 [INFO] *const T
2025-04-24 08:06:29,081 [INFO] *mut T
2025-04-24 08:06:29,082 [INFO] f64
2025-04-24 08:06:29,082 [INFO] i16
2025-04-24 08:06:29,082 [INFO] i32
2025-04-24 08:06:29,082 [INFO] i64
2025-04-24 08:06:29,083 [INFO] i8
2025-04-24 08:06:29,083 [INFO] isize
2025-04-24 08:06:29,083 [INFO] and 5 others
2025-04-24 08:06:29,083 [INFO] note: required by a bound in `VaListImpl::<'f>::arg`
2025-04-24 08:06:29,084 [INFO] --> /home/c2rust/.rustup/toolchains/nightly-2022-08-08-x86_64-unknown-linux-gnu/lib/rustlib/src/rust/library/core/src/ffi/mod.rs:510:26
2025-04-24 08:06:29,084 [INFO] |
2025-04-24 08:06:29,084 [INFO] 510 |     pub unsafe fn arg<T: sealed_trait::VaArgSafe>(&mut self) -> T {
2025-04-24 08:06:29,085 [INFO] |                          ^^^^^^^^^^^^^^^^^^^^^^^ required by this bound in `VaListImpl::<'f>::arg`
2025-04-24 08:06:29,085 [INFO] 
2025-04-24 08:06:29,085 [INFO] error[E0277]: the trait bound `f128::f128: core::ffi::sealed_trait::VaArgSafe` is not satisfied
2025-04-24 08:06:29,085 [INFO] --> pth_string.rs:473:43
2025-04-24 08:06:29,086 [INFO] |
2025-04-24 08:06:29,086 [INFO] 473 | ...                   fvalue = args.arg::<f128::f128>();
2025-04-24 08:06:29,087 [INFO] |                                     ^^^ the trait `core::ffi::sealed_trait::VaArgSafe` is not implemented for `f128::f128`
2025-04-24 08:06:29,087 [INFO] |
2025-04-24 08:06:29,087 [INFO] = help: the following other types implement trait `core::ffi::sealed_trait::VaArgSafe`:
2025-04-24 08:06:29,087 [INFO] *const T
2025-04-24 08:06:29,087 [INFO] *mut T
2025-04-24 08:06:29,088 [INFO] f64
2025-04-24 08:06:29,088 [INFO] i16
2025-04-24 08:06:29,088 [INFO] i32
2025-04-24 08:06:29,089 [INFO] i64
2025-04-24 08:06:29,089 [INFO] i8
2025-04-24 08:06:29,090 [INFO] isize
2025-04-24 08:06:29,091 [INFO] and 5 others
2025-04-24 08:06:29,091 [INFO] note: required by a bound in `VaListImpl::<'f>::arg`
2025-04-24 08:06:29,091 [INFO] --> /home/c2rust/.rustup/toolchains/nightly-2022-08-08-x86_64-unknown-linux-gnu/lib/rustlib/src/rust/library/core/src/ffi/mod.rs:510:26
2025-04-24 08:06:29,092 [INFO] |
2025-04-24 08:06:29,092 [INFO] 510 |     pub unsafe fn arg<T: sealed_trait::VaArgSafe>(&mut self) -> T {
2025-04-24 08:06:29,092 [INFO] |                          ^^^^^^^^^^^^^^^^^^^^^^^ required by this bound in `VaListImpl::<'f>::arg`
2025-04-24 08:06:29,093 [INFO] 
2025-04-24 08:06:29,093 [INFO] error[E0277]: the trait bound `f128::f128: core::ffi::sealed_trait::VaArgSafe` is not satisfied
2025-04-24 08:06:29,093 [INFO] --> pth_string.rs:480:43
2025-04-24 08:06:29,093 [INFO] |
2025-04-24 08:06:29,093 [INFO] 480 | ...                   fvalue = args.arg::<f128::f128>();
2025-04-24 08:06:29,094 [INFO] |                                     ^^^ the trait `core::ffi::sealed_trait::VaArgSafe` is not implemented for `f128::f128`
2025-04-24 08:06:29,094 [INFO] |
2025-04-24 08:06:29,094 [INFO] = help: the following other types implement trait `core::ffi::sealed_trait::VaArgSafe`:
2025-04-24 08:06:29,094 [INFO] *const T
2025-04-24 08:06:29,094 [INFO] *mut T
2025-04-24 08:06:29,095 [INFO] f64
2025-04-24 08:06:29,096 [INFO] i16
2025-04-24 08:06:29,096 [INFO] i32
2025-04-24 08:06:29,096 [INFO] i64
2025-04-24 08:06:29,096 [INFO] i8
2025-04-24 08:06:29,097 [INFO] isize
2025-04-24 08:06:29,097 [INFO] and 5 others
2025-04-24 08:06:29,098 [INFO] note: required by a bound in `VaListImpl::<'f>::arg`
2025-04-24 08:06:29,098 [INFO] --> /home/c2rust/.rustup/toolchains/nightly-2022-08-08-x86_64-unknown-linux-gnu/lib/rustlib/src/rust/library/core/src/ffi/mod.rs:510:26
2025-04-24 08:06:29,098 [INFO] |
2025-04-24 08:06:29,098 [INFO] 510 |     pub unsafe fn arg<T: sealed_trait::VaArgSafe>(&mut self) -> T {
2025-04-24 08:06:29,099 [INFO] |                          ^^^^^^^^^^^^^^^^^^^^^^^ required by this bound in `VaListImpl::<'f>::arg`
2025-04-24 08:06:29,099 [INFO] 
2025-04-24 08:06:29,148 [INFO] For more information about this error, try `rustc --explain E0277`.
2025-04-24 08:06:29,155 [INFO] warning: `c2rust_out` (lib) generated 18 warnings
2025-04-24 08:06:29,155 [INFO] error: could not compile `c2rust_out` due to 5 previous errors; 18 warnings emitted
2025-04-24 08:06:29,156 [ERROR] cargo build failed with code 101
2025-05-04 20:44:09,157 [INFO] Running: c2rust transpile -e compile_commands.json
2025-05-04 20:44:13,483 [INFO] c2rust transpile succeeded
2025-05-04 20:44:13,484 [INFO] Running: cargo build
2025-05-04 20:44:13,773 [INFO] Compiling c2rust_out v0.0.0 (/home/c2rust/Desktop/c_prog/pth-2.0.7)
2025-05-04 20:44:14,428 [INFO] warning: unused `#[macro_use]` import
2025-05-04 20:44:14,429 [INFO] --> c2rust-lib.rs:12:1
2025-05-04 20:44:14,429 [INFO] |
2025-05-04 20:44:14,429 [INFO] 12 | #[macro_use]
2025-05-04 20:44:14,429 [INFO] | ^^^^^^^^^^^^
2025-05-04 20:44:14,429 [INFO] |
2025-05-04 20:44:14,429 [INFO] = note: `#[warn(unused_imports)]` on by default
2025-05-04 20:44:14,429 [INFO] 
2025-05-04 20:44:14,429 [INFO] warning: unused `#[macro_use]` import
2025-05-04 20:44:14,429 [INFO] --> c2rust-lib.rs:14:19
2025-05-04 20:44:14,430 [INFO] |
2025-05-04 20:44:14,430 [INFO] 14 | extern crate f128;#[macro_use]
2025-05-04 20:44:14,430 [INFO] |                   ^^^^^^^^^^^^
2025-05-04 20:44:14,430 [INFO] 
2025-05-04 20:44:14,431 [INFO] warning: unnecessary parentheses around assigned value
2025-05-04 20:44:14,432 [INFO] --> test_httpd.rs:370:21
2025-05-04 20:44:14,432 [INFO] |
2025-05-04 20:44:14,432 [INFO] 370 |         .sin_port = ({
2025-05-04 20:44:14,432 [INFO] |                     ^
2025-05-04 20:44:14,433 [INFO] ...
2025-05-04 20:44:14,433 [INFO] 389 |     });
2025-05-04 20:44:14,433 [INFO] |      ^
2025-05-04 20:44:14,433 [INFO] |
2025-05-04 20:44:14,433 [INFO] = note: `#[warn(unused_parens)]` on by default
2025-05-04 20:44:14,434 [INFO] help: remove these parentheses
2025-05-04 20:44:14,434 [INFO] |
2025-05-04 20:44:14,434 [INFO] 370 ~         .sin_port = {
2025-05-04 20:44:14,434 [INFO] 371 |         let mut __v: libc::c_ushort = 0;
2025-05-04 20:44:14,434 [INFO] ...
2025-05-04 20:44:14,434 [INFO] 388 |         __v
2025-05-04 20:44:14,435 [INFO] 389 ~     };
2025-05-04 20:44:14,435 [INFO] |
2025-05-04 20:44:14,435 [INFO] 
2025-05-04 20:44:14,506 [INFO] warning: the feature `asm` has been stable since 1.59.0 and no longer requires an attribute to enable
2025-05-04 20:44:14,507 [INFO] --> c2rust-lib.rs:8:12
2025-05-04 20:44:14,507 [INFO] |
2025-05-04 20:44:14,507 [INFO] 8 | #![feature(asm)]
2025-05-04 20:44:14,507 [INFO] |            ^^^
2025-05-04 20:44:14,507 [INFO] |
2025-05-04 20:44:14,507 [INFO] = note: `#[warn(stable_features)]` on by default
2025-05-04 20:44:14,507 [INFO] 
2025-05-04 20:44:14,659 [INFO] error[E0277]: the trait bound `pth_event::timeval: core::ffi::sealed_trait::VaArgSafe` is not satisfied
2025-05-04 20:44:14,659 [INFO] --> pth_event.rs:379:37
2025-05-04 20:44:14,659 [INFO] |
2025-05-04 20:44:14,659 [INFO] 379 |         let mut tv: pth_time_t = ap.arg::<pth_time_t>();
2025-05-04 20:44:14,659 [INFO] |                                     ^^^ the trait `core::ffi::sealed_trait::VaArgSafe` is not implemented for `pth_event::timeval`
2025-05-04 20:44:14,660 [INFO] |
2025-05-04 20:44:14,660 [INFO] = help: the following other types implement trait `core::ffi::sealed_trait::VaArgSafe`:
2025-05-04 20:44:14,660 [INFO] *const T
2025-05-04 20:44:14,660 [INFO] *mut T
2025-05-04 20:44:14,660 [INFO] f64
2025-05-04 20:44:14,660 [INFO] i16
2025-05-04 20:44:14,660 [INFO] i32
2025-05-04 20:44:14,660 [INFO] i64
2025-05-04 20:44:14,660 [INFO] i8
2025-05-04 20:44:14,660 [INFO] isize
2025-05-04 20:44:14,660 [INFO] and 5 others
2025-05-04 20:44:14,661 [INFO] note: required by a bound in `VaListImpl::<'f>::arg`
2025-05-04 20:44:14,661 [INFO] --> /home/c2rust/.rustup/toolchains/nightly-2022-08-08-x86_64-unknown-linux-gnu/lib/rustlib/src/rust/library/core/src/ffi/mod.rs:510:26
2025-05-04 20:44:14,661 [INFO] |
2025-05-04 20:44:14,661 [INFO] 510 |     pub unsafe fn arg<T: sealed_trait::VaArgSafe>(&mut self) -> T {
2025-05-04 20:44:14,661 [INFO] |                          ^^^^^^^^^^^^^^^^^^^^^^^ required by this bound in `VaListImpl::<'f>::arg`
2025-05-04 20:44:14,661 [INFO] 
2025-05-04 20:44:14,661 [INFO] error[E0277]: the trait bound `pth_event::timeval: core::ffi::sealed_trait::VaArgSafe` is not satisfied
2025-05-04 20:44:14,661 [INFO] --> pth_event.rs:438:36
2025-05-04 20:44:14,661 [INFO] |
2025-05-04 20:44:14,661 [INFO] 438 |         (*ev).ev_args.FUNC.tv = ap.arg::<pth_time_t>();
2025-05-04 20:44:14,662 [INFO] |                                    ^^^ the trait `core::ffi::sealed_trait::VaArgSafe` is not implemented for `pth_event::timeval`
2025-05-04 20:44:14,662 [INFO] |
2025-05-04 20:44:14,662 [INFO] = help: the following other types implement trait `core::ffi::sealed_trait::VaArgSafe`:
2025-05-04 20:44:14,662 [INFO] *const T
2025-05-04 20:44:14,662 [INFO] *mut T
2025-05-04 20:44:14,662 [INFO] f64
2025-05-04 20:44:14,663 [INFO] i16
2025-05-04 20:44:14,663 [INFO] i32
2025-05-04 20:44:14,663 [INFO] i64
2025-05-04 20:44:14,663 [INFO] i8
2025-05-04 20:44:14,664 [INFO] isize
2025-05-04 20:44:14,664 [INFO] and 5 others
2025-05-04 20:44:14,664 [INFO] note: required by a bound in `VaListImpl::<'f>::arg`
2025-05-04 20:44:14,664 [INFO] --> /home/c2rust/.rustup/toolchains/nightly-2022-08-08-x86_64-unknown-linux-gnu/lib/rustlib/src/rust/library/core/src/ffi/mod.rs:510:26
2025-05-04 20:44:14,664 [INFO] |
2025-05-04 20:44:14,664 [INFO] 510 |     pub unsafe fn arg<T: sealed_trait::VaArgSafe>(&mut self) -> T {
2025-05-04 20:44:14,665 [INFO] |                          ^^^^^^^^^^^^^^^^^^^^^^^ required by this bound in `VaListImpl::<'f>::arg`
2025-05-04 20:44:14,665 [INFO] 
2025-05-04 20:44:14,727 [INFO] error[E0277]: the trait bound `f128::f128: core::ffi::sealed_trait::VaArgSafe` is not satisfied
2025-05-04 20:44:14,727 [INFO] --> pth_string.rs:244:43
2025-05-04 20:44:14,727 [INFO] |
2025-05-04 20:44:14,727 [INFO] 244 | ...                   fvalue = args.arg::<f128::f128>();
2025-05-04 20:44:14,727 [INFO] |                                     ^^^ the trait `core::ffi::sealed_trait::VaArgSafe` is not implemented for `f128::f128`
2025-05-04 20:44:14,728 [INFO] |
2025-05-04 20:44:14,728 [INFO] = help: the following other types implement trait `core::ffi::sealed_trait::VaArgSafe`:
2025-05-04 20:44:14,728 [INFO] *const T
2025-05-04 20:44:14,728 [INFO] *mut T
2025-05-04 20:44:14,728 [INFO] f64
2025-05-04 20:44:14,728 [INFO] i16
2025-05-04 20:44:14,728 [INFO] i32
2025-05-04 20:44:14,728 [INFO] i64
2025-05-04 20:44:14,729 [INFO] i8
2025-05-04 20:44:14,729 [INFO] isize
2025-05-04 20:44:14,729 [INFO] and 5 others
2025-05-04 20:44:14,729 [INFO] note: required by a bound in `VaListImpl::<'f>::arg`
2025-05-04 20:44:14,729 [INFO] --> /home/c2rust/.rustup/toolchains/nightly-2022-08-08-x86_64-unknown-linux-gnu/lib/rustlib/src/rust/library/core/src/ffi/mod.rs:510:26
2025-05-04 20:44:14,729 [INFO] |
2025-05-04 20:44:14,729 [INFO] 510 |     pub unsafe fn arg<T: sealed_trait::VaArgSafe>(&mut self) -> T {
2025-05-04 20:44:14,730 [INFO] |                          ^^^^^^^^^^^^^^^^^^^^^^^ required by this bound in `VaListImpl::<'f>::arg`
2025-05-04 20:44:14,730 [INFO] 
2025-05-04 20:44:14,730 [INFO] error[E0277]: the trait bound `f128::f128: core::ffi::sealed_trait::VaArgSafe` is not satisfied
2025-05-04 20:44:14,730 [INFO] --> pth_string.rs:369:43
2025-05-04 20:44:14,730 [INFO] |
2025-05-04 20:44:14,730 [INFO] 369 | ...                   fvalue = args.arg::<f128::f128>();
2025-05-04 20:44:14,730 [INFO] |                                     ^^^ the trait `core::ffi::sealed_trait::VaArgSafe` is not implemented for `f128::f128`
2025-05-04 20:44:14,731 [INFO] |
2025-05-04 20:44:14,731 [INFO] = help: the following other types implement trait `core::ffi::sealed_trait::VaArgSafe`:
2025-05-04 20:44:14,731 [INFO] *const T
2025-05-04 20:44:14,732 [INFO] *mut T
2025-05-04 20:44:14,732 [INFO] f64
2025-05-04 20:44:14,732 [INFO] i16
2025-05-04 20:44:14,732 [INFO] i32
2025-05-04 20:44:14,732 [INFO] i64
2025-05-04 20:44:14,733 [INFO] i8
2025-05-04 20:44:14,733 [INFO] isize
2025-05-04 20:44:14,733 [INFO] and 5 others
2025-05-04 20:44:14,733 [INFO] note: required by a bound in `VaListImpl::<'f>::arg`
2025-05-04 20:44:14,733 [INFO] --> /home/c2rust/.rustup/toolchains/nightly-2022-08-08-x86_64-unknown-linux-gnu/lib/rustlib/src/rust/library/core/src/ffi/mod.rs:510:26
2025-05-04 20:44:14,733 [INFO] |
2025-05-04 20:44:14,734 [INFO] 510 |     pub unsafe fn arg<T: sealed_trait::VaArgSafe>(&mut self) -> T {
2025-05-04 20:44:14,734 [INFO] |                          ^^^^^^^^^^^^^^^^^^^^^^^ required by this bound in `VaListImpl::<'f>::arg`
2025-05-04 20:44:14,734 [INFO] 
2025-05-04 20:44:14,734 [INFO] error[E0277]: the trait bound `f128::f128: core::ffi::sealed_trait::VaArgSafe` is not satisfied
2025-05-04 20:44:14,734 [INFO] --> pth_string.rs:376:43
2025-05-04 20:44:14,735 [INFO] |
2025-05-04 20:44:14,735 [INFO] 376 | ...                   fvalue = args.arg::<f128::f128>();
2025-05-04 20:44:14,735 [INFO] |                                     ^^^ the trait `core::ffi::sealed_trait::VaArgSafe` is not implemented for `f128::f128`
2025-05-04 20:44:14,735 [INFO] |
2025-05-04 20:44:14,736 [INFO] = help: the following other types implement trait `core::ffi::sealed_trait::VaArgSafe`:
2025-05-04 20:44:14,736 [INFO] *const T
2025-05-04 20:44:14,736 [INFO] *mut T
2025-05-04 20:44:14,736 [INFO] f64
2025-05-04 20:44:14,737 [INFO] i16
2025-05-04 20:44:14,738 [INFO] i32
2025-05-04 20:44:14,739 [INFO] i64
2025-05-04 20:44:14,739 [INFO] i8
2025-05-04 20:44:14,739 [INFO] isize
2025-05-04 20:44:14,739 [INFO] and 5 others
2025-05-04 20:44:14,739 [INFO] note: required by a bound in `VaListImpl::<'f>::arg`
2025-05-04 20:44:14,740 [INFO] --> /home/c2rust/.rustup/toolchains/nightly-2022-08-08-x86_64-unknown-linux-gnu/lib/rustlib/src/rust/library/core/src/ffi/mod.rs:510:26
2025-05-04 20:44:14,740 [INFO] |
2025-05-04 20:44:14,740 [INFO] 510 |     pub unsafe fn arg<T: sealed_trait::VaArgSafe>(&mut self) -> T {
2025-05-04 20:44:14,741 [INFO] |                          ^^^^^^^^^^^^^^^^^^^^^^^ required by this bound in `VaListImpl::<'f>::arg`
2025-05-04 20:44:14,741 [INFO] 
2025-05-04 20:44:14,783 [INFO] For more information about this error, try `rustc --explain E0277`.
2025-05-04 20:44:14,789 [INFO] warning: `c2rust_out` (lib) generated 4 warnings
2025-05-04 20:44:14,790 [INFO] error: could not compile `c2rust_out` due to 5 previous errors; 4 warnings emitted
2025-05-04 20:44:14,792 [ERROR] cargo build failed with code 101
2025-05-04 20:44:14,801 [INFO] Running: cargo build
2025-05-04 20:44:15,040 [INFO] Compiling c2rust_out v0.0.0 (/home/c2rust/Desktop/c_prog/pth-2.0.7)
2025-05-04 20:44:15,394 [INFO] warning: unused `#[macro_use]` import
2025-05-04 20:44:15,394 [INFO] --> c2rust-lib.rs:12:1
2025-05-04 20:44:15,394 [INFO] |
2025-05-04 20:44:15,395 [INFO] 12 | #[macro_use]
2025-05-04 20:44:15,395 [INFO] | ^^^^^^^^^^^^
2025-05-04 20:44:15,395 [INFO] |
2025-05-04 20:44:15,395 [INFO] = note: `#[warn(unused_imports)]` on by default
2025-05-04 20:44:15,395 [INFO] 
2025-05-04 20:44:15,396 [INFO] warning: unused `#[macro_use]` import
2025-05-04 20:44:15,396 [INFO] --> c2rust-lib.rs:14:19
2025-05-04 20:44:15,396 [INFO] |
2025-05-04 20:44:15,396 [INFO] 14 | extern crate f128;#[macro_use]
2025-05-04 20:44:15,397 [INFO] |                   ^^^^^^^^^^^^
2025-05-04 20:44:15,397 [INFO] 
2025-05-04 20:44:15,402 [INFO] warning: unnecessary parentheses around assigned value
2025-05-04 20:44:15,403 [INFO] --> test_httpd.rs:530:20
2025-05-04 20:44:15,403 [INFO] |
2025-05-04 20:44:15,403 [INFO] 530 |     sar.sin_port = ({
2025-05-04 20:44:15,403 [INFO] |                    ^
2025-05-04 20:44:15,403 [INFO] ...
2025-05-04 20:44:15,403 [INFO] 548 |     });
2025-05-04 20:44:15,404 [INFO] |      ^
2025-05-04 20:44:15,404 [INFO] |
2025-05-04 20:44:15,404 [INFO] = note: `#[warn(unused_parens)]` on by default
2025-05-04 20:44:15,404 [INFO] help: remove these parentheses
2025-05-04 20:44:15,404 [INFO] |
2025-05-04 20:44:15,404 [INFO] 530 ~     sar.sin_port = {
2025-05-04 20:44:15,405 [INFO] 531 |         let mut __v: libc::c_ushort = 0;
2025-05-04 20:44:15,405 [INFO] ...
2025-05-04 20:44:15,405 [INFO] 547 |         __v
2025-05-04 20:44:15,405 [INFO] 548 ~     };
2025-05-04 20:44:15,405 [INFO] |
2025-05-04 20:44:15,405 [INFO] 
2025-05-04 20:44:15,477 [INFO] warning: crate-level attribute should be in the root module
2025-05-04 20:44:15,477 [INFO] --> pth_attr.rs:10:1
2025-05-04 20:44:15,477 [INFO] |
2025-05-04 20:44:15,478 [INFO] 10 | #![feature(c_variadic)]
2025-05-04 20:44:15,478 [INFO] | ^^^^^^^^^^^^^^^^^^^^^^^
2025-05-04 20:44:15,478 [INFO] |
2025-05-04 20:44:15,478 [INFO] = note: `#[warn(unused_attributes)]` on by default
2025-05-04 20:44:15,478 [INFO] 
2025-05-04 20:44:15,479 [INFO] warning: crate-level attribute should be in the root module
2025-05-04 20:44:15,479 [INFO] --> pth_debug.rs:10:1
2025-05-04 20:44:15,479 [INFO] |
2025-05-04 20:44:15,479 [INFO] 10 | #![feature(c_variadic)]
2025-05-04 20:44:15,479 [INFO] | ^^^^^^^^^^^^^^^^^^^^^^^
2025-05-04 20:44:15,480 [INFO] 
2025-05-04 20:44:15,480 [INFO] warning: crate-level attribute should be in the root module
2025-05-04 20:44:15,480 [INFO] --> pth_event.rs:10:1
2025-05-04 20:44:15,480 [INFO] |
2025-05-04 20:44:15,481 [INFO] 10 | #![feature(c_variadic)]
2025-05-04 20:44:15,481 [INFO] | ^^^^^^^^^^^^^^^^^^^^^^^
2025-05-04 20:44:15,481 [INFO] 
2025-05-04 20:44:15,481 [INFO] warning: crate-level attribute should be in the root module
2025-05-04 20:44:15,481 [INFO] --> pth_high.rs:10:1
2025-05-04 20:44:15,481 [INFO] |
2025-05-04 20:44:15,482 [INFO] 10 | #![feature(asm)]
2025-05-04 20:44:15,482 [INFO] | ^^^^^^^^^^^^^^^^
2025-05-04 20:44:15,482 [INFO] 
2025-05-04 20:44:15,482 [INFO] warning: crate-level attribute should be in the root module
2025-05-04 20:44:15,482 [INFO] --> pth_lib.rs:10:1
2025-05-04 20:44:15,483 [INFO] |
2025-05-04 20:44:15,483 [INFO] 10 | #![feature(c_variadic)]
2025-05-04 20:44:15,483 [INFO] | ^^^^^^^^^^^^^^^^^^^^^^^
2025-05-04 20:44:15,483 [INFO] 
2025-05-04 20:44:15,485 [INFO] warning: crate-level attribute should be in the root module
2025-05-04 20:44:15,485 [INFO] --> pth_sched.rs:10:1
2025-05-04 20:44:15,485 [INFO] |
2025-05-04 20:44:15,485 [INFO] 10 | #![feature(asm)]
2025-05-04 20:44:15,485 [INFO] | ^^^^^^^^^^^^^^^^
2025-05-04 20:44:15,485 [INFO] 
2025-05-04 20:44:15,485 [INFO] warning: crate-level attribute should be in the root module
2025-05-04 20:44:15,485 [INFO] --> pth_string.rs:10:1
2025-05-04 20:44:15,486 [INFO] |
2025-05-04 20:44:15,486 [INFO] 10 | #![feature(c_variadic)]
2025-05-04 20:44:15,487 [INFO] | ^^^^^^^^^^^^^^^^^^^^^^^
2025-05-04 20:44:15,487 [INFO] 
2025-05-04 20:44:15,487 [INFO] warning: crate-level attribute should be in the root module
2025-05-04 20:44:15,487 [INFO] --> test_httpd.rs:10:1
2025-05-04 20:44:15,488 [INFO] |
2025-05-04 20:44:15,488 [INFO] 10 | #![feature(asm, extern_types)]
2025-05-04 20:44:15,488 [INFO] | ^^^^^^^^^^^^^^^^^^^^^^^^^^^^^^
2025-05-04 20:44:15,488 [INFO] 
2025-05-04 20:44:15,488 [INFO] warning: crate-level attribute should be in the root module
2025-05-04 20:44:15,488 [INFO] --> test_misc.rs:10:1
2025-05-04 20:44:15,488 [INFO] |
2025-05-04 20:44:15,489 [INFO] 10 | #![feature(extern_types)]
2025-05-04 20:44:15,489 [INFO] | ^^^^^^^^^^^^^^^^^^^^^^^^^
2025-05-04 20:44:15,489 [INFO] 
2025-05-04 20:44:15,489 [INFO] warning: crate-level attribute should be in the root module
2025-05-04 20:44:15,490 [INFO] --> test_mp.rs:10:1
2025-05-04 20:44:15,490 [INFO] |
2025-05-04 20:44:15,490 [INFO] 10 | #![feature(extern_types)]
2025-05-04 20:44:15,490 [INFO] | ^^^^^^^^^^^^^^^^^^^^^^^^^
2025-05-04 20:44:15,490 [INFO] 
2025-05-04 20:44:15,490 [INFO] warning: crate-level attribute should be in the root module
2025-05-04 20:44:15,491 [INFO] --> test_philo.rs:10:1
2025-05-04 20:44:15,491 [INFO] |
2025-05-04 20:44:15,491 [INFO] 10 | #![feature(extern_types)]
2025-05-04 20:44:15,492 [INFO] | ^^^^^^^^^^^^^^^^^^^^^^^^^
2025-05-04 20:44:15,492 [INFO] 
2025-05-04 20:44:15,492 [INFO] warning: crate-level attribute should be in the root module
2025-05-04 20:44:15,492 [INFO] --> test_select.rs:10:1
2025-05-04 20:44:15,492 [INFO] |
2025-05-04 20:44:15,493 [INFO] 10 | #![feature(asm, extern_types)]
2025-05-04 20:44:15,493 [INFO] | ^^^^^^^^^^^^^^^^^^^^^^^^^^^^^^
2025-05-04 20:44:15,493 [INFO] 
2025-05-04 20:44:15,493 [INFO] warning: crate-level attribute should be in the root module
2025-05-04 20:44:15,493 [INFO] --> test_sig.rs:10:1
2025-05-04 20:44:15,493 [INFO] |
2025-05-04 20:44:15,493 [INFO] 10 | #![feature(extern_types)]
2025-05-04 20:44:15,495 [INFO] | ^^^^^^^^^^^^^^^^^^^^^^^^^
2025-05-04 20:44:15,495 [INFO] 
2025-05-04 20:44:15,495 [INFO] warning: crate-level attribute should be in the root module
2025-05-04 20:44:15,495 [INFO] --> test_std.rs:10:1
2025-05-04 20:44:15,495 [INFO] |
2025-05-04 20:44:15,495 [INFO] 10 | #![feature(extern_types)]
2025-05-04 20:44:15,495 [INFO] | ^^^^^^^^^^^^^^^^^^^^^^^^^
2025-05-04 20:44:15,495 [INFO] 
2025-05-04 20:44:15,530 [INFO] warning: the feature `asm` has been stable since 1.59.0 and no longer requires an attribute to enable
2025-05-04 20:44:15,530 [INFO] --> c2rust-lib.rs:8:12
2025-05-04 20:44:15,531 [INFO] |
2025-05-04 20:44:15,531 [INFO] 8 | #![feature(asm)]
2025-05-04 20:44:15,531 [INFO] |            ^^^
2025-05-04 20:44:15,531 [INFO] |
2025-05-04 20:44:15,531 [INFO] = note: `#[warn(stable_features)]` on by default
2025-05-04 20:44:15,531 [INFO] 
2025-05-04 20:44:15,772 [INFO] error[E0277]: the trait bound `pth_event::timeval: core::ffi::sealed_trait::VaArgSafe` is not satisfied
2025-05-04 20:44:15,772 [INFO] --> pth_event.rs:602:37
2025-05-04 20:44:15,772 [INFO] |
2025-05-04 20:44:15,772 [INFO] 602 |         let mut tv: pth_time_t = ap.arg::<pth_time_t>();
2025-05-04 20:44:15,772 [INFO] |                                     ^^^ the trait `core::ffi::sealed_trait::VaArgSafe` is not implemented for `pth_event::timeval`
2025-05-04 20:44:15,773 [INFO] |
2025-05-04 20:44:15,773 [INFO] = help: the following other types implement trait `core::ffi::sealed_trait::VaArgSafe`:
2025-05-04 20:44:15,773 [INFO] *const T
2025-05-04 20:44:15,773 [INFO] *mut T
2025-05-04 20:44:15,773 [INFO] f64
2025-05-04 20:44:15,773 [INFO] i16
2025-05-04 20:44:15,773 [INFO] i32
2025-05-04 20:44:15,773 [INFO] i64
2025-05-04 20:44:15,774 [INFO] i8
2025-05-04 20:44:15,774 [INFO] isize
2025-05-04 20:44:15,774 [INFO] and 5 others
2025-05-04 20:44:15,774 [INFO] note: required by a bound in `VaListImpl::<'f>::arg`
2025-05-04 20:44:15,774 [INFO] --> /home/c2rust/.rustup/toolchains/nightly-2022-08-08-x86_64-unknown-linux-gnu/lib/rustlib/src/rust/library/core/src/ffi/mod.rs:510:26
2025-05-04 20:44:15,774 [INFO] |
2025-05-04 20:44:15,775 [INFO] 510 |     pub unsafe fn arg<T: sealed_trait::VaArgSafe>(&mut self) -> T {
2025-05-04 20:44:15,775 [INFO] |                          ^^^^^^^^^^^^^^^^^^^^^^^ required by this bound in `VaListImpl::<'f>::arg`
2025-05-04 20:44:15,775 [INFO] 
2025-05-04 20:44:15,776 [INFO] error[E0277]: the trait bound `pth_event::timeval: core::ffi::sealed_trait::VaArgSafe` is not satisfied
2025-05-04 20:44:15,776 [INFO] --> pth_event.rs:645:36
2025-05-04 20:44:15,776 [INFO] |
2025-05-04 20:44:15,776 [INFO] 645 |         (*ev).ev_args.FUNC.tv = ap.arg::<pth_time_t>();
2025-05-04 20:44:15,779 [INFO] |                                    ^^^ the trait `core::ffi::sealed_trait::VaArgSafe` is not implemented for `pth_event::timeval`
2025-05-04 20:44:15,779 [INFO] |
2025-05-04 20:44:15,780 [INFO] = help: the following other types implement trait `core::ffi::sealed_trait::VaArgSafe`:
2025-05-04 20:44:15,780 [INFO] *const T
2025-05-04 20:44:15,780 [INFO] *mut T
2025-05-04 20:44:15,780 [INFO] f64
2025-05-04 20:44:15,780 [INFO] i16
2025-05-04 20:44:15,780 [INFO] i32
2025-05-04 20:44:15,780 [INFO] i64
2025-05-04 20:44:15,781 [INFO] i8
2025-05-04 20:44:15,781 [INFO] isize
2025-05-04 20:44:15,781 [INFO] and 5 others
2025-05-04 20:44:15,782 [INFO] note: required by a bound in `VaListImpl::<'f>::arg`
2025-05-04 20:44:15,782 [INFO] --> /home/c2rust/.rustup/toolchains/nightly-2022-08-08-x86_64-unknown-linux-gnu/lib/rustlib/src/rust/library/core/src/ffi/mod.rs:510:26
2025-05-04 20:44:15,782 [INFO] |
2025-05-04 20:44:15,782 [INFO] 510 |     pub unsafe fn arg<T: sealed_trait::VaArgSafe>(&mut self) -> T {
2025-05-04 20:44:15,782 [INFO] |                          ^^^^^^^^^^^^^^^^^^^^^^^ required by this bound in `VaListImpl::<'f>::arg`
2025-05-04 20:44:15,782 [INFO] 
2025-05-04 20:44:15,850 [INFO] error[E0277]: the trait bound `f128::f128: core::ffi::sealed_trait::VaArgSafe` is not satisfied
2025-05-04 20:44:15,850 [INFO] --> pth_string.rs:345:43
2025-05-04 20:44:15,850 [INFO] |
2025-05-04 20:44:15,851 [INFO] 345 | ...                   fvalue = args.arg::<f128::f128>();
2025-05-04 20:44:15,851 [INFO] |                                     ^^^ the trait `core::ffi::sealed_trait::VaArgSafe` is not implemented for `f128::f128`
2025-05-04 20:44:15,851 [INFO] |
2025-05-04 20:44:15,851 [INFO] = help: the following other types implement trait `core::ffi::sealed_trait::VaArgSafe`:
2025-05-04 20:44:15,851 [INFO] *const T
2025-05-04 20:44:15,851 [INFO] *mut T
2025-05-04 20:44:15,851 [INFO] f64
2025-05-04 20:44:15,851 [INFO] i16
2025-05-04 20:44:15,852 [INFO] i32
2025-05-04 20:44:15,852 [INFO] i64
2025-05-04 20:44:15,852 [INFO] i8
2025-05-04 20:44:15,852 [INFO] isize
2025-05-04 20:44:15,852 [INFO] and 5 others
2025-05-04 20:44:15,852 [INFO] note: required by a bound in `VaListImpl::<'f>::arg`
2025-05-04 20:44:15,852 [INFO] --> /home/c2rust/.rustup/toolchains/nightly-2022-08-08-x86_64-unknown-linux-gnu/lib/rustlib/src/rust/library/core/src/ffi/mod.rs:510:26
2025-05-04 20:44:15,852 [INFO] |
2025-05-04 20:44:15,852 [INFO] 510 |     pub unsafe fn arg<T: sealed_trait::VaArgSafe>(&mut self) -> T {
2025-05-04 20:44:15,852 [INFO] |                          ^^^^^^^^^^^^^^^^^^^^^^^ required by this bound in `VaListImpl::<'f>::arg`
2025-05-04 20:44:15,853 [INFO] 
2025-05-04 20:44:15,853 [INFO] error[E0277]: the trait bound `f128::f128: core::ffi::sealed_trait::VaArgSafe` is not satisfied
2025-05-04 20:44:15,853 [INFO] --> pth_string.rs:465:43
2025-05-04 20:44:15,853 [INFO] |
2025-05-04 20:44:15,853 [INFO] 465 | ...                   fvalue = args.arg::<f128::f128>();
2025-05-04 20:44:15,853 [INFO] |                                     ^^^ the trait `core::ffi::sealed_trait::VaArgSafe` is not implemented for `f128::f128`
2025-05-04 20:44:15,854 [INFO] |
2025-05-04 20:44:15,854 [INFO] = help: the following other types implement trait `core::ffi::sealed_trait::VaArgSafe`:
2025-05-04 20:44:15,854 [INFO] *const T
2025-05-04 20:44:15,854 [INFO] *mut T
2025-05-04 20:44:15,854 [INFO] f64
2025-05-04 20:44:15,854 [INFO] i16
2025-05-04 20:44:15,854 [INFO] i32
2025-05-04 20:44:15,854 [INFO] i64
2025-05-04 20:44:15,854 [INFO] i8
2025-05-04 20:44:15,854 [INFO] isize
2025-05-04 20:44:15,854 [INFO] and 5 others
2025-05-04 20:44:15,855 [INFO] note: required by a bound in `VaListImpl::<'f>::arg`
2025-05-04 20:44:15,855 [INFO] --> /home/c2rust/.rustup/toolchains/nightly-2022-08-08-x86_64-unknown-linux-gnu/lib/rustlib/src/rust/library/core/src/ffi/mod.rs:510:26
2025-05-04 20:44:15,855 [INFO] |
2025-05-04 20:44:15,855 [INFO] 510 |     pub unsafe fn arg<T: sealed_trait::VaArgSafe>(&mut self) -> T {
2025-05-04 20:44:15,856 [INFO] |                          ^^^^^^^^^^^^^^^^^^^^^^^ required by this bound in `VaListImpl::<'f>::arg`
2025-05-04 20:44:15,856 [INFO] 
2025-05-04 20:44:15,856 [INFO] error[E0277]: the trait bound `f128::f128: core::ffi::sealed_trait::VaArgSafe` is not satisfied
2025-05-04 20:44:15,856 [INFO] --> pth_string.rs:472:43
2025-05-04 20:44:15,856 [INFO] |
2025-05-04 20:44:15,857 [INFO] 472 | ...                   fvalue = args.arg::<f128::f128>();
2025-05-04 20:44:15,857 [INFO] |                                     ^^^ the trait `core::ffi::sealed_trait::VaArgSafe` is not implemented for `f128::f128`
2025-05-04 20:44:15,857 [INFO] |
2025-05-04 20:44:15,857 [INFO] = help: the following other types implement trait `core::ffi::sealed_trait::VaArgSafe`:
2025-05-04 20:44:15,857 [INFO] *const T
2025-05-04 20:44:15,857 [INFO] *mut T
2025-05-04 20:44:15,857 [INFO] f64
2025-05-04 20:44:15,857 [INFO] i16
2025-05-04 20:44:15,858 [INFO] i32
2025-05-04 20:44:15,858 [INFO] i64
2025-05-04 20:44:15,858 [INFO] i8
2025-05-04 20:44:15,858 [INFO] isize
2025-05-04 20:44:15,858 [INFO] and 5 others
2025-05-04 20:44:15,858 [INFO] note: required by a bound in `VaListImpl::<'f>::arg`
2025-05-04 20:44:15,858 [INFO] --> /home/c2rust/.rustup/toolchains/nightly-2022-08-08-x86_64-unknown-linux-gnu/lib/rustlib/src/rust/library/core/src/ffi/mod.rs:510:26
2025-05-04 20:44:15,858 [INFO] |
2025-05-04 20:44:15,858 [INFO] 510 |     pub unsafe fn arg<T: sealed_trait::VaArgSafe>(&mut self) -> T {
2025-05-04 20:44:15,858 [INFO] |                          ^^^^^^^^^^^^^^^^^^^^^^^ required by this bound in `VaListImpl::<'f>::arg`
2025-05-04 20:44:15,858 [INFO] 
2025-05-04 20:44:15,926 [INFO] For more information about this error, try `rustc --explain E0277`.
2025-05-04 20:44:15,932 [INFO] warning: `c2rust_out` (lib) generated 18 warnings
2025-05-04 20:44:15,933 [INFO] error: could not compile `c2rust_out` due to 5 previous errors; 18 warnings emitted
2025-05-04 20:44:15,935 [ERROR] cargo build failed with code 101
