2025-05-04 05:15:22,332 [INFO] Running: c2rust transpile -e compile_commands.json
2025-05-04 05:15:23,064 [INFO] c2rust transpile succeeded
2025-05-04 05:15:23,065 [INFO] Running: cargo build
2025-05-04 05:15:23,425 [INFO] Compiling libc v0.2.171
2025-05-04 05:15:23,432 [INFO] Compiling c2rust_out v0.0.0 (/home/c2rust/Desktop/c_prog/binn)
2025-05-04 05:15:25,894 [INFO] warning: unused variable: `byte`
2025-05-04 05:15:25,895 [INFO] --> src/binn.rs:1223:13
2025-05-04 05:15:25,895 [INFO] |
2025-05-04 05:15:25,895 [INFO] 1223 |     let mut byte: libc::c_uchar = 0;
2025-05-04 05:15:25,895 [INFO] |             ^^^^ help: if this is intentional, prefix it with an underscore: `_byte`
2025-05-04 05:15:25,895 [INFO] |
2025-05-04 05:15:25,895 [INFO] = note: `#[warn(unused_variables)]` on by default
2025-05-04 05:15:25,895 [INFO] 
2025-05-04 05:15:25,895 [INFO] warning: unused variable: `f1`
2025-05-04 05:15:25,895 [INFO] --> src/binn.rs:2528:13
2025-05-04 05:15:25,895 [INFO] |
2025-05-04 05:15:25,895 [INFO] 2528 |     let mut f1: libc::c_float = 0.;
2025-05-04 05:15:25,895 [INFO] |             ^^ help: if this is intentional, prefix it with an underscore: `_f1`
2025-05-04 05:15:25,895 [INFO] 
2025-05-04 05:15:25,896 [INFO] warning: unused variable: `d1`
2025-05-04 05:15:25,896 [INFO] --> src/binn.rs:2529:13
2025-05-04 05:15:25,896 [INFO] |
2025-05-04 05:15:25,896 [INFO] 2529 |     let mut d1: libc::c_double = 0.;
2025-05-04 05:15:25,896 [INFO] |             ^^ help: if this is intentional, prefix it with an underscore: `_d1`
2025-05-04 05:15:25,896 [INFO] 
2025-05-04 05:15:25,896 [INFO] warning: unused variable: `pstr`
2025-05-04 05:15:25,896 [INFO] --> src/binn.rs:2530:13
2025-05-04 05:15:25,897 [INFO] |
2025-05-04 05:15:25,897 [INFO] 2530 |     let mut pstr: [libc::c_char; 128] = [0; 128];
2025-05-04 05:15:25,897 [INFO] |             ^^^^ help: if this is intentional, prefix it with an underscore: `_pstr`
2025-05-04 05:15:25,897 [INFO] 
2025-05-04 05:15:25,897 [INFO] warning: unused variable: `dest_type`
2025-05-04 05:15:25,897 [INFO] --> src/binn.rs:2726:9
2025-05-04 05:15:25,897 [INFO] |
2025-05-04 05:15:25,898 [INFO] 2726 |     mut dest_type: libc::c_int,
2025-05-04 05:15:25,898 [INFO] |         ^^^^^^^^^ help: if this is intentional, prefix it with an underscore: `_dest_type`
2025-05-04 05:15:25,898 [INFO] 
2025-05-04 05:15:25,912 [INFO] warning: path statement with no effect
2025-05-04 05:15:25,912 [INFO] --> src/binn.rs:168:9
2025-05-04 05:15:25,912 [INFO] |
2025-05-04 05:15:25,913 [INFO] 168 |         i;
2025-05-04 05:15:25,913 [INFO] |         ^^
2025-05-04 05:15:25,913 [INFO] |
2025-05-04 05:15:25,913 [INFO] = note: `#[warn(path_statements)]` on by default
2025-05-04 05:15:25,913 [INFO] 
2025-05-04 05:15:25,914 [INFO] warning: path statement with no effect
2025-05-04 05:15:25,914 [INFO] --> src/binn.rs:591:5
2025-05-04 05:15:25,914 [INFO] |
2025-05-04 05:15:25,914 [INFO] 591 |     p;
2025-05-04 05:15:25,914 [INFO] |     ^^
2025-05-04 05:15:25,915 [INFO] 
2025-05-04 05:15:25,915 [INFO] warning: path statement with no effect
2025-05-04 05:15:25,915 [INFO] --> src/binn.rs:595:9
2025-05-04 05:15:25,915 [INFO] |
2025-05-04 05:15:25,915 [INFO] 595 |         p;
2025-05-04 05:15:25,915 [INFO] |         ^^
2025-05-04 05:15:25,915 [INFO] 
2025-05-04 05:15:25,915 [INFO] warning: path statement with no effect
2025-05-04 05:15:25,916 [INFO] --> src/binn.rs:601:13
2025-05-04 05:15:25,916 [INFO] |
2025-05-04 05:15:25,916 [INFO] 601 |             p;
2025-05-04 05:15:25,916 [INFO] |             ^^
2025-05-04 05:15:25,916 [INFO] 
2025-05-04 05:15:25,916 [INFO] warning: path statement with no effect
2025-05-04 05:15:25,916 [INFO] --> src/binn.rs:634:17
2025-05-04 05:15:25,916 [INFO] |
2025-05-04 05:15:25,917 [INFO] 634 |                 p;
2025-05-04 05:15:25,917 [INFO] |                 ^^
2025-05-04 05:15:25,917 [INFO] 
2025-05-04 05:15:25,917 [INFO] warning: path statement with no effect
2025-05-04 05:15:25,918 [INFO] --> src/binn.rs:639:17
2025-05-04 05:15:25,918 [INFO] |
2025-05-04 05:15:25,918 [INFO] 639 |                 p;
2025-05-04 05:15:25,918 [INFO] |                 ^^
2025-05-04 05:15:25,918 [INFO] 
2025-05-04 05:15:25,919 [INFO] warning: path statement with no effect
2025-05-04 05:15:25,919 [INFO] --> src/binn.rs:663:13
2025-05-04 05:15:25,919 [INFO] |
2025-05-04 05:15:25,920 [INFO] 663 |             DataSize;
2025-05-04 05:15:25,921 [INFO] |             ^^^^^^^^^
2025-05-04 05:15:25,921 [INFO] 
2025-05-04 05:15:25,921 [INFO] warning: path statement with no effect
2025-05-04 05:15:25,921 [INFO] --> src/binn.rs:765:9
2025-05-04 05:15:25,921 [INFO] |
2025-05-04 05:15:25,922 [INFO] 765 |         i;
2025-05-04 05:15:25,922 [INFO] |         ^^
2025-05-04 05:15:25,922 [INFO] 
2025-05-04 05:15:25,922 [INFO] warning: path statement with no effect
2025-05-04 05:15:25,922 [INFO] --> src/binn.rs:792:9
2025-05-04 05:15:25,923 [INFO] |
2025-05-04 05:15:25,923 [INFO] 792 |         p;
2025-05-04 05:15:25,923 [INFO] |         ^^
2025-05-04 05:15:25,923 [INFO] 
2025-05-04 05:15:25,923 [INFO] warning: path statement with no effect
2025-05-04 05:15:25,924 [INFO] --> src/binn.rs:814:9
2025-05-04 05:15:25,925 [INFO] |
2025-05-04 05:15:25,925 [INFO] 814 |         i;
2025-05-04 05:15:25,925 [INFO] |         ^^
2025-05-04 05:15:25,926 [INFO] 
2025-05-04 05:15:25,926 [INFO] warning: path statement with no effect
2025-05-04 05:15:25,926 [INFO] --> src/binn.rs:875:5
2025-05-04 05:15:25,927 [INFO] |
2025-05-04 05:15:25,929 [INFO] 875 |     p;
2025-05-04 05:15:25,929 [INFO] |     ^^
2025-05-04 05:15:25,929 [INFO] 
2025-05-04 05:15:25,930 [INFO] warning: path statement with no effect
2025-05-04 05:15:25,930 [INFO] --> src/binn.rs:878:5
2025-05-04 05:15:25,930 [INFO] |
2025-05-04 05:15:25,930 [INFO] 878 |     int32;
2025-05-04 05:15:25,930 [INFO] |     ^^^^^^
2025-05-04 05:15:25,930 [INFO] 
2025-05-04 05:15:25,931 [INFO] warning: path statement with no effect
2025-05-04 05:15:25,931 [INFO] --> src/binn.rs:1168:13
2025-05-04 05:15:25,931 [INFO] |
2025-05-04 05:15:25,931 [INFO] 1168 |             p;
2025-05-04 05:15:25,931 [INFO] |             ^^
2025-05-04 05:15:25,931 [INFO] 
2025-05-04 05:15:25,931 [INFO] warning: path statement with no effect
2025-05-04 05:15:25,931 [INFO] --> src/binn.rs:1200:17
2025-05-04 05:15:25,932 [INFO] |
2025-05-04 05:15:25,932 [INFO] 1200 |                 p;
2025-05-04 05:15:25,932 [INFO] |                 ^^
2025-05-04 05:15:25,932 [INFO] 
2025-05-04 05:15:25,933 [INFO] warning: path statement with no effect
2025-05-04 05:15:25,934 [INFO] --> src/binn.rs:1209:17
2025-05-04 05:15:25,934 [INFO] |
2025-05-04 05:15:25,936 [INFO] 1209 |                 size;
2025-05-04 05:15:25,937 [INFO] |                 ^^^^^
2025-05-04 05:15:25,937 [INFO] 
2025-05-04 05:15:25,937 [INFO] warning: path statement with no effect
2025-05-04 05:15:25,938 [INFO] --> src/binn.rs:1240:9
2025-05-04 05:15:25,938 [INFO] |
2025-05-04 05:15:25,938 [INFO] 1240 |         p;
2025-05-04 05:15:25,938 [INFO] |         ^^
2025-05-04 05:15:25,939 [INFO] 
2025-05-04 05:15:25,939 [INFO] warning: path statement with no effect
2025-05-04 05:15:25,939 [INFO] --> src/binn.rs:1250:9
2025-05-04 05:15:25,939 [INFO] |
2025-05-04 05:15:25,939 [INFO] 1250 |         p;
2025-05-04 05:15:25,940 [INFO] |         ^^
2025-05-04 05:15:25,940 [INFO] 
2025-05-04 05:15:25,941 [INFO] warning: path statement with no effect
2025-05-04 05:15:25,941 [INFO] --> src/binn.rs:1254:5
2025-05-04 05:15:25,941 [INFO] |
2025-05-04 05:15:25,942 [INFO] 1254 |     p;
2025-05-04 05:15:25,942 [INFO] |     ^^
2025-05-04 05:15:25,942 [INFO] 
2025-05-04 05:15:25,942 [INFO] warning: path statement with no effect
2025-05-04 05:15:25,943 [INFO] --> src/binn.rs:1332:5
2025-05-04 05:15:25,943 [INFO] |
2025-05-04 05:15:25,943 [INFO] 1332 |     p;
2025-05-04 05:15:25,943 [INFO] |     ^^
2025-05-04 05:15:25,944 [INFO] 
2025-05-04 05:15:25,944 [INFO] warning: path statement with no effect
2025-05-04 05:15:25,944 [INFO] --> src/binn.rs:1361:9
2025-05-04 05:15:25,944 [INFO] |
2025-05-04 05:15:25,944 [INFO] 1361 |         p;
2025-05-04 05:15:25,945 [INFO] |         ^^
2025-05-04 05:15:25,945 [INFO] 
2025-05-04 05:15:25,946 [INFO] warning: path statement with no effect
2025-05-04 05:15:25,946 [INFO] --> src/binn.rs:1381:9
2025-05-04 05:15:25,946 [INFO] |
2025-05-04 05:15:25,947 [INFO] 1381 |         p;
2025-05-04 05:15:25,948 [INFO] |         ^^
2025-05-04 05:15:25,948 [INFO] 
2025-05-04 05:15:25,948 [INFO] warning: path statement with no effect
2025-05-04 05:15:25,949 [INFO] --> src/binn.rs:1559:17
2025-05-04 05:15:25,949 [INFO] |
2025-05-04 05:15:25,949 [INFO] 1559 |                 p;
2025-05-04 05:15:25,949 [INFO] |                 ^^
2025-05-04 05:15:25,949 [INFO] 
2025-05-04 05:15:25,950 [INFO] warning: path statement with no effect
2025-05-04 05:15:25,950 [INFO] --> src/binn.rs:1597:9
2025-05-04 05:15:25,951 [INFO] |
2025-05-04 05:15:25,951 [INFO] 1597 |         i;
2025-05-04 05:15:25,951 [INFO] |         ^^
2025-05-04 05:15:25,951 [INFO] 
2025-05-04 05:15:25,952 [INFO] warning: path statement with no effect
2025-05-04 05:15:25,952 [INFO] --> src/binn.rs:1685:5
2025-05-04 05:15:25,952 [INFO] |
2025-05-04 05:15:25,952 [INFO] 1685 |     p;
2025-05-04 05:15:25,953 [INFO] |     ^^
2025-05-04 05:15:25,953 [INFO] 
2025-05-04 05:15:25,953 [INFO] warning: path statement with no effect
2025-05-04 05:15:25,953 [INFO] --> src/binn.rs:1694:9
2025-05-04 05:15:25,954 [INFO] |
2025-05-04 05:15:25,954 [INFO] 1694 |         p;
2025-05-04 05:15:25,954 [INFO] |         ^^
2025-05-04 05:15:25,954 [INFO] 
2025-05-04 05:15:25,954 [INFO] warning: path statement with no effect
2025-05-04 05:15:25,954 [INFO] --> src/binn.rs:1762:17
2025-05-04 05:15:25,955 [INFO] |
2025-05-04 05:15:25,955 [INFO] 1762 |                 p;
2025-05-04 05:15:25,955 [INFO] |                 ^^
2025-05-04 05:15:25,956 [INFO] 
2025-05-04 05:15:25,956 [INFO] warning: path statement with no effect
2025-05-04 05:15:25,956 [INFO] --> src/binn.rs:1945:5
2025-05-04 05:15:25,956 [INFO] |
2025-05-04 05:15:25,956 [INFO] 1945 |     pos;
2025-05-04 05:15:25,957 [INFO] |     ^^^^
2025-05-04 05:15:25,957 [INFO] 
2025-05-04 05:15:25,957 [INFO] warning: path statement with no effect
2025-05-04 05:15:25,957 [INFO] --> src/binn.rs:1957:9
2025-05-04 05:15:25,958 [INFO] |
2025-05-04 05:15:25,958 [INFO] 1957 |         i;
2025-05-04 05:15:25,958 [INFO] |         ^^
2025-05-04 05:15:25,959 [INFO] 
2025-05-04 05:15:25,959 [INFO] warning: path statement with no effect
2025-05-04 05:15:25,959 [INFO] --> src/binn.rs:2015:17
2025-05-04 05:15:25,959 [INFO] |
2025-05-04 05:15:25,959 [INFO] 2015 |                 p;
2025-05-04 05:15:25,959 [INFO] |                 ^^
2025-05-04 05:15:25,960 [INFO] 
2025-05-04 05:15:25,960 [INFO] warning: path statement with no effect
2025-05-04 05:15:25,960 [INFO] --> src/binn.rs:2028:9
2025-05-04 05:15:25,961 [INFO] |
2025-05-04 05:15:25,962 [INFO] 2028 |         counter;
2025-05-04 05:15:25,962 [INFO] |         ^^^^^^^^
2025-05-04 05:15:25,962 [INFO] 
2025-05-04 05:15:25,962 [INFO] warning: path statement with no effect
2025-05-04 05:15:25,962 [INFO] --> src/binn.rs:2038:9
2025-05-04 05:15:25,963 [INFO] |
2025-05-04 05:15:25,963 [INFO] 2038 |         i;
2025-05-04 05:15:25,963 [INFO] |         ^^
2025-05-04 05:15:25,964 [INFO] 
2025-05-04 05:15:25,964 [INFO] warning: path statement with no effect
2025-05-04 05:15:25,964 [INFO] --> src/binn.rs:2302:13
2025-05-04 05:15:25,964 [INFO] |
2025-05-04 05:15:25,965 [INFO] 2302 |             p;
2025-05-04 05:15:25,966 [INFO] |             ^^
2025-05-04 05:15:25,966 [INFO] 
2025-05-04 05:15:25,966 [INFO] warning: path statement with no effect
2025-05-04 05:15:25,967 [INFO] --> src/binn.rs:3992:25
2025-05-04 05:15:25,967 [INFO] |
2025-05-04 05:15:25,967 [INFO] 3992 |                         size;
2025-05-04 05:15:25,968 [INFO] |                         ^^^^^
2025-05-04 05:15:25,968 [INFO] 
2025-05-04 05:15:25,969 [INFO] warning: path statement with no effect
2025-05-04 05:15:25,970 [INFO] --> src/binn.rs:4072:9
2025-05-04 05:15:25,970 [INFO] |
2025-05-04 05:15:25,970 [INFO] 4072 |         str;
2025-05-04 05:15:25,974 [INFO] |         ^^^^
2025-05-04 05:15:25,974 [INFO] 
2025-05-04 05:15:25,974 [INFO] warning: path statement with no effect
2025-05-04 05:15:25,974 [INFO] --> src/binn.rs:4079:9
2025-05-04 05:15:25,974 [INFO] |
2025-05-04 05:15:25,975 [INFO] 4079 |         str;
2025-05-04 05:15:25,975 [INFO] |         ^^^^
2025-05-04 05:15:25,976 [INFO] 
2025-05-04 05:15:25,976 [INFO] warning: path statement with no effect
2025-05-04 05:15:25,976 [INFO] --> src/binn.rs:4093:9
2025-05-04 05:15:25,977 [INFO] |
2025-05-04 05:15:25,977 [INFO] 4093 |         p;
2025-05-04 05:15:25,977 [INFO] |         ^^
2025-05-04 05:15:25,977 [INFO] 
2025-05-04 05:15:25,977 [INFO] warning: path statement with no effect
2025-05-04 05:15:25,978 [INFO] --> src/binn.rs:4104:9
2025-05-04 05:15:25,978 [INFO] |
2025-05-04 05:15:25,979 [INFO] 4104 |         p;
2025-05-04 05:15:25,979 [INFO] |         ^^
2025-05-04 05:15:25,979 [INFO] 
2025-05-04 05:15:25,980 [INFO] warning: path statement with no effect
2025-05-04 05:15:25,980 [INFO] --> src/binn.rs:4116:9
2025-05-04 05:15:25,980 [INFO] |
2025-05-04 05:15:25,980 [INFO] 4116 |         p;
2025-05-04 05:15:25,980 [INFO] |         ^^
2025-05-04 05:15:25,981 [INFO] 
2025-05-04 05:15:25,981 [INFO] warning: path statement with no effect
2025-05-04 05:15:25,982 [INFO] --> src/binn.rs:4133:9
2025-05-04 05:15:25,982 [INFO] |
2025-05-04 05:15:25,982 [INFO] 4133 |         p;
2025-05-04 05:15:25,982 [INFO] |         ^^
2025-05-04 05:15:25,982 [INFO] 
2025-05-04 05:15:26,092 [INFO] warning: `c2rust_out` (lib) generated 44 warnings
2025-05-04 05:15:26,093 [INFO] Finished dev [unoptimized + debuginfo] target(s) in 2.71s
2025-05-04 05:15:26,095 [INFO] Running: cargo build
2025-05-04 05:15:26,346 [INFO] Compiling c2rust_out v0.0.0 (/home/c2rust/Desktop/c_prog/binn)
2025-05-04 05:15:26,598 [INFO] warning: unused variable: `byte`
2025-05-04 05:15:26,599 [INFO] --> src/binn.rs:1223:13
2025-05-04 05:15:26,599 [INFO] |
2025-05-04 05:15:26,599 [INFO] 1223 |     let mut byte: libc::c_uchar = 0;
2025-05-04 05:15:26,599 [INFO] |             ^^^^ help: if this is intentional, prefix it with an underscore: `_byte`
2025-05-04 05:15:26,599 [INFO] |
2025-05-04 05:15:26,599 [INFO] = note: `#[warn(unused_variables)]` on by default
2025-05-04 05:15:26,600 [INFO] 
2025-05-04 05:15:26,600 [INFO] warning: unused variable: `f1`
2025-05-04 05:15:26,600 [INFO] --> src/binn.rs:2528:13
2025-05-04 05:15:26,600 [INFO] |
2025-05-04 05:15:26,600 [INFO] 2528 |     let mut f1: libc::c_float = 0.;
2025-05-04 05:15:26,600 [INFO] |             ^^ help: if this is intentional, prefix it with an underscore: `_f1`
2025-05-04 05:15:26,600 [INFO] 
2025-05-04 05:15:26,601 [INFO] warning: unused variable: `d1`
2025-05-04 05:15:26,601 [INFO] --> src/binn.rs:2529:13
2025-05-04 05:15:26,601 [INFO] |
2025-05-04 05:15:26,601 [INFO] 2529 |     let mut d1: libc::c_double = 0.;
2025-05-04 05:15:26,601 [INFO] |             ^^ help: if this is intentional, prefix it with an underscore: `_d1`
2025-05-04 05:15:26,601 [INFO] 
2025-05-04 05:15:26,602 [INFO] warning: unused variable: `pstr`
2025-05-04 05:15:26,602 [INFO] --> src/binn.rs:2530:13
2025-05-04 05:15:26,602 [INFO] |
2025-05-04 05:15:26,602 [INFO] 2530 |     let mut pstr: [libc::c_char; 128] = [0; 128];
2025-05-04 05:15:26,602 [INFO] |             ^^^^ help: if this is intentional, prefix it with an underscore: `_pstr`
2025-05-04 05:15:26,602 [INFO] 
2025-05-04 05:15:26,602 [INFO] warning: unused variable: `dest_type`
2025-05-04 05:15:26,603 [INFO] --> src/binn.rs:2726:9
2025-05-04 05:15:26,603 [INFO] |
2025-05-04 05:15:26,603 [INFO] 2726 |     mut dest_type: libc::c_int,
2025-05-04 05:15:26,603 [INFO] |         ^^^^^^^^^ help: if this is intentional, prefix it with an underscore: `_dest_type`
2025-05-04 05:15:26,603 [INFO] 
2025-05-04 05:15:26,611 [INFO] warning: path statement with no effect
2025-05-04 05:15:26,612 [INFO] --> src/binn.rs:168:9
2025-05-04 05:15:26,612 [INFO] |
2025-05-04 05:15:26,613 [INFO] 168 |         i;
2025-05-04 05:15:26,614 [INFO] |         ^^
2025-05-04 05:15:26,614 [INFO] |
2025-05-04 05:15:26,615 [INFO] = note: `#[warn(path_statements)]` on by default
2025-05-04 05:15:26,615 [INFO] 
2025-05-04 05:15:26,615 [INFO] warning: path statement with no effect
2025-05-04 05:15:26,616 [INFO] --> src/binn.rs:591:5
2025-05-04 05:15:26,616 [INFO] |
2025-05-04 05:15:26,616 [INFO] 591 |     p;
2025-05-04 05:15:26,616 [INFO] |     ^^
2025-05-04 05:15:26,617 [INFO] 
2025-05-04 05:15:26,617 [INFO] warning: path statement with no effect
2025-05-04 05:15:26,617 [INFO] --> src/binn.rs:595:9
2025-05-04 05:15:26,617 [INFO] |
2025-05-04 05:15:26,618 [INFO] 595 |         p;
2025-05-04 05:15:26,618 [INFO] |         ^^
2025-05-04 05:15:26,618 [INFO] 
2025-05-04 05:15:26,618 [INFO] warning: path statement with no effect
2025-05-04 05:15:26,618 [INFO] --> src/binn.rs:601:13
2025-05-04 05:15:26,619 [INFO] |
2025-05-04 05:15:26,619 [INFO] 601 |             p;
2025-05-04 05:15:26,619 [INFO] |             ^^
2025-05-04 05:15:26,619 [INFO] 
2025-05-04 05:15:26,619 [INFO] warning: path statement with no effect
2025-05-04 05:15:26,619 [INFO] --> src/binn.rs:634:17
2025-05-04 05:15:26,619 [INFO] |
2025-05-04 05:15:26,619 [INFO] 634 |                 p;
2025-05-04 05:15:26,620 [INFO] |                 ^^
2025-05-04 05:15:26,620 [INFO] 
2025-05-04 05:15:26,620 [INFO] warning: path statement with no effect
2025-05-04 05:15:26,620 [INFO] --> src/binn.rs:639:17
2025-05-04 05:15:26,620 [INFO] |
2025-05-04 05:15:26,620 [INFO] 639 |                 p;
2025-05-04 05:15:26,620 [INFO] |                 ^^
2025-05-04 05:15:26,621 [INFO] 
2025-05-04 05:15:26,621 [INFO] warning: path statement with no effect
2025-05-04 05:15:26,621 [INFO] --> src/binn.rs:663:13
2025-05-04 05:15:26,622 [INFO] |
2025-05-04 05:15:26,622 [INFO] 663 |             DataSize;
2025-05-04 05:15:26,622 [INFO] |             ^^^^^^^^^
2025-05-04 05:15:26,623 [INFO] 
2025-05-04 05:15:26,623 [INFO] warning: path statement with no effect
2025-05-04 05:15:26,623 [INFO] --> src/binn.rs:765:9
2025-05-04 05:15:26,624 [INFO] |
2025-05-04 05:15:26,624 [INFO] 765 |         i;
2025-05-04 05:15:26,624 [INFO] |         ^^
2025-05-04 05:15:26,624 [INFO] 
2025-05-04 05:15:26,624 [INFO] warning: path statement with no effect
2025-05-04 05:15:26,625 [INFO] --> src/binn.rs:792:9
2025-05-04 05:15:26,625 [INFO] |
2025-05-04 05:15:26,625 [INFO] 792 |         p;
2025-05-04 05:15:26,625 [INFO] |         ^^
2025-05-04 05:15:26,625 [INFO] 
2025-05-04 05:15:26,626 [INFO] warning: path statement with no effect
2025-05-04 05:15:26,626 [INFO] --> src/binn.rs:814:9
2025-05-04 05:15:26,626 [INFO] |
2025-05-04 05:15:26,626 [INFO] 814 |         i;
2025-05-04 05:15:26,626 [INFO] |         ^^
2025-05-04 05:15:26,627 [INFO] 
2025-05-04 05:15:26,627 [INFO] warning: path statement with no effect
2025-05-04 05:15:26,627 [INFO] --> src/binn.rs:875:5
2025-05-04 05:15:26,627 [INFO] |
2025-05-04 05:15:26,627 [INFO] 875 |     p;
2025-05-04 05:15:26,628 [INFO] |     ^^
2025-05-04 05:15:26,628 [INFO] 
2025-05-04 05:15:26,628 [INFO] warning: path statement with no effect
2025-05-04 05:15:26,628 [INFO] --> src/binn.rs:878:5
2025-05-04 05:15:26,629 [INFO] |
2025-05-04 05:15:26,629 [INFO] 878 |     int32;
2025-05-04 05:15:26,629 [INFO] |     ^^^^^^
2025-05-04 05:15:26,629 [INFO] 
2025-05-04 05:15:26,629 [INFO] warning: path statement with no effect
2025-05-04 05:15:26,630 [INFO] --> src/binn.rs:1168:13
2025-05-04 05:15:26,630 [INFO] |
2025-05-04 05:15:26,631 [INFO] 1168 |             p;
2025-05-04 05:15:26,631 [INFO] |             ^^
2025-05-04 05:15:26,632 [INFO] 
2025-05-04 05:15:26,632 [INFO] warning: path statement with no effect
2025-05-04 05:15:26,632 [INFO] --> src/binn.rs:1200:17
2025-05-04 05:15:26,632 [INFO] |
2025-05-04 05:15:26,632 [INFO] 1200 |                 p;
2025-05-04 05:15:26,632 [INFO] |                 ^^
2025-05-04 05:15:26,633 [INFO] 
2025-05-04 05:15:26,633 [INFO] warning: path statement with no effect
2025-05-04 05:15:26,633 [INFO] --> src/binn.rs:1209:17
2025-05-04 05:15:26,634 [INFO] |
2025-05-04 05:15:26,634 [INFO] 1209 |                 size;
2025-05-04 05:15:26,634 [INFO] |                 ^^^^^
2025-05-04 05:15:26,634 [INFO] 
2025-05-04 05:15:26,634 [INFO] warning: path statement with no effect
2025-05-04 05:15:26,635 [INFO] --> src/binn.rs:1240:9
2025-05-04 05:15:26,635 [INFO] |
2025-05-04 05:15:26,636 [INFO] 1240 |         p;
2025-05-04 05:15:26,636 [INFO] |         ^^
2025-05-04 05:15:26,636 [INFO] 
2025-05-04 05:15:26,637 [INFO] warning: path statement with no effect
2025-05-04 05:15:26,637 [INFO] --> src/binn.rs:1250:9
2025-05-04 05:15:26,637 [INFO] |
2025-05-04 05:15:26,637 [INFO] 1250 |         p;
2025-05-04 05:15:26,637 [INFO] |         ^^
2025-05-04 05:15:26,638 [INFO] 
2025-05-04 05:15:26,638 [INFO] warning: path statement with no effect
2025-05-04 05:15:26,638 [INFO] --> src/binn.rs:1254:5
2025-05-04 05:15:26,639 [INFO] |
2025-05-04 05:15:26,639 [INFO] 1254 |     p;
2025-05-04 05:15:26,639 [INFO] |     ^^
2025-05-04 05:15:26,639 [INFO] 
2025-05-04 05:15:26,639 [INFO] warning: path statement with no effect
2025-05-04 05:15:26,639 [INFO] --> src/binn.rs:1332:5
2025-05-04 05:15:26,640 [INFO] |
2025-05-04 05:15:26,640 [INFO] 1332 |     p;
2025-05-04 05:15:26,640 [INFO] |     ^^
2025-05-04 05:15:26,640 [INFO] 
2025-05-04 05:15:26,640 [INFO] warning: path statement with no effect
2025-05-04 05:15:26,641 [INFO] --> src/binn.rs:1361:9
2025-05-04 05:15:26,644 [INFO] |
2025-05-04 05:15:26,644 [INFO] 1361 |         p;
2025-05-04 05:15:26,644 [INFO] |         ^^
2025-05-04 05:15:26,645 [INFO] 
2025-05-04 05:15:26,645 [INFO] warning: path statement with no effect
2025-05-04 05:15:26,645 [INFO] --> src/binn.rs:1381:9
2025-05-04 05:15:26,650 [INFO] |
2025-05-04 05:15:26,650 [INFO] 1381 |         p;
2025-05-04 05:15:26,650 [INFO] |         ^^
2025-05-04 05:15:26,650 [INFO] 
2025-05-04 05:15:26,651 [INFO] warning: path statement with no effect
2025-05-04 05:15:26,651 [INFO] --> src/binn.rs:1559:17
2025-05-04 05:15:26,652 [INFO] |
2025-05-04 05:15:26,652 [INFO] 1559 |                 p;
2025-05-04 05:15:26,652 [INFO] |                 ^^
2025-05-04 05:15:26,652 [INFO] 
2025-05-04 05:15:26,653 [INFO] warning: path statement with no effect
2025-05-04 05:15:26,653 [INFO] --> src/binn.rs:1597:9
2025-05-04 05:15:26,653 [INFO] |
2025-05-04 05:15:26,654 [INFO] 1597 |         i;
2025-05-04 05:15:26,654 [INFO] |         ^^
2025-05-04 05:15:26,654 [INFO] 
2025-05-04 05:15:26,654 [INFO] warning: path statement with no effect
2025-05-04 05:15:26,654 [INFO] --> src/binn.rs:1685:5
2025-05-04 05:15:26,660 [INFO] |
2025-05-04 05:15:26,660 [INFO] 1685 |     p;
2025-05-04 05:15:26,660 [INFO] |     ^^
2025-05-04 05:15:26,660 [INFO] 
2025-05-04 05:15:26,660 [INFO] warning: path statement with no effect
2025-05-04 05:15:26,660 [INFO] --> src/binn.rs:1694:9
2025-05-04 05:15:26,660 [INFO] |
2025-05-04 05:15:26,660 [INFO] 1694 |         p;
2025-05-04 05:15:26,660 [INFO] |         ^^
2025-05-04 05:15:26,660 [INFO] 
2025-05-04 05:15:26,660 [INFO] warning: path statement with no effect
2025-05-04 05:15:26,660 [INFO] --> src/binn.rs:1762:17
2025-05-04 05:15:26,661 [INFO] |
2025-05-04 05:15:26,663 [INFO] 1762 |                 p;
2025-05-04 05:15:26,663 [INFO] |                 ^^
2025-05-04 05:15:26,663 [INFO] 
2025-05-04 05:15:26,663 [INFO] warning: path statement with no effect
2025-05-04 05:15:26,663 [INFO] --> src/binn.rs:1945:5
2025-05-04 05:15:26,663 [INFO] |
2025-05-04 05:15:26,663 [INFO] 1945 |     pos;
2025-05-04 05:15:26,664 [INFO] |     ^^^^
2025-05-04 05:15:26,664 [INFO] 
2025-05-04 05:15:26,664 [INFO] warning: path statement with no effect
2025-05-04 05:15:26,664 [INFO] --> src/binn.rs:1957:9
2025-05-04 05:15:26,664 [INFO] |
2025-05-04 05:15:26,664 [INFO] 1957 |         i;
2025-05-04 05:15:26,664 [INFO] |         ^^
2025-05-04 05:15:26,664 [INFO] 
2025-05-04 05:15:26,664 [INFO] warning: path statement with no effect
2025-05-04 05:15:26,664 [INFO] --> src/binn.rs:2015:17
2025-05-04 05:15:26,664 [INFO] |
2025-05-04 05:15:26,664 [INFO] 2015 |                 p;
2025-05-04 05:15:26,664 [INFO] |                 ^^
2025-05-04 05:15:26,664 [INFO] 
2025-05-04 05:15:26,664 [INFO] warning: path statement with no effect
2025-05-04 05:15:26,664 [INFO] --> src/binn.rs:2028:9
2025-05-04 05:15:26,664 [INFO] |
2025-05-04 05:15:26,665 [INFO] 2028 |         counter;
2025-05-04 05:15:26,665 [INFO] |         ^^^^^^^^
2025-05-04 05:15:26,665 [INFO] 
2025-05-04 05:15:26,665 [INFO] warning: path statement with no effect
2025-05-04 05:15:26,665 [INFO] --> src/binn.rs:2038:9
2025-05-04 05:15:26,665 [INFO] |
2025-05-04 05:15:26,665 [INFO] 2038 |         i;
2025-05-04 05:15:26,665 [INFO] |         ^^
2025-05-04 05:15:26,665 [INFO] 
2025-05-04 05:15:26,666 [INFO] warning: path statement with no effect
2025-05-04 05:15:26,666 [INFO] --> src/binn.rs:2302:13
2025-05-04 05:15:26,666 [INFO] |
2025-05-04 05:15:26,666 [INFO] 2302 |             p;
2025-05-04 05:15:26,666 [INFO] |             ^^
2025-05-04 05:15:26,666 [INFO] 
2025-05-04 05:15:26,666 [INFO] warning: path statement with no effect
2025-05-04 05:15:26,666 [INFO] --> src/binn.rs:3992:25
2025-05-04 05:15:26,666 [INFO] |
2025-05-04 05:15:26,666 [INFO] 3992 |                         size;
2025-05-04 05:15:26,666 [INFO] |                         ^^^^^
2025-05-04 05:15:26,666 [INFO] 
2025-05-04 05:15:26,666 [INFO] warning: path statement with no effect
2025-05-04 05:15:26,666 [INFO] --> src/binn.rs:4072:9
2025-05-04 05:15:26,667 [INFO] |
2025-05-04 05:15:26,667 [INFO] 4072 |         str;
2025-05-04 05:15:26,667 [INFO] |         ^^^^
2025-05-04 05:15:26,667 [INFO] 
2025-05-04 05:15:26,667 [INFO] warning: path statement with no effect
2025-05-04 05:15:26,667 [INFO] --> src/binn.rs:4079:9
2025-05-04 05:15:26,667 [INFO] |
2025-05-04 05:15:26,667 [INFO] 4079 |         str;
2025-05-04 05:15:26,667 [INFO] |         ^^^^
2025-05-04 05:15:26,667 [INFO] 
2025-05-04 05:15:26,667 [INFO] warning: path statement with no effect
2025-05-04 05:15:26,667 [INFO] --> src/binn.rs:4093:9
2025-05-04 05:15:26,667 [INFO] |
2025-05-04 05:15:26,667 [INFO] 4093 |         p;
2025-05-04 05:15:26,668 [INFO] |         ^^
2025-05-04 05:15:26,668 [INFO] 
2025-05-04 05:15:26,668 [INFO] warning: path statement with no effect
2025-05-04 05:15:26,668 [INFO] --> src/binn.rs:4104:9
2025-05-04 05:15:26,668 [INFO] |
2025-05-04 05:15:26,668 [INFO] 4104 |         p;
2025-05-04 05:15:26,668 [INFO] |         ^^
2025-05-04 05:15:26,668 [INFO] 
2025-05-04 05:15:26,668 [INFO] warning: path statement with no effect
2025-05-04 05:15:26,668 [INFO] --> src/binn.rs:4116:9
2025-05-04 05:15:26,668 [INFO] |
2025-05-04 05:15:26,669 [INFO] 4116 |         p;
2025-05-04 05:15:26,669 [INFO] |         ^^
2025-05-04 05:15:26,669 [INFO] 
2025-05-04 05:15:26,669 [INFO] warning: path statement with no effect
2025-05-04 05:15:26,673 [INFO] --> src/binn.rs:4133:9
2025-05-04 05:15:26,673 [INFO] |
2025-05-04 05:15:26,674 [INFO] 4133 |         p;
2025-05-04 05:15:26,675 [INFO] |         ^^
2025-05-04 05:15:26,675 [INFO] 
2025-05-04 05:15:26,716 [INFO] warning: `c2rust_out` (lib) generated 44 warnings
2025-05-04 05:15:26,717 [INFO] Finished dev [unoptimized + debuginfo] target(s) in 0.39s
